08:56:23.245 物流专线项目 [main] INFO  com.select.wuliu.WuliuApplication - Starting WuliuApplication on PS-02 with PID 5068 (started by Admin in D:\开发工具\tts9\tts9\workspace\wuliu)
08:56:23.250 物流专线项目 [main] INFO  com.select.wuliu.WuliuApplication - No active profile set, falling back to default profiles: default
08:56:25.003 物流专线项目 [main] INFO  o.s.d.r.c.RepositoryConfigurationDelegate - Multiple Spring Data modules found, entering strict repository configuration mode!
08:56:25.007 物流专线项目 [main] INFO  o.s.d.r.c.RepositoryConfigurationDelegate - Bootstrapping Spring Data repositories in DEFAULT mode.
08:56:25.107 物流专线项目 [main] INFO  o.s.d.r.c.RepositoryConfigurationDelegate - Finished Spring Data repository scanning in 60ms. Found 0 repository interfaces.
08:56:25.572 物流专线项目 [main] INFO  o.s.c.s.PostProcessorRegistrationDelegate$BeanPostProcessorChecker - Bean 'shiroConfiguration' of type [com.select.wuliu.shiro.ShiroConfiguration$$EnhancerBySpringCGLIB$$81a5d70e] is not eligible for getting processed by all BeanPostProcessors (for example: not eligible for auto-proxying)
08:56:25.586 物流专线项目 [main] INFO  o.s.c.s.PostProcessorRegistrationDelegate$BeanPostProcessorChecker - Bean 'redisConfig' of type [com.select.wuliu.redis.RedisConfig$$EnhancerBySpringCGLIB$$57a876c4] is not eligible for getting processed by all BeanPostProcessors (for example: not eligible for auto-proxying)
08:56:25.596 物流专线项目 [main] INFO  o.s.c.s.PostProcessorRegistrationDelegate$BeanPostProcessorChecker - Bean 'org.springframework.transaction.annotation.ProxyTransactionManagementConfiguration' of type [org.springframework.transaction.annotation.ProxyTransactionManagementConfiguration$$EnhancerBySpringCGLIB$$ccec808e] is not eligible for getting processed by all BeanPostProcessors (for example: not eligible for auto-proxying)
08:56:27.165 物流专线项目 [main] INFO  o.s.c.s.PostProcessorRegistrationDelegate$BeanPostProcessorChecker - Bean 'mybatis-org.mybatis.spring.boot.autoconfigure.MybatisProperties' of type [org.mybatis.spring.boot.autoconfigure.MybatisProperties] is not eligible for getting processed by all BeanPostProcessors (for example: not eligible for auto-proxying)
08:56:27.172 物流专线项目 [main] INFO  o.s.c.s.PostProcessorRegistrationDelegate$BeanPostProcessorChecker - Bean 'org.mybatis.spring.boot.autoconfigure.MybatisAutoConfiguration' of type [org.mybatis.spring.boot.autoconfigure.MybatisAutoConfiguration$$EnhancerBySpringCGLIB$$ffc0d1be] is not eligible for getting processed by all BeanPostProcessors (for example: not eligible for auto-proxying)
08:56:27.175 物流专线项目 [main] INFO  o.s.c.s.PostProcessorRegistrationDelegate$BeanPostProcessorChecker - Bean 'org.springframework.boot.autoconfigure.jdbc.DataSourceConfiguration$Hikari' of type [org.springframework.boot.autoconfigure.jdbc.DataSourceConfiguration$Hikari] is not eligible for getting processed by all BeanPostProcessors (for example: not eligible for auto-proxying)
08:56:27.189 物流专线项目 [main] INFO  o.s.c.s.PostProcessorRegistrationDelegate$BeanPostProcessorChecker - Bean 'spring.datasource-org.springframework.boot.autoconfigure.jdbc.DataSourceProperties' of type [org.springframework.boot.autoconfigure.jdbc.DataSourceProperties] is not eligible for getting processed by all BeanPostProcessors (for example: not eligible for auto-proxying)
08:56:27.251 物流专线项目 [main] INFO  o.s.c.s.PostProcessorRegistrationDelegate$BeanPostProcessorChecker - Bean 'dataSource' of type [com.zaxxer.hikari.HikariDataSource] is not eligible for getting processed by all BeanPostProcessors (for example: not eligible for auto-proxying)
08:56:27.324 物流专线项目 [main] INFO  o.s.c.s.PostProcessorRegistrationDelegate$BeanPostProcessorChecker - Bean 'org.springframework.boot.autoconfigure.jdbc.DataSourceInitializerInvoker' of type [org.springframework.boot.autoconfigure.jdbc.DataSourceInitializerInvoker] is not eligible for getting processed by all BeanPostProcessors (for example: not eligible for auto-proxying)
08:56:27.821 物流专线项目 [main] INFO  o.s.c.s.PostProcessorRegistrationDelegate$BeanPostProcessorChecker - Bean 'sqlSessionFactory' of type [org.apache.ibatis.session.defaults.DefaultSqlSessionFactory] is not eligible for getting processed by all BeanPostProcessors (for example: not eligible for auto-proxying)
08:56:27.830 物流专线项目 [main] INFO  o.s.c.s.PostProcessorRegistrationDelegate$BeanPostProcessorChecker - Bean 'sqlSessionTemplate' of type [org.mybatis.spring.SqlSessionTemplate] is not eligible for getting processed by all BeanPostProcessors (for example: not eligible for auto-proxying)
08:56:27.833 物流专线项目 [main] INFO  o.s.c.s.PostProcessorRegistrationDelegate$BeanPostProcessorChecker - Bean 'userMapper' of type [org.mybatis.spring.mapper.MapperFactoryBean] is not eligible for getting processed by all BeanPostProcessors (for example: not eligible for auto-proxying)
08:56:27.836 物流专线项目 [main] INFO  o.s.c.s.PostProcessorRegistrationDelegate$BeanPostProcessorChecker - Bean 'userMapper' of type [com.sun.proxy.$Proxy56] is not eligible for getting processed by all BeanPostProcessors (for example: not eligible for auto-proxying)
08:56:27.838 物流专线项目 [main] INFO  o.s.c.s.PostProcessorRegistrationDelegate$BeanPostProcessorChecker - Bean 'userServiceImp' of type [com.select.wuliu.service.impl.UserServiceImp] is not eligible for getting processed by all BeanPostProcessors (for example: not eligible for auto-proxying)
08:56:27.844 物流专线项目 [main] INFO  o.s.c.s.PostProcessorRegistrationDelegate$BeanPostProcessorChecker - Bean 'roleMapper' of type [org.mybatis.spring.mapper.MapperFactoryBean] is not eligible for getting processed by all BeanPostProcessors (for example: not eligible for auto-proxying)
08:56:27.845 物流专线项目 [main] INFO  o.s.c.s.PostProcessorRegistrationDelegate$BeanPostProcessorChecker - Bean 'roleMapper' of type [com.sun.proxy.$Proxy59] is not eligible for getting processed by all BeanPostProcessors (for example: not eligible for auto-proxying)
08:56:27.846 物流专线项目 [main] INFO  o.s.c.s.PostProcessorRegistrationDelegate$BeanPostProcessorChecker - Bean 'roleServiceImp' of type [com.select.wuliu.service.impl.RoleServiceImp] is not eligible for getting processed by all BeanPostProcessors (for example: not eligible for auto-proxying)
08:56:27.847 物流专线项目 [main] INFO  o.s.c.s.PostProcessorRegistrationDelegate$BeanPostProcessorChecker - Bean 'myShiroRealm' of type [com.select.wuliu.shiro.MyShiroRealm] is not eligible for getting processed by all BeanPostProcessors (for example: not eligible for auto-proxying)
08:56:27.854 物流专线项目 [main] INFO  o.s.c.s.PostProcessorRegistrationDelegate$BeanPostProcessorChecker - Bean 'rememberMeCookie' of type [org.apache.shiro.web.servlet.SimpleCookie] is not eligible for getting processed by all BeanPostProcessors (for example: not eligible for auto-proxying)
08:56:27.859 物流专线项目 [main] INFO  o.s.c.s.PostProcessorRegistrationDelegate$BeanPostProcessorChecker - Bean 'rememberMeManager' of type [org.apache.shiro.web.mgt.CookieRememberMeManager] is not eligible for getting processed by all BeanPostProcessors (for example: not eligible for auto-proxying)
08:56:27.861 物流专线项目 [main] INFO  o.s.c.s.PostProcessorRegistrationDelegate$BeanPostProcessorChecker - Bean 'securityManager' of type [org.apache.shiro.web.mgt.DefaultWebSecurityManager] is not eligible for getting processed by all BeanPostProcessors (for example: not eligible for auto-proxying)
08:56:27.868 物流专线项目 [main] INFO  c.s.wuliu.shiro.ShiroConfiguration - ---Shiro拦截器工厂类注入成功---
08:56:28.390 物流专线项目 [main] INFO  o.s.b.w.e.tomcat.TomcatWebServer - Tomcat initialized with port(s): 8080 (http)
08:56:28.417 物流专线项目 [main] INFO  o.a.coyote.http11.Http11NioProtocol - Initializing ProtocolHandler ["http-nio-8080"]
08:56:28.435 物流专线项目 [main] INFO  o.a.catalina.core.StandardService - Starting service [Tomcat]
08:56:28.436 物流专线项目 [main] INFO  o.a.catalina.core.StandardEngine - Starting Servlet engine: [Apache Tomcat/9.0.16]
08:56:28.452 物流专线项目 [main] INFO  o.a.c.core.AprLifecycleListener - An older version [1.2.14] of the APR based Apache Tomcat Native library is installed, while Tomcat recommends a minimum version of [1.2.21]
08:56:28.453 物流专线项目 [main] INFO  o.a.c.core.AprLifecycleListener - Loaded APR based Apache Tomcat Native library [1.2.14] using APR version [1.6.2].
08:56:28.453 物流专线项目 [main] INFO  o.a.c.core.AprLifecycleListener - APR capabilities: IPv6 [true], sendfile [true], accept filters [false], random [true].
08:56:28.453 物流专线项目 [main] INFO  o.a.c.core.AprLifecycleListener - APR/OpenSSL configuration: useAprConnector [false], useOpenSSL [true]
08:56:29.520 物流专线项目 [main] INFO  o.a.c.core.AprLifecycleListener - OpenSSL successfully initialized [OpenSSL 1.0.2l  25 May 2017]
08:56:29.739 物流专线项目 [main] INFO  o.a.c.c.C.[Tomcat].[localhost].[/] - Initializing Spring embedded WebApplicationContext
08:56:29.739 物流专线项目 [main] INFO  o.s.web.context.ContextLoader - Root WebApplicationContext: initialization completed in 6330 ms
08:56:30.668 物流专线项目 [main] INFO  o.s.s.c.ThreadPoolTaskScheduler - Initializing ExecutorService 'taskScheduler'
08:56:31.030 物流专线项目 [main] INFO  o.s.s.c.ThreadPoolTaskExecutor - Initializing ExecutorService 'applicationTaskExecutor'
08:56:31.250 物流专线项目 [main] INFO  com.select.wuliu.shiro.WebAppConfig - imagesPath=file:/D:/img/
08:56:31.386 物流专线项目 [main] INFO  o.s.b.a.w.s.WelcomePageHandlerMapping - Adding welcome page template: index
08:56:31.853 物流专线项目 [main] INFO  o.a.coyote.http11.Http11NioProtocol - Starting ProtocolHandler ["http-nio-8080"]
08:56:31.928 物流专线项目 [main] INFO  o.s.b.w.e.tomcat.TomcatWebServer - Tomcat started on port(s): 8080 (http) with context path ''
08:56:31.933 物流专线项目 [main] INFO  com.select.wuliu.WuliuApplication - Started WuliuApplication in 9.586 seconds (JVM running for 10.574)
08:56:45.706 物流专线项目 [http-nio-8080-exec-2] INFO  o.a.c.c.C.[Tomcat].[localhost].[/] - Initializing Spring DispatcherServlet 'dispatcherServlet'
08:56:45.707 物流专线项目 [http-nio-8080-exec-2] INFO  o.s.web.servlet.DispatcherServlet - Initializing Servlet 'dispatcherServlet'
08:56:45.724 物流专线项目 [http-nio-8080-exec-2] INFO  o.s.web.servlet.DispatcherServlet - Completed initialization in 17 ms
08:56:45.843 物流专线项目 [http-nio-8080-exec-2] INFO  com.zaxxer.hikari.HikariDataSource - m_56114_com - Starting...
08:56:46.670 物流专线项目 [http-nio-8080-exec-2] INFO  com.zaxxer.hikari.HikariDataSource - m_56114_com - Start completed.
08:56:47.245 物流专线项目 [http-nio-8080-exec-2] INFO  io.lettuce.core.EpollProvider - Starting without optional epoll library
08:56:47.248 物流专线项目 [http-nio-8080-exec-2] INFO  io.lettuce.core.KqueueProvider - Starting without optional kqueue library
