08:33:08.439 wuliu56114 [main] INFO  com.select.wuliu.WuliuApplication - Starting WuliuApplication on PS-02 with PID 13040 (started by Admin in D:\开发工具\tts9\tts9\workspace\wuliu)
08:33:08.441 wuliu56114 [main] INFO  com.select.wuliu.WuliuApplication - No active profile set, falling back to default profiles: default
08:33:09.381 wuliu56114 [main] INFO  o.s.d.r.c.RepositoryConfigurationDelegate - Multiple Spring Data modules found, entering strict repository configuration mode!
08:33:09.384 wuliu56114 [main] INFO  o.s.d.r.c.RepositoryConfigurationDelegate - Bootstrapping Spring Data repositories in DEFAULT mode.
08:33:09.433 wuliu56114 [main] INFO  o.s.d.r.c.RepositoryConfigurationDelegate - Finished Spring Data repository scanning in 33ms. Found 0 repository interfaces.
08:33:09.815 wuliu56114 [main] INFO  o.s.c.s.PostProcessorRegistrationDelegate$BeanPostProcessorChecker - Bean 'shiroConfiguration' of type [com.select.wuliu.shiro.ShiroConfiguration$$EnhancerBySpringCGLIB$$dbaf5a26] is not eligible for getting processed by all BeanPostProcessors (for example: not eligible for auto-proxying)
08:33:09.821 wuliu56114 [main] INFO  o.s.c.s.PostProcessorRegistrationDelegate$BeanPostProcessorChecker - Bean 'redisConfig' of type [com.select.wuliu.redis.RedisConfig$$EnhancerBySpringCGLIB$$b1b1f9dc] is not eligible for getting processed by all BeanPostProcessors (for example: not eligible for auto-proxying)
08:33:09.828 wuliu56114 [main] INFO  o.s.c.s.PostProcessorRegistrationDelegate$BeanPostProcessorChecker - Bean 'org.springframework.transaction.annotation.ProxyTransactionManagementConfiguration' of type [org.springframework.transaction.annotation.ProxyTransactionManagementConfiguration$$EnhancerBySpringCGLIB$$26f603a6] is not eligible for getting processed by all BeanPostProcessors (for example: not eligible for auto-proxying)
08:33:10.330 wuliu56114 [main] INFO  o.s.c.s.PostProcessorRegistrationDelegate$BeanPostProcessorChecker - Bean 'mybatis-org.mybatis.spring.boot.autoconfigure.MybatisProperties' of type [org.mybatis.spring.boot.autoconfigure.MybatisProperties] is not eligible for getting processed by all BeanPostProcessors (for example: not eligible for auto-proxying)
08:33:10.337 wuliu56114 [main] INFO  o.s.c.s.PostProcessorRegistrationDelegate$BeanPostProcessorChecker - Bean 'org.mybatis.spring.boot.autoconfigure.MybatisAutoConfiguration' of type [org.mybatis.spring.boot.autoconfigure.MybatisAutoConfiguration$$EnhancerBySpringCGLIB$$59ca54d6] is not eligible for getting processed by all BeanPostProcessors (for example: not eligible for auto-proxying)
08:33:10.340 wuliu56114 [main] INFO  o.s.c.s.PostProcessorRegistrationDelegate$BeanPostProcessorChecker - Bean 'org.springframework.boot.autoconfigure.jdbc.DataSourceConfiguration$Hikari' of type [org.springframework.boot.autoconfigure.jdbc.DataSourceConfiguration$Hikari] is not eligible for getting processed by all BeanPostProcessors (for example: not eligible for auto-proxying)
08:33:10.347 wuliu56114 [main] INFO  o.s.c.s.PostProcessorRegistrationDelegate$BeanPostProcessorChecker - Bean 'spring.datasource-org.springframework.boot.autoconfigure.jdbc.DataSourceProperties' of type [org.springframework.boot.autoconfigure.jdbc.DataSourceProperties] is not eligible for getting processed by all BeanPostProcessors (for example: not eligible for auto-proxying)
08:33:10.399 wuliu56114 [main] INFO  o.s.c.s.PostProcessorRegistrationDelegate$BeanPostProcessorChecker - Bean 'dataSource' of type [com.zaxxer.hikari.HikariDataSource] is not eligible for getting processed by all BeanPostProcessors (for example: not eligible for auto-proxying)
08:33:10.411 wuliu56114 [main] INFO  o.s.c.s.PostProcessorRegistrationDelegate$BeanPostProcessorChecker - Bean 'org.springframework.boot.autoconfigure.jdbc.DataSourceInitializerInvoker' of type [org.springframework.boot.autoconfigure.jdbc.DataSourceInitializerInvoker] is not eligible for getting processed by all BeanPostProcessors (for example: not eligible for auto-proxying)
08:33:10.808 wuliu56114 [main] INFO  o.s.c.s.PostProcessorRegistrationDelegate$BeanPostProcessorChecker - Bean 'sqlSessionFactory' of type [org.apache.ibatis.session.defaults.DefaultSqlSessionFactory] is not eligible for getting processed by all BeanPostProcessors (for example: not eligible for auto-proxying)
08:33:10.815 wuliu56114 [main] INFO  o.s.c.s.PostProcessorRegistrationDelegate$BeanPostProcessorChecker - Bean 'sqlSessionTemplate' of type [org.mybatis.spring.SqlSessionTemplate] is not eligible for getting processed by all BeanPostProcessors (for example: not eligible for auto-proxying)
08:33:10.817 wuliu56114 [main] INFO  o.s.c.s.PostProcessorRegistrationDelegate$BeanPostProcessorChecker - Bean 'userMapper' of type [org.mybatis.spring.mapper.MapperFactoryBean] is not eligible for getting processed by all BeanPostProcessors (for example: not eligible for auto-proxying)
08:33:10.820 wuliu56114 [main] INFO  o.s.c.s.PostProcessorRegistrationDelegate$BeanPostProcessorChecker - Bean 'userMapper' of type [com.sun.proxy.$Proxy55] is not eligible for getting processed by all BeanPostProcessors (for example: not eligible for auto-proxying)
08:33:10.822 wuliu56114 [main] INFO  o.s.c.s.PostProcessorRegistrationDelegate$BeanPostProcessorChecker - Bean 'userServiceImp' of type [com.select.wuliu.service.impl.UserServiceImp] is not eligible for getting processed by all BeanPostProcessors (for example: not eligible for auto-proxying)
08:33:10.825 wuliu56114 [main] INFO  o.s.c.s.PostProcessorRegistrationDelegate$BeanPostProcessorChecker - Bean 'roleMapper' of type [org.mybatis.spring.mapper.MapperFactoryBean] is not eligible for getting processed by all BeanPostProcessors (for example: not eligible for auto-proxying)
08:33:10.826 wuliu56114 [main] INFO  o.s.c.s.PostProcessorRegistrationDelegate$BeanPostProcessorChecker - Bean 'roleMapper' of type [com.sun.proxy.$Proxy58] is not eligible for getting processed by all BeanPostProcessors (for example: not eligible for auto-proxying)
08:33:10.827 wuliu56114 [main] INFO  o.s.c.s.PostProcessorRegistrationDelegate$BeanPostProcessorChecker - Bean 'roleServiceImp' of type [com.select.wuliu.service.impl.RoleServiceImp] is not eligible for getting processed by all BeanPostProcessors (for example: not eligible for auto-proxying)
08:33:10.827 wuliu56114 [main] INFO  o.s.c.s.PostProcessorRegistrationDelegate$BeanPostProcessorChecker - Bean 'myShiroRealm' of type [com.select.wuliu.shiro.MyShiroRealm] is not eligible for getting processed by all BeanPostProcessors (for example: not eligible for auto-proxying)
08:33:10.832 wuliu56114 [main] INFO  o.s.c.s.PostProcessorRegistrationDelegate$BeanPostProcessorChecker - Bean 'rememberMeCookie' of type [org.apache.shiro.web.servlet.SimpleCookie] is not eligible for getting processed by all BeanPostProcessors (for example: not eligible for auto-proxying)
08:33:10.839 wuliu56114 [main] INFO  o.s.c.s.PostProcessorRegistrationDelegate$BeanPostProcessorChecker - Bean 'rememberMeManager' of type [org.apache.shiro.web.mgt.CookieRememberMeManager] is not eligible for getting processed by all BeanPostProcessors (for example: not eligible for auto-proxying)
08:33:10.840 wuliu56114 [main] INFO  o.s.c.s.PostProcessorRegistrationDelegate$BeanPostProcessorChecker - Bean 'securityManager' of type [org.apache.shiro.web.mgt.DefaultWebSecurityManager] is not eligible for getting processed by all BeanPostProcessors (for example: not eligible for auto-proxying)
08:33:10.846 wuliu56114 [main] INFO  c.s.wuliu.shiro.ShiroConfiguration - ---Shiro拦截器工厂类注入成功---
08:33:11.247 wuliu56114 [main] INFO  o.s.b.w.e.tomcat.TomcatWebServer - Tomcat initialized with port(s): 8080 (http)
08:33:11.266 wuliu56114 [main] INFO  o.a.coyote.http11.Http11NioProtocol - Initializing ProtocolHandler ["http-nio-8080"]
08:33:11.276 wuliu56114 [main] INFO  o.a.catalina.core.StandardService - Starting service [Tomcat]
08:33:11.277 wuliu56114 [main] INFO  o.a.catalina.core.StandardEngine - Starting Servlet engine: [Apache Tomcat/9.0.16]
08:33:11.286 wuliu56114 [main] INFO  o.a.c.core.AprLifecycleListener - The APR based Apache Tomcat Native library which allows optimal performance in production environments was not found on the java.library.path: [D:\开发工具\tts9\tts9\jdk1.8.0_45\bin;C:\Windows\Sun\Java\bin;C:\Windows\system32;C:\Windows;D:/开发工具/tts9/tts9/jdk1.8.0_45/bin/../jre/bin/client;D:/开发工具/tts9/tts9/jdk1.8.0_45/bin/../jre/bin;D:/开发工具/tts9/tts9/jdk1.8.0_45/bin/../jre/lib/i386;D:\开发工具\tts9\tts9\jdk1.8.0_45\bin;C:\Windows\system32;C:\Windows;C:\Windows\System32\Wbem;C:\Windows\System32\WindowsPowerShell\v1.0\;C:\Windows\System32\OpenSSH\;D:\jdk1.6\bin;D:\jdk1.6\jre\bin;C:\Users\Admin\AppData\Local\Microsoft\WindowsApps;;D:\开发工具\tts9\tts9;;.]
08:33:11.408 wuliu56114 [main] INFO  o.a.c.c.C.[Tomcat].[localhost].[/] - Initializing Spring embedded WebApplicationContext
08:33:11.408 wuliu56114 [main] INFO  o.s.web.context.ContextLoader - Root WebApplicationContext: initialization completed in 2886 ms
08:33:11.918 wuliu56114 [main] INFO  o.s.s.c.ThreadPoolTaskScheduler - Initializing ExecutorService 'taskScheduler'
08:33:12.203 wuliu56114 [main] INFO  o.s.s.c.ThreadPoolTaskExecutor - Initializing ExecutorService 'applicationTaskExecutor'
08:33:12.336 wuliu56114 [main] INFO  com.select.wuliu.shiro.WebAppConfig - imagesPath=file:/D:/img/
08:33:12.426 wuliu56114 [main] INFO  o.s.b.a.w.s.WelcomePageHandlerMapping - Adding welcome page template: index
08:33:12.850 wuliu56114 [main] INFO  o.a.coyote.http11.Http11NioProtocol - Starting ProtocolHandler ["http-nio-8080"]
08:33:12.893 wuliu56114 [main] INFO  o.s.b.w.e.tomcat.TomcatWebServer - Tomcat started on port(s): 8080 (http) with context path ''
08:33:12.896 wuliu56114 [main] INFO  com.select.wuliu.WuliuApplication - Started WuliuApplication in 4.944 seconds (JVM running for 5.431)
08:33:31.492 wuliu56114 [http-nio-8080-exec-1] INFO  o.a.tomcat.util.http.parser.Cookie - A cookie header was received [1557708080,1557967592; user=e47fc175-34db-40e6-b395-8b615cec9bba; rememberMe=XPLL8ktJ/22gnDclWQSwQ1/TB8u1lUBeUWaexNzmLv9cdoZtaLuXO3aOP2ArAVCFv0zQ2YlKOKCTI4EzUdUutENk5AJc2NiyegohfKOCaVpopoMow/LtpfCQlXfYQgy8GWnhUk/0dXraeuItWWKpml/yNeUMEIK6cOffX2ZugqORJtlW2V3ru3nGCIFgya331n3PXDuIuZW0C5WMoPfshRq6HkNmQl8la7ag6bT4/Tm+rBCI58Dxzdj6d19BiTVsdlOP2xb+4MGOWMye9UG6I9IPM/rnRMAhxEavfykwmDL//DtvxH0+rVpKBqQn/n78YHeM6CU3rMkYnfQcf0vgg5gm5DXFgHKCY+8rFT3buga18mKjGxQImU+b7ZER6bY8ZpAs8sA6HfGP6jbO5+bNp6x4FJLJJvzTo5VVqDqs56cRp82v6wqgx2G8ntgu6ElbQR1bSmxnPrZIg3Q+4n1ozlhaIQ21gXZ/LfnAYBzEXZZjJpZtTcawk6sglAbYI4DxADJ4t7Q8IgoGHcMPfPzthhMFWKE1U9ohKFYPn5Z+aBc=; Huiskin=blue; JSESSIONID=7CFFE06584D63C4C3F82049D59094070; Hm_lpvt_080836300300be57b7f34f4b3e97d911=1558779280] that contained an invalid cookie. That cookie will be ignored.
 Note: further occurrences of this error will be logged at DEBUG level.
08:33:31.506 wuliu56114 [http-nio-8080-exec-1] INFO  o.a.c.c.C.[Tomcat].[localhost].[/] - Initializing Spring DispatcherServlet 'dispatcherServlet'
08:33:31.506 wuliu56114 [http-nio-8080-exec-1] INFO  o.s.web.servlet.DispatcherServlet - Initializing Servlet 'dispatcherServlet'
08:33:31.522 wuliu56114 [http-nio-8080-exec-1] INFO  o.s.web.servlet.DispatcherServlet - Completed initialization in 16 ms
08:33:31.655 wuliu56114 [http-nio-8080-exec-1] INFO  com.zaxxer.hikari.HikariDataSource - 本地 - Starting...
08:33:32.039 wuliu56114 [http-nio-8080-exec-1] INFO  com.zaxxer.hikari.HikariDataSource - 本地 - Start completed.
08:33:32.362 wuliu56114 [http-nio-8080-exec-1] INFO  io.lettuce.core.EpollProvider - Starting without optional epoll library
08:33:32.363 wuliu56114 [http-nio-8080-exec-1] INFO  io.lettuce.core.KqueueProvider - Starting without optional kqueue library
11:53:08.267 wuliu56114 [main] INFO  com.select.wuliu.WuliuApplication - Starting WuliuApplication on PS-02 with PID 12852 (started by Admin in D:\开发工具\tts9\tts9\workspace\wuliu)
11:53:08.270 wuliu56114 [main] INFO  com.select.wuliu.WuliuApplication - No active profile set, falling back to default profiles: default
11:53:09.205 wuliu56114 [main] INFO  o.s.d.r.c.RepositoryConfigurationDelegate - Multiple Spring Data modules found, entering strict repository configuration mode!
11:53:09.208 wuliu56114 [main] INFO  o.s.d.r.c.RepositoryConfigurationDelegate - Bootstrapping Spring Data repositories in DEFAULT mode.
11:53:09.252 wuliu56114 [main] INFO  o.s.d.r.c.RepositoryConfigurationDelegate - Finished Spring Data repository scanning in 27ms. Found 0 repository interfaces.
11:53:09.630 wuliu56114 [main] INFO  o.s.c.s.PostProcessorRegistrationDelegate$BeanPostProcessorChecker - Bean 'shiroConfiguration' of type [com.select.wuliu.shiro.ShiroConfiguration$$EnhancerBySpringCGLIB$$eafa2630] is not eligible for getting processed by all BeanPostProcessors (for example: not eligible for auto-proxying)
11:53:09.642 wuliu56114 [main] INFO  o.s.c.s.PostProcessorRegistrationDelegate$BeanPostProcessorChecker - Bean 'redisConfig' of type [com.select.wuliu.redis.RedisConfig$$EnhancerBySpringCGLIB$$c0fcc5e6] is not eligible for getting processed by all BeanPostProcessors (for example: not eligible for auto-proxying)
11:53:09.648 wuliu56114 [main] INFO  o.s.c.s.PostProcessorRegistrationDelegate$BeanPostProcessorChecker - Bean 'org.springframework.transaction.annotation.ProxyTransactionManagementConfiguration' of type [org.springframework.transaction.annotation.ProxyTransactionManagementConfiguration$$EnhancerBySpringCGLIB$$3640cfb0] is not eligible for getting processed by all BeanPostProcessors (for example: not eligible for auto-proxying)
11:53:10.759 wuliu56114 [main] INFO  o.s.c.s.PostProcessorRegistrationDelegate$BeanPostProcessorChecker - Bean 'mybatis-org.mybatis.spring.boot.autoconfigure.MybatisProperties' of type [org.mybatis.spring.boot.autoconfigure.MybatisProperties] is not eligible for getting processed by all BeanPostProcessors (for example: not eligible for auto-proxying)
11:53:10.766 wuliu56114 [main] INFO  o.s.c.s.PostProcessorRegistrationDelegate$BeanPostProcessorChecker - Bean 'org.mybatis.spring.boot.autoconfigure.MybatisAutoConfiguration' of type [org.mybatis.spring.boot.autoconfigure.MybatisAutoConfiguration$$EnhancerBySpringCGLIB$$691520e0] is not eligible for getting processed by all BeanPostProcessors (for example: not eligible for auto-proxying)
11:53:10.768 wuliu56114 [main] INFO  o.s.c.s.PostProcessorRegistrationDelegate$BeanPostProcessorChecker - Bean 'org.springframework.boot.autoconfigure.jdbc.DataSourceConfiguration$Hikari' of type [org.springframework.boot.autoconfigure.jdbc.DataSourceConfiguration$Hikari] is not eligible for getting processed by all BeanPostProcessors (for example: not eligible for auto-proxying)
11:53:10.776 wuliu56114 [main] INFO  o.s.c.s.PostProcessorRegistrationDelegate$BeanPostProcessorChecker - Bean 'spring.datasource-org.springframework.boot.autoconfigure.jdbc.DataSourceProperties' of type [org.springframework.boot.autoconfigure.jdbc.DataSourceProperties] is not eligible for getting processed by all BeanPostProcessors (for example: not eligible for auto-proxying)
11:53:10.815 wuliu56114 [main] INFO  o.s.c.s.PostProcessorRegistrationDelegate$BeanPostProcessorChecker - Bean 'dataSource' of type [com.zaxxer.hikari.HikariDataSource] is not eligible for getting processed by all BeanPostProcessors (for example: not eligible for auto-proxying)
11:53:10.829 wuliu56114 [main] INFO  o.s.c.s.PostProcessorRegistrationDelegate$BeanPostProcessorChecker - Bean 'org.springframework.boot.autoconfigure.jdbc.DataSourceInitializerInvoker' of type [org.springframework.boot.autoconfigure.jdbc.DataSourceInitializerInvoker] is not eligible for getting processed by all BeanPostProcessors (for example: not eligible for auto-proxying)
11:53:11.175 wuliu56114 [main] INFO  o.s.c.s.PostProcessorRegistrationDelegate$BeanPostProcessorChecker - Bean 'sqlSessionFactory' of type [org.apache.ibatis.session.defaults.DefaultSqlSessionFactory] is not eligible for getting processed by all BeanPostProcessors (for example: not eligible for auto-proxying)
11:53:11.182 wuliu56114 [main] INFO  o.s.c.s.PostProcessorRegistrationDelegate$BeanPostProcessorChecker - Bean 'sqlSessionTemplate' of type [org.mybatis.spring.SqlSessionTemplate] is not eligible for getting processed by all BeanPostProcessors (for example: not eligible for auto-proxying)
11:53:11.185 wuliu56114 [main] INFO  o.s.c.s.PostProcessorRegistrationDelegate$BeanPostProcessorChecker - Bean 'userMapper' of type [org.mybatis.spring.mapper.MapperFactoryBean] is not eligible for getting processed by all BeanPostProcessors (for example: not eligible for auto-proxying)
11:53:11.187 wuliu56114 [main] INFO  o.s.c.s.PostProcessorRegistrationDelegate$BeanPostProcessorChecker - Bean 'userMapper' of type [com.sun.proxy.$Proxy55] is not eligible for getting processed by all BeanPostProcessors (for example: not eligible for auto-proxying)
11:53:11.190 wuliu56114 [main] INFO  o.s.c.s.PostProcessorRegistrationDelegate$BeanPostProcessorChecker - Bean 'userServiceImp' of type [com.select.wuliu.service.impl.UserServiceImp] is not eligible for getting processed by all BeanPostProcessors (for example: not eligible for auto-proxying)
11:53:11.194 wuliu56114 [main] INFO  o.s.c.s.PostProcessorRegistrationDelegate$BeanPostProcessorChecker - Bean 'roleMapper' of type [org.mybatis.spring.mapper.MapperFactoryBean] is not eligible for getting processed by all BeanPostProcessors (for example: not eligible for auto-proxying)
11:53:11.195 wuliu56114 [main] INFO  o.s.c.s.PostProcessorRegistrationDelegate$BeanPostProcessorChecker - Bean 'roleMapper' of type [com.sun.proxy.$Proxy58] is not eligible for getting processed by all BeanPostProcessors (for example: not eligible for auto-proxying)
11:53:11.195 wuliu56114 [main] INFO  o.s.c.s.PostProcessorRegistrationDelegate$BeanPostProcessorChecker - Bean 'roleServiceImp' of type [com.select.wuliu.service.impl.RoleServiceImp] is not eligible for getting processed by all BeanPostProcessors (for example: not eligible for auto-proxying)
11:53:11.196 wuliu56114 [main] INFO  o.s.c.s.PostProcessorRegistrationDelegate$BeanPostProcessorChecker - Bean 'myShiroRealm' of type [com.select.wuliu.shiro.MyShiroRealm] is not eligible for getting processed by all BeanPostProcessors (for example: not eligible for auto-proxying)
11:53:11.202 wuliu56114 [main] INFO  o.s.c.s.PostProcessorRegistrationDelegate$BeanPostProcessorChecker - Bean 'rememberMeCookie' of type [org.apache.shiro.web.servlet.SimpleCookie] is not eligible for getting processed by all BeanPostProcessors (for example: not eligible for auto-proxying)
11:53:11.205 wuliu56114 [main] INFO  o.s.c.s.PostProcessorRegistrationDelegate$BeanPostProcessorChecker - Bean 'rememberMeManager' of type [org.apache.shiro.web.mgt.CookieRememberMeManager] is not eligible for getting processed by all BeanPostProcessors (for example: not eligible for auto-proxying)
11:53:11.207 wuliu56114 [main] INFO  o.s.c.s.PostProcessorRegistrationDelegate$BeanPostProcessorChecker - Bean 'securityManager' of type [org.apache.shiro.web.mgt.DefaultWebSecurityManager] is not eligible for getting processed by all BeanPostProcessors (for example: not eligible for auto-proxying)
11:53:11.214 wuliu56114 [main] INFO  c.s.wuliu.shiro.ShiroConfiguration - ---Shiro拦截器工厂类注入成功---
11:53:11.607 wuliu56114 [main] INFO  o.s.b.w.e.tomcat.TomcatWebServer - Tomcat initialized with port(s): 8080 (http)
11:53:11.627 wuliu56114 [main] INFO  o.a.coyote.http11.Http11NioProtocol - Initializing ProtocolHandler ["http-nio-8080"]
11:53:11.639 wuliu56114 [main] INFO  o.a.catalina.core.StandardService - Starting service [Tomcat]
11:53:11.639 wuliu56114 [main] INFO  o.a.catalina.core.StandardEngine - Starting Servlet engine: [Apache Tomcat/9.0.16]
11:53:11.656 wuliu56114 [main] INFO  o.a.c.core.AprLifecycleListener - The APR based Apache Tomcat Native library which allows optimal performance in production environments was not found on the java.library.path: [D:\开发工具\tts9\tts9\jdk1.8.0_45\bin;C:\Windows\Sun\Java\bin;C:\Windows\system32;C:\Windows;D:/开发工具/tts9/tts9/jdk1.8.0_45/bin/../jre/bin/client;D:/开发工具/tts9/tts9/jdk1.8.0_45/bin/../jre/bin;D:/开发工具/tts9/tts9/jdk1.8.0_45/bin/../jre/lib/i386;D:\开发工具\tts9\tts9\jdk1.8.0_45\bin;C:\Windows\system32;C:\Windows;C:\Windows\System32\Wbem;C:\Windows\System32\WindowsPowerShell\v1.0\;C:\Windows\System32\OpenSSH\;D:\jdk1.6\bin;D:\jdk1.6\jre\bin;C:\Users\Admin\AppData\Local\Microsoft\WindowsApps;;D:\开发工具\tts9\tts9;;.]
11:53:11.791 wuliu56114 [main] INFO  o.a.c.c.C.[Tomcat].[localhost].[/] - Initializing Spring embedded WebApplicationContext
11:53:11.792 wuliu56114 [main] INFO  o.s.web.context.ContextLoader - Root WebApplicationContext: initialization completed in 3448 ms
11:53:12.284 wuliu56114 [main] INFO  o.s.s.c.ThreadPoolTaskScheduler - Initializing ExecutorService 'taskScheduler'
11:53:12.578 wuliu56114 [main] INFO  o.s.s.c.ThreadPoolTaskExecutor - Initializing ExecutorService 'applicationTaskExecutor'
11:53:12.715 wuliu56114 [main] INFO  com.select.wuliu.shiro.WebAppConfig - imagesPath=file:/D:/img/
11:53:12.796 wuliu56114 [main] INFO  o.s.b.a.w.s.WelcomePageHandlerMapping - Adding welcome page template: index
11:53:13.190 wuliu56114 [main] INFO  o.a.coyote.http11.Http11NioProtocol - Starting ProtocolHandler ["http-nio-8080"]
11:53:13.237 wuliu56114 [main] INFO  o.s.b.w.e.tomcat.TomcatWebServer - Tomcat started on port(s): 8080 (http) with context path ''
11:53:13.239 wuliu56114 [main] INFO  com.select.wuliu.WuliuApplication - Started WuliuApplication in 5.659 seconds (JVM running for 6.226)
11:53:22.278 wuliu56114 [http-nio-8080-exec-1] INFO  o.a.tomcat.util.http.parser.Cookie - A cookie header was received [1557708080,1557967592; Huiskin=blue; JSESSIONID=8C098EC5D262A62E864C7CC94AF39B86; Hm_lpvt_080836300300be57b7f34f4b3e97d911=1558929142] that contained an invalid cookie. That cookie will be ignored.
 Note: further occurrences of this error will be logged at DEBUG level.
11:53:22.286 wuliu56114 [http-nio-8080-exec-1] INFO  o.a.c.c.C.[Tomcat].[localhost].[/] - Initializing Spring DispatcherServlet 'dispatcherServlet'
11:53:22.286 wuliu56114 [http-nio-8080-exec-1] INFO  o.s.web.servlet.DispatcherServlet - Initializing Servlet 'dispatcherServlet'
11:53:22.297 wuliu56114 [http-nio-8080-exec-1] INFO  o.s.web.servlet.DispatcherServlet - Completed initialization in 11 ms
11:53:22.416 wuliu56114 [http-nio-8080-exec-1] INFO  com.zaxxer.hikari.HikariDataSource - 本地 - Starting...
11:53:22.591 wuliu56114 [http-nio-8080-exec-1] INFO  com.zaxxer.hikari.HikariDataSource - 本地 - Start completed.
11:53:56.228 wuliu56114 [http-nio-8080-exec-3] INFO  io.lettuce.core.EpollProvider - Starting without optional epoll library
11:53:56.230 wuliu56114 [http-nio-8080-exec-3] INFO  io.lettuce.core.KqueueProvider - Starting without optional kqueue library
11:53:56.772 wuliu56114 [http-nio-8080-exec-3] INFO  c.s.w.c.UserLogSelUpdController - ------subject---org.apache.shiro.web.subject.support.WebDelegatingSubject@c69183
15:17:02.775 wuliu56114 [main] INFO  com.select.wuliu.WuliuApplication - Starting WuliuApplication on PS-02 with PID 17940 (started by Admin in D:\开发工具\tts9\tts9\workspace\wuliu)
15:17:02.777 wuliu56114 [main] INFO  com.select.wuliu.WuliuApplication - No active profile set, falling back to default profiles: default
15:17:03.689 wuliu56114 [main] INFO  o.s.d.r.c.RepositoryConfigurationDelegate - Multiple Spring Data modules found, entering strict repository configuration mode!
15:17:03.691 wuliu56114 [main] INFO  o.s.d.r.c.RepositoryConfigurationDelegate - Bootstrapping Spring Data repositories in DEFAULT mode.
15:17:03.737 wuliu56114 [main] INFO  o.s.d.r.c.RepositoryConfigurationDelegate - Finished Spring Data repository scanning in 34ms. Found 0 repository interfaces.
15:17:04.096 wuliu56114 [main] INFO  o.s.c.s.PostProcessorRegistrationDelegate$BeanPostProcessorChecker - Bean 'shiroConfiguration' of type [com.select.wuliu.shiro.ShiroConfiguration$$EnhancerBySpringCGLIB$$725bca33] is not eligible for getting processed by all BeanPostProcessors (for example: not eligible for auto-proxying)
15:17:04.105 wuliu56114 [main] INFO  o.s.c.s.PostProcessorRegistrationDelegate$BeanPostProcessorChecker - Bean 'redisConfig' of type [com.select.wuliu.redis.RedisConfig$$EnhancerBySpringCGLIB$$485e69e9] is not eligible for getting processed by all BeanPostProcessors (for example: not eligible for auto-proxying)
15:17:04.117 wuliu56114 [main] INFO  o.s.c.s.PostProcessorRegistrationDelegate$BeanPostProcessorChecker - Bean 'org.springframework.transaction.annotation.ProxyTransactionManagementConfiguration' of type [org.springframework.transaction.annotation.ProxyTransactionManagementConfiguration$$EnhancerBySpringCGLIB$$bda273b3] is not eligible for getting processed by all BeanPostProcessors (for example: not eligible for auto-proxying)
15:17:04.612 wuliu56114 [main] INFO  o.s.c.s.PostProcessorRegistrationDelegate$BeanPostProcessorChecker - Bean 'mybatis-org.mybatis.spring.boot.autoconfigure.MybatisProperties' of type [org.mybatis.spring.boot.autoconfigure.MybatisProperties] is not eligible for getting processed by all BeanPostProcessors (for example: not eligible for auto-proxying)
15:17:04.618 wuliu56114 [main] INFO  o.s.c.s.PostProcessorRegistrationDelegate$BeanPostProcessorChecker - Bean 'org.mybatis.spring.boot.autoconfigure.MybatisAutoConfiguration' of type [org.mybatis.spring.boot.autoconfigure.MybatisAutoConfiguration$$EnhancerBySpringCGLIB$$f076c4e3] is not eligible for getting processed by all BeanPostProcessors (for example: not eligible for auto-proxying)
15:17:04.621 wuliu56114 [main] INFO  o.s.c.s.PostProcessorRegistrationDelegate$BeanPostProcessorChecker - Bean 'org.springframework.boot.autoconfigure.jdbc.DataSourceConfiguration$Hikari' of type [org.springframework.boot.autoconfigure.jdbc.DataSourceConfiguration$Hikari] is not eligible for getting processed by all BeanPostProcessors (for example: not eligible for auto-proxying)
15:17:04.628 wuliu56114 [main] INFO  o.s.c.s.PostProcessorRegistrationDelegate$BeanPostProcessorChecker - Bean 'spring.datasource-org.springframework.boot.autoconfigure.jdbc.DataSourceProperties' of type [org.springframework.boot.autoconfigure.jdbc.DataSourceProperties] is not eligible for getting processed by all BeanPostProcessors (for example: not eligible for auto-proxying)
15:17:04.660 wuliu56114 [main] INFO  o.s.c.s.PostProcessorRegistrationDelegate$BeanPostProcessorChecker - Bean 'dataSource' of type [com.zaxxer.hikari.HikariDataSource] is not eligible for getting processed by all BeanPostProcessors (for example: not eligible for auto-proxying)
15:17:04.670 wuliu56114 [main] INFO  o.s.c.s.PostProcessorRegistrationDelegate$BeanPostProcessorChecker - Bean 'org.springframework.boot.autoconfigure.jdbc.DataSourceInitializerInvoker' of type [org.springframework.boot.autoconfigure.jdbc.DataSourceInitializerInvoker] is not eligible for getting processed by all BeanPostProcessors (for example: not eligible for auto-proxying)
15:17:04.975 wuliu56114 [main] INFO  o.s.c.s.PostProcessorRegistrationDelegate$BeanPostProcessorChecker - Bean 'sqlSessionFactory' of type [org.apache.ibatis.session.defaults.DefaultSqlSessionFactory] is not eligible for getting processed by all BeanPostProcessors (for example: not eligible for auto-proxying)
15:17:04.983 wuliu56114 [main] INFO  o.s.c.s.PostProcessorRegistrationDelegate$BeanPostProcessorChecker - Bean 'sqlSessionTemplate' of type [org.mybatis.spring.SqlSessionTemplate] is not eligible for getting processed by all BeanPostProcessors (for example: not eligible for auto-proxying)
15:17:04.986 wuliu56114 [main] INFO  o.s.c.s.PostProcessorRegistrationDelegate$BeanPostProcessorChecker - Bean 'userMapper' of type [org.mybatis.spring.mapper.MapperFactoryBean] is not eligible for getting processed by all BeanPostProcessors (for example: not eligible for auto-proxying)
15:17:04.988 wuliu56114 [main] INFO  o.s.c.s.PostProcessorRegistrationDelegate$BeanPostProcessorChecker - Bean 'userMapper' of type [com.sun.proxy.$Proxy55] is not eligible for getting processed by all BeanPostProcessors (for example: not eligible for auto-proxying)
15:17:04.991 wuliu56114 [main] INFO  o.s.c.s.PostProcessorRegistrationDelegate$BeanPostProcessorChecker - Bean 'userServiceImp' of type [com.select.wuliu.service.impl.UserServiceImp] is not eligible for getting processed by all BeanPostProcessors (for example: not eligible for auto-proxying)
15:17:04.994 wuliu56114 [main] INFO  o.s.c.s.PostProcessorRegistrationDelegate$BeanPostProcessorChecker - Bean 'roleMapper' of type [org.mybatis.spring.mapper.MapperFactoryBean] is not eligible for getting processed by all BeanPostProcessors (for example: not eligible for auto-proxying)
15:17:04.995 wuliu56114 [main] INFO  o.s.c.s.PostProcessorRegistrationDelegate$BeanPostProcessorChecker - Bean 'roleMapper' of type [com.sun.proxy.$Proxy58] is not eligible for getting processed by all BeanPostProcessors (for example: not eligible for auto-proxying)
15:17:04.996 wuliu56114 [main] INFO  o.s.c.s.PostProcessorRegistrationDelegate$BeanPostProcessorChecker - Bean 'roleServiceImp' of type [com.select.wuliu.service.impl.RoleServiceImp] is not eligible for getting processed by all BeanPostProcessors (for example: not eligible for auto-proxying)
15:17:04.996 wuliu56114 [main] INFO  o.s.c.s.PostProcessorRegistrationDelegate$BeanPostProcessorChecker - Bean 'myShiroRealm' of type [com.select.wuliu.shiro.MyShiroRealm] is not eligible for getting processed by all BeanPostProcessors (for example: not eligible for auto-proxying)
15:17:05.001 wuliu56114 [main] INFO  o.s.c.s.PostProcessorRegistrationDelegate$BeanPostProcessorChecker - Bean 'rememberMeCookie' of type [org.apache.shiro.web.servlet.SimpleCookie] is not eligible for getting processed by all BeanPostProcessors (for example: not eligible for auto-proxying)
15:17:05.004 wuliu56114 [main] INFO  o.s.c.s.PostProcessorRegistrationDelegate$BeanPostProcessorChecker - Bean 'rememberMeManager' of type [org.apache.shiro.web.mgt.CookieRememberMeManager] is not eligible for getting processed by all BeanPostProcessors (for example: not eligible for auto-proxying)
15:17:05.006 wuliu56114 [main] INFO  o.s.c.s.PostProcessorRegistrationDelegate$BeanPostProcessorChecker - Bean 'securityManager' of type [org.apache.shiro.web.mgt.DefaultWebSecurityManager] is not eligible for getting processed by all BeanPostProcessors (for example: not eligible for auto-proxying)
15:17:05.015 wuliu56114 [main] INFO  c.s.wuliu.shiro.ShiroConfiguration - ---Shiro拦截器工厂类注入成功---
15:17:05.388 wuliu56114 [main] INFO  o.s.b.w.e.tomcat.TomcatWebServer - Tomcat initialized with port(s): 8080 (http)
15:17:05.410 wuliu56114 [main] INFO  o.a.coyote.http11.Http11NioProtocol - Initializing ProtocolHandler ["http-nio-8080"]
15:17:05.421 wuliu56114 [main] INFO  o.a.catalina.core.StandardService - Starting service [Tomcat]
15:17:05.421 wuliu56114 [main] INFO  o.a.catalina.core.StandardEngine - Starting Servlet engine: [Apache Tomcat/9.0.16]
15:17:05.432 wuliu56114 [main] INFO  o.a.c.core.AprLifecycleListener - The APR based Apache Tomcat Native library which allows optimal performance in production environments was not found on the java.library.path: [D:\开发工具\tts9\tts9\jdk1.8.0_45\bin;C:\Windows\Sun\Java\bin;C:\Windows\system32;C:\Windows;D:/开发工具/tts9/tts9/jdk1.8.0_45/bin/../jre/bin/client;D:/开发工具/tts9/tts9/jdk1.8.0_45/bin/../jre/bin;D:/开发工具/tts9/tts9/jdk1.8.0_45/bin/../jre/lib/i386;D:\开发工具\tts9\tts9\jdk1.8.0_45\bin;C:\Windows\system32;C:\Windows;C:\Windows\System32\Wbem;C:\Windows\System32\WindowsPowerShell\v1.0\;C:\Windows\System32\OpenSSH\;D:\jdk1.6\bin;D:\jdk1.6\jre\bin;C:\Users\Admin\AppData\Local\Microsoft\WindowsApps;;D:\开发工具\tts9\tts9;;.]
15:17:05.563 wuliu56114 [main] INFO  o.a.c.c.C.[Tomcat].[localhost].[/] - Initializing Spring embedded WebApplicationContext
15:17:05.563 wuliu56114 [main] INFO  o.s.web.context.ContextLoader - Root WebApplicationContext: initialization completed in 2711 ms
15:17:06.050 wuliu56114 [main] INFO  o.s.s.c.ThreadPoolTaskScheduler - Initializing ExecutorService 'taskScheduler'
15:17:06.452 wuliu56114 [main] INFO  o.s.s.c.ThreadPoolTaskExecutor - Initializing ExecutorService 'applicationTaskExecutor'
15:17:06.676 wuliu56114 [main] INFO  com.select.wuliu.shiro.WebAppConfig - imagesPath=file:/D:/img/
15:17:06.742 wuliu56114 [main] INFO  o.s.b.a.w.s.WelcomePageHandlerMapping - Adding welcome page template: index
15:17:07.064 wuliu56114 [main] INFO  o.a.coyote.http11.Http11NioProtocol - Starting ProtocolHandler ["http-nio-8080"]
15:17:07.102 wuliu56114 [main] INFO  o.s.b.w.e.tomcat.TomcatWebServer - Tomcat started on port(s): 8080 (http) with context path ''
15:17:07.106 wuliu56114 [main] INFO  com.select.wuliu.WuliuApplication - Started WuliuApplication in 4.85 seconds (JVM running for 5.323)
15:17:10.166 wuliu56114 [http-nio-8080-exec-1] INFO  o.a.tomcat.util.http.parser.Cookie - A cookie header was received [1557708080,1557967592; Huiskin=blue; user=82a5b072-6a0e-475b-b5df-95cbcc253659; rememberMe=WxIkG4rswvAult5gKnO1z5KENbqvHETuDszPFyGNmJt/ecrsihp+GJ4nxlEEonPhTGI16FVB4DsYis8Y61lgxDxRaoEeyhrk0NEcxyOMonVNYpknvCjYBa4iGrtP7nzvxSwWhk0auGUHl2dfb8rn6RFN3G5dZY3f3UrhYFBD/2ParOa9XksWX6ICDxgte1b7MYX0c5s8TrlqcrlAZZuWKiM6fEXBhLdpxNYtWLyU7BtlsBzCLfg6vck/j/qzsAwpgZmnqpsw5mk7ewquigzLBS7IDsbpeodPU7aJNNMwXBZS0XKciy3TD8cBCiPp9xp1xYjUkWaZeQ7QL8RcHmSfTxCb07Gzbd0QU7TpjITyhqNi7cfQVoWCRD6qeyVBX7R81H4/RP75+nJMX5IHVcrnJSWmOJMSuQzxhpZFJJOyiZA4nElOmGyyJ87ZfK8KdPom4Gj8g8+1F96eHjaAM+qQrhIwAtQyDWaZbLg05HD86cAu5m4M28wmS/wdeSJSNk3c8zpYmp6LEXJ0v9Kj7hKEkeOsxBzl8Xuj+iKXcW0GDRQ=; JSESSIONID=892E7BC91C4B3CC8AEE22494A5FBB540; Hm_lpvt_080836300300be57b7f34f4b3e97d911=1558939935] that contained an invalid cookie. That cookie will be ignored.
 Note: further occurrences of this error will be logged at DEBUG level.
15:17:10.176 wuliu56114 [http-nio-8080-exec-1] INFO  o.a.c.c.C.[Tomcat].[localhost].[/] - Initializing Spring DispatcherServlet 'dispatcherServlet'
15:17:10.176 wuliu56114 [http-nio-8080-exec-1] INFO  o.s.web.servlet.DispatcherServlet - Initializing Servlet 'dispatcherServlet'
15:17:10.187 wuliu56114 [http-nio-8080-exec-1] INFO  o.s.web.servlet.DispatcherServlet - Completed initialization in 11 ms
15:17:10.278 wuliu56114 [http-nio-8080-exec-1] INFO  com.zaxxer.hikari.HikariDataSource - 本地 - Starting...
15:17:10.449 wuliu56114 [http-nio-8080-exec-1] INFO  com.zaxxer.hikari.HikariDataSource - 本地 - Start completed.
15:17:10.649 wuliu56114 [http-nio-8080-exec-1] INFO  io.lettuce.core.EpollProvider - Starting without optional epoll library
15:17:10.650 wuliu56114 [http-nio-8080-exec-1] INFO  io.lettuce.core.KqueueProvider - Starting without optional kqueue library
15:30:35.472 wuliu56114 [main] INFO  com.select.wuliu.WuliuApplication - Starting WuliuApplication on PS-02 with PID 13124 (started by Admin in D:\开发工具\tts9\tts9\workspace\wuliu)
15:30:35.475 wuliu56114 [main] INFO  com.select.wuliu.WuliuApplication - No active profile set, falling back to default profiles: default
15:30:36.391 wuliu56114 [main] INFO  o.s.d.r.c.RepositoryConfigurationDelegate - Multiple Spring Data modules found, entering strict repository configuration mode!
15:30:36.394 wuliu56114 [main] INFO  o.s.d.r.c.RepositoryConfigurationDelegate - Bootstrapping Spring Data repositories in DEFAULT mode.
15:30:36.450 wuliu56114 [main] INFO  o.s.d.r.c.RepositoryConfigurationDelegate - Finished Spring Data repository scanning in 39ms. Found 0 repository interfaces.
15:30:36.836 wuliu56114 [main] INFO  o.s.c.s.PostProcessorRegistrationDelegate$BeanPostProcessorChecker - Bean 'shiroConfiguration' of type [com.select.wuliu.shiro.ShiroConfiguration$$EnhancerBySpringCGLIB$$820ce364] is not eligible for getting processed by all BeanPostProcessors (for example: not eligible for auto-proxying)
15:30:36.844 wuliu56114 [main] INFO  o.s.c.s.PostProcessorRegistrationDelegate$BeanPostProcessorChecker - Bean 'redisConfig' of type [com.select.wuliu.redis.RedisConfig$$EnhancerBySpringCGLIB$$580f831a] is not eligible for getting processed by all BeanPostProcessors (for example: not eligible for auto-proxying)
15:30:36.851 wuliu56114 [main] INFO  o.s.c.s.PostProcessorRegistrationDelegate$BeanPostProcessorChecker - Bean 'org.springframework.transaction.annotation.ProxyTransactionManagementConfiguration' of type [org.springframework.transaction.annotation.ProxyTransactionManagementConfiguration$$EnhancerBySpringCGLIB$$cd538ce4] is not eligible for getting processed by all BeanPostProcessors (for example: not eligible for auto-proxying)
15:30:37.368 wuliu56114 [main] INFO  o.s.c.s.PostProcessorRegistrationDelegate$BeanPostProcessorChecker - Bean 'mybatis-org.mybatis.spring.boot.autoconfigure.MybatisProperties' of type [org.mybatis.spring.boot.autoconfigure.MybatisProperties] is not eligible for getting processed by all BeanPostProcessors (for example: not eligible for auto-proxying)
15:30:37.377 wuliu56114 [main] INFO  o.s.c.s.PostProcessorRegistrationDelegate$BeanPostProcessorChecker - Bean 'org.mybatis.spring.boot.autoconfigure.MybatisAutoConfiguration' of type [org.mybatis.spring.boot.autoconfigure.MybatisAutoConfiguration$$EnhancerBySpringCGLIB$$27de14] is not eligible for getting processed by all BeanPostProcessors (for example: not eligible for auto-proxying)
15:30:37.381 wuliu56114 [main] INFO  o.s.c.s.PostProcessorRegistrationDelegate$BeanPostProcessorChecker - Bean 'org.springframework.boot.autoconfigure.jdbc.DataSourceConfiguration$Hikari' of type [org.springframework.boot.autoconfigure.jdbc.DataSourceConfiguration$Hikari] is not eligible for getting processed by all BeanPostProcessors (for example: not eligible for auto-proxying)
15:30:37.394 wuliu56114 [main] INFO  o.s.c.s.PostProcessorRegistrationDelegate$BeanPostProcessorChecker - Bean 'spring.datasource-org.springframework.boot.autoconfigure.jdbc.DataSourceProperties' of type [org.springframework.boot.autoconfigure.jdbc.DataSourceProperties] is not eligible for getting processed by all BeanPostProcessors (for example: not eligible for auto-proxying)
15:30:37.427 wuliu56114 [main] INFO  o.s.c.s.PostProcessorRegistrationDelegate$BeanPostProcessorChecker - Bean 'dataSource' of type [com.zaxxer.hikari.HikariDataSource] is not eligible for getting processed by all BeanPostProcessors (for example: not eligible for auto-proxying)
15:30:37.436 wuliu56114 [main] INFO  o.s.c.s.PostProcessorRegistrationDelegate$BeanPostProcessorChecker - Bean 'org.springframework.boot.autoconfigure.jdbc.DataSourceInitializerInvoker' of type [org.springframework.boot.autoconfigure.jdbc.DataSourceInitializerInvoker] is not eligible for getting processed by all BeanPostProcessors (for example: not eligible for auto-proxying)
15:30:37.746 wuliu56114 [main] INFO  o.s.c.s.PostProcessorRegistrationDelegate$BeanPostProcessorChecker - Bean 'sqlSessionFactory' of type [org.apache.ibatis.session.defaults.DefaultSqlSessionFactory] is not eligible for getting processed by all BeanPostProcessors (for example: not eligible for auto-proxying)
15:30:37.759 wuliu56114 [main] INFO  o.s.c.s.PostProcessorRegistrationDelegate$BeanPostProcessorChecker - Bean 'sqlSessionTemplate' of type [org.mybatis.spring.SqlSessionTemplate] is not eligible for getting processed by all BeanPostProcessors (for example: not eligible for auto-proxying)
15:30:37.764 wuliu56114 [main] INFO  o.s.c.s.PostProcessorRegistrationDelegate$BeanPostProcessorChecker - Bean 'userMapper' of type [org.mybatis.spring.mapper.MapperFactoryBean] is not eligible for getting processed by all BeanPostProcessors (for example: not eligible for auto-proxying)
15:30:37.766 wuliu56114 [main] INFO  o.s.c.s.PostProcessorRegistrationDelegate$BeanPostProcessorChecker - Bean 'userMapper' of type [com.sun.proxy.$Proxy55] is not eligible for getting processed by all BeanPostProcessors (for example: not eligible for auto-proxying)
15:30:37.768 wuliu56114 [main] INFO  o.s.c.s.PostProcessorRegistrationDelegate$BeanPostProcessorChecker - Bean 'userServiceImp' of type [com.select.wuliu.service.impl.UserServiceImp] is not eligible for getting processed by all BeanPostProcessors (for example: not eligible for auto-proxying)
15:30:37.772 wuliu56114 [main] INFO  o.s.c.s.PostProcessorRegistrationDelegate$BeanPostProcessorChecker - Bean 'roleMapper' of type [org.mybatis.spring.mapper.MapperFactoryBean] is not eligible for getting processed by all BeanPostProcessors (for example: not eligible for auto-proxying)
15:30:37.773 wuliu56114 [main] INFO  o.s.c.s.PostProcessorRegistrationDelegate$BeanPostProcessorChecker - Bean 'roleMapper' of type [com.sun.proxy.$Proxy58] is not eligible for getting processed by all BeanPostProcessors (for example: not eligible for auto-proxying)
15:30:37.774 wuliu56114 [main] INFO  o.s.c.s.PostProcessorRegistrationDelegate$BeanPostProcessorChecker - Bean 'roleServiceImp' of type [com.select.wuliu.service.impl.RoleServiceImp] is not eligible for getting processed by all BeanPostProcessors (for example: not eligible for auto-proxying)
15:30:37.774 wuliu56114 [main] INFO  o.s.c.s.PostProcessorRegistrationDelegate$BeanPostProcessorChecker - Bean 'myShiroRealm' of type [com.select.wuliu.shiro.MyShiroRealm] is not eligible for getting processed by all BeanPostProcessors (for example: not eligible for auto-proxying)
15:30:37.781 wuliu56114 [main] INFO  o.s.c.s.PostProcessorRegistrationDelegate$BeanPostProcessorChecker - Bean 'rememberMeCookie' of type [org.apache.shiro.web.servlet.SimpleCookie] is not eligible for getting processed by all BeanPostProcessors (for example: not eligible for auto-proxying)
15:30:37.785 wuliu56114 [main] INFO  o.s.c.s.PostProcessorRegistrationDelegate$BeanPostProcessorChecker - Bean 'rememberMeManager' of type [org.apache.shiro.web.mgt.CookieRememberMeManager] is not eligible for getting processed by all BeanPostProcessors (for example: not eligible for auto-proxying)
15:30:37.787 wuliu56114 [main] INFO  o.s.c.s.PostProcessorRegistrationDelegate$BeanPostProcessorChecker - Bean 'securityManager' of type [org.apache.shiro.web.mgt.DefaultWebSecurityManager] is not eligible for getting processed by all BeanPostProcessors (for example: not eligible for auto-proxying)
15:30:37.796 wuliu56114 [main] INFO  c.s.wuliu.shiro.ShiroConfiguration - ---Shiro拦截器工厂类注入成功---
15:30:38.159 wuliu56114 [main] INFO  o.s.b.w.e.tomcat.TomcatWebServer - Tomcat initialized with port(s): 8080 (http)
15:30:38.173 wuliu56114 [main] INFO  o.a.coyote.http11.Http11NioProtocol - Initializing ProtocolHandler ["http-nio-8080"]
15:30:38.189 wuliu56114 [main] INFO  o.a.catalina.core.StandardService - Starting service [Tomcat]
15:30:38.189 wuliu56114 [main] INFO  o.a.catalina.core.StandardEngine - Starting Servlet engine: [Apache Tomcat/9.0.16]
15:30:38.198 wuliu56114 [main] INFO  o.a.c.core.AprLifecycleListener - The APR based Apache Tomcat Native library which allows optimal performance in production environments was not found on the java.library.path: [D:\开发工具\tts9\tts9\jdk1.8.0_45\bin;C:\Windows\Sun\Java\bin;C:\Windows\system32;C:\Windows;D:/开发工具/tts9/tts9/jdk1.8.0_45/bin/../jre/bin/client;D:/开发工具/tts9/tts9/jdk1.8.0_45/bin/../jre/bin;D:/开发工具/tts9/tts9/jdk1.8.0_45/bin/../jre/lib/i386;D:\开发工具\tts9\tts9\jdk1.8.0_45\bin;C:\Windows\system32;C:\Windows;C:\Windows\System32\Wbem;C:\Windows\System32\WindowsPowerShell\v1.0\;C:\Windows\System32\OpenSSH\;D:\jdk1.6\bin;D:\jdk1.6\jre\bin;C:\Users\Admin\AppData\Local\Microsoft\WindowsApps;;D:\开发工具\tts9\tts9;;.]
15:30:38.323 wuliu56114 [main] INFO  o.a.c.c.C.[Tomcat].[localhost].[/] - Initializing Spring embedded WebApplicationContext
15:30:38.323 wuliu56114 [main] INFO  o.s.web.context.ContextLoader - Root WebApplicationContext: initialization completed in 2761 ms
15:30:38.832 wuliu56114 [main] INFO  o.s.s.c.ThreadPoolTaskScheduler - Initializing ExecutorService 'taskScheduler'
15:30:39.144 wuliu56114 [main] INFO  o.s.s.c.ThreadPoolTaskExecutor - Initializing ExecutorService 'applicationTaskExecutor'
15:30:39.294 wuliu56114 [main] INFO  com.select.wuliu.shiro.WebAppConfig - imagesPath=file:/D:/img/
15:30:39.369 wuliu56114 [main] INFO  o.s.b.a.w.s.WelcomePageHandlerMapping - Adding welcome page template: index
15:30:39.771 wuliu56114 [main] INFO  o.a.coyote.http11.Http11NioProtocol - Starting ProtocolHandler ["http-nio-8080"]
15:30:39.810 wuliu56114 [main] INFO  o.s.b.w.e.tomcat.TomcatWebServer - Tomcat started on port(s): 8080 (http) with context path ''
15:30:39.814 wuliu56114 [main] INFO  com.select.wuliu.WuliuApplication - Started WuliuApplication in 4.919 seconds (JVM running for 5.406)
15:30:40.811 wuliu56114 [http-nio-8080-exec-1] INFO  o.a.tomcat.util.http.parser.Cookie - A cookie header was received [1557708080,1557967592; Huiskin=blue; user=82a5b072-6a0e-475b-b5df-95cbcc253659; rememberMe=WxIkG4rswvAult5gKnO1z5KENbqvHETuDszPFyGNmJt/ecrsihp+GJ4nxlEEonPhTGI16FVB4DsYis8Y61lgxDxRaoEeyhrk0NEcxyOMonVNYpknvCjYBa4iGrtP7nzvxSwWhk0auGUHl2dfb8rn6RFN3G5dZY3f3UrhYFBD/2ParOa9XksWX6ICDxgte1b7MYX0c5s8TrlqcrlAZZuWKiM6fEXBhLdpxNYtWLyU7BtlsBzCLfg6vck/j/qzsAwpgZmnqpsw5mk7ewquigzLBS7IDsbpeodPU7aJNNMwXBZS0XKciy3TD8cBCiPp9xp1xYjUkWaZeQ7QL8RcHmSfTxCb07Gzbd0QU7TpjITyhqNi7cfQVoWCRD6qeyVBX7R81H4/RP75+nJMX5IHVcrnJSWmOJMSuQzxhpZFJJOyiZA4nElOmGyyJ87ZfK8KdPom4Gj8g8+1F96eHjaAM+qQrhIwAtQyDWaZbLg05HD86cAu5m4M28wmS/wdeSJSNk3c8zpYmp6LEXJ0v9Kj7hKEkeOsxBzl8Xuj+iKXcW0GDRQ=; Hm_lpvt_080836300300be57b7f34f4b3e97d911=1558939935; JSESSIONID=FFF5B345DDFEB24F3D218AD561A8382A] that contained an invalid cookie. That cookie will be ignored.
 Note: further occurrences of this error will be logged at DEBUG level.
15:30:40.821 wuliu56114 [http-nio-8080-exec-1] INFO  o.a.c.c.C.[Tomcat].[localhost].[/] - Initializing Spring DispatcherServlet 'dispatcherServlet'
15:30:40.822 wuliu56114 [http-nio-8080-exec-1] INFO  o.s.web.servlet.DispatcherServlet - Initializing Servlet 'dispatcherServlet'
15:30:40.831 wuliu56114 [http-nio-8080-exec-1] INFO  o.s.web.servlet.DispatcherServlet - Completed initialization in 9 ms
15:30:40.930 wuliu56114 [http-nio-8080-exec-1] INFO  com.zaxxer.hikari.HikariDataSource - 本地 - Starting...
15:30:41.141 wuliu56114 [http-nio-8080-exec-1] INFO  com.zaxxer.hikari.HikariDataSource - 本地 - Start completed.
15:30:41.351 wuliu56114 [http-nio-8080-exec-1] INFO  io.lettuce.core.EpollProvider - Starting without optional epoll library
15:30:41.353 wuliu56114 [http-nio-8080-exec-1] INFO  io.lettuce.core.KqueueProvider - Starting without optional kqueue library
17:34:59.930 wuliu56114 [main] INFO  com.select.wuliu.WuliuApplication - Starting WuliuApplication on PS-02 with PID 12712 (started by Admin in D:\开发工具\tts9\tts9\workspace\wuliu)
17:34:59.933 wuliu56114 [main] INFO  com.select.wuliu.WuliuApplication - No active profile set, falling back to default profiles: default
17:35:01.104 wuliu56114 [main] INFO  o.s.d.r.c.RepositoryConfigurationDelegate - Multiple Spring Data modules found, entering strict repository configuration mode!
17:35:01.107 wuliu56114 [main] INFO  o.s.d.r.c.RepositoryConfigurationDelegate - Bootstrapping Spring Data repositories in DEFAULT mode.
17:35:01.166 wuliu56114 [main] INFO  o.s.d.r.c.RepositoryConfigurationDelegate - Finished Spring Data repository scanning in 34ms. Found 0 repository interfaces.
17:35:01.567 wuliu56114 [main] INFO  o.s.c.s.PostProcessorRegistrationDelegate$BeanPostProcessorChecker - Bean 'shiroConfiguration' of type [com.select.wuliu.shiro.ShiroConfiguration$$EnhancerBySpringCGLIB$$3a25617d] is not eligible for getting processed by all BeanPostProcessors (for example: not eligible for auto-proxying)
17:35:01.580 wuliu56114 [main] INFO  o.s.c.s.PostProcessorRegistrationDelegate$BeanPostProcessorChecker - Bean 'redisConfig' of type [com.select.wuliu.redis.RedisConfig$$EnhancerBySpringCGLIB$$10280133] is not eligible for getting processed by all BeanPostProcessors (for example: not eligible for auto-proxying)
17:35:01.588 wuliu56114 [main] INFO  o.s.c.s.PostProcessorRegistrationDelegate$BeanPostProcessorChecker - Bean 'org.springframework.transaction.annotation.ProxyTransactionManagementConfiguration' of type [org.springframework.transaction.annotation.ProxyTransactionManagementConfiguration$$EnhancerBySpringCGLIB$$856c0afd] is not eligible for getting processed by all BeanPostProcessors (for example: not eligible for auto-proxying)
17:35:02.069 wuliu56114 [main] INFO  o.s.c.s.PostProcessorRegistrationDelegate$BeanPostProcessorChecker - Bean 'mybatis-org.mybatis.spring.boot.autoconfigure.MybatisProperties' of type [org.mybatis.spring.boot.autoconfigure.MybatisProperties] is not eligible for getting processed by all BeanPostProcessors (for example: not eligible for auto-proxying)
17:35:02.076 wuliu56114 [main] INFO  o.s.c.s.PostProcessorRegistrationDelegate$BeanPostProcessorChecker - Bean 'org.mybatis.spring.boot.autoconfigure.MybatisAutoConfiguration' of type [org.mybatis.spring.boot.autoconfigure.MybatisAutoConfiguration$$EnhancerBySpringCGLIB$$b8405c2d] is not eligible for getting processed by all BeanPostProcessors (for example: not eligible for auto-proxying)
17:35:02.079 wuliu56114 [main] INFO  o.s.c.s.PostProcessorRegistrationDelegate$BeanPostProcessorChecker - Bean 'org.springframework.boot.autoconfigure.jdbc.DataSourceConfiguration$Hikari' of type [org.springframework.boot.autoconfigure.jdbc.DataSourceConfiguration$Hikari] is not eligible for getting processed by all BeanPostProcessors (for example: not eligible for auto-proxying)
17:35:02.087 wuliu56114 [main] INFO  o.s.c.s.PostProcessorRegistrationDelegate$BeanPostProcessorChecker - Bean 'spring.datasource-org.springframework.boot.autoconfigure.jdbc.DataSourceProperties' of type [org.springframework.boot.autoconfigure.jdbc.DataSourceProperties] is not eligible for getting processed by all BeanPostProcessors (for example: not eligible for auto-proxying)
17:35:02.136 wuliu56114 [main] INFO  o.s.c.s.PostProcessorRegistrationDelegate$BeanPostProcessorChecker - Bean 'dataSource' of type [com.zaxxer.hikari.HikariDataSource] is not eligible for getting processed by all BeanPostProcessors (for example: not eligible for auto-proxying)
17:35:02.148 wuliu56114 [main] INFO  o.s.c.s.PostProcessorRegistrationDelegate$BeanPostProcessorChecker - Bean 'org.springframework.boot.autoconfigure.jdbc.DataSourceInitializerInvoker' of type [org.springframework.boot.autoconfigure.jdbc.DataSourceInitializerInvoker] is not eligible for getting processed by all BeanPostProcessors (for example: not eligible for auto-proxying)
17:35:02.522 wuliu56114 [main] INFO  o.s.c.s.PostProcessorRegistrationDelegate$BeanPostProcessorChecker - Bean 'sqlSessionFactory' of type [org.apache.ibatis.session.defaults.DefaultSqlSessionFactory] is not eligible for getting processed by all BeanPostProcessors (for example: not eligible for auto-proxying)
17:35:02.531 wuliu56114 [main] INFO  o.s.c.s.PostProcessorRegistrationDelegate$BeanPostProcessorChecker - Bean 'sqlSessionTemplate' of type [org.mybatis.spring.SqlSessionTemplate] is not eligible for getting processed by all BeanPostProcessors (for example: not eligible for auto-proxying)
17:35:02.535 wuliu56114 [main] INFO  o.s.c.s.PostProcessorRegistrationDelegate$BeanPostProcessorChecker - Bean 'userMapper' of type [org.mybatis.spring.mapper.MapperFactoryBean] is not eligible for getting processed by all BeanPostProcessors (for example: not eligible for auto-proxying)
17:35:02.538 wuliu56114 [main] INFO  o.s.c.s.PostProcessorRegistrationDelegate$BeanPostProcessorChecker - Bean 'userMapper' of type [com.sun.proxy.$Proxy55] is not eligible for getting processed by all BeanPostProcessors (for example: not eligible for auto-proxying)
17:35:02.540 wuliu56114 [main] INFO  o.s.c.s.PostProcessorRegistrationDelegate$BeanPostProcessorChecker - Bean 'userServiceImp' of type [com.select.wuliu.service.impl.UserServiceImp] is not eligible for getting processed by all BeanPostProcessors (for example: not eligible for auto-proxying)
17:35:02.544 wuliu56114 [main] INFO  o.s.c.s.PostProcessorRegistrationDelegate$BeanPostProcessorChecker - Bean 'roleMapper' of type [org.mybatis.spring.mapper.MapperFactoryBean] is not eligible for getting processed by all BeanPostProcessors (for example: not eligible for auto-proxying)
17:35:02.545 wuliu56114 [main] INFO  o.s.c.s.PostProcessorRegistrationDelegate$BeanPostProcessorChecker - Bean 'roleMapper' of type [com.sun.proxy.$Proxy58] is not eligible for getting processed by all BeanPostProcessors (for example: not eligible for auto-proxying)
17:35:02.546 wuliu56114 [main] INFO  o.s.c.s.PostProcessorRegistrationDelegate$BeanPostProcessorChecker - Bean 'roleServiceImp' of type [com.select.wuliu.service.impl.RoleServiceImp] is not eligible for getting processed by all BeanPostProcessors (for example: not eligible for auto-proxying)
17:35:02.547 wuliu56114 [main] INFO  o.s.c.s.PostProcessorRegistrationDelegate$BeanPostProcessorChecker - Bean 'myShiroRealm' of type [com.select.wuliu.shiro.MyShiroRealm] is not eligible for getting processed by all BeanPostProcessors (for example: not eligible for auto-proxying)
17:35:02.555 wuliu56114 [main] INFO  o.s.c.s.PostProcessorRegistrationDelegate$BeanPostProcessorChecker - Bean 'rememberMeCookie' of type [org.apache.shiro.web.servlet.SimpleCookie] is not eligible for getting processed by all BeanPostProcessors (for example: not eligible for auto-proxying)
17:35:02.558 wuliu56114 [main] INFO  o.s.c.s.PostProcessorRegistrationDelegate$BeanPostProcessorChecker - Bean 'rememberMeManager' of type [org.apache.shiro.web.mgt.CookieRememberMeManager] is not eligible for getting processed by all BeanPostProcessors (for example: not eligible for auto-proxying)
17:35:02.560 wuliu56114 [main] INFO  o.s.c.s.PostProcessorRegistrationDelegate$BeanPostProcessorChecker - Bean 'securityManager' of type [org.apache.shiro.web.mgt.DefaultWebSecurityManager] is not eligible for getting processed by all BeanPostProcessors (for example: not eligible for auto-proxying)
17:35:02.571 wuliu56114 [main] INFO  c.s.wuliu.shiro.ShiroConfiguration - ---Shiro拦截器工厂类注入成功---
17:35:02.977 wuliu56114 [main] INFO  o.s.b.w.e.tomcat.TomcatWebServer - Tomcat initialized with port(s): 8080 (http)
17:35:02.997 wuliu56114 [main] INFO  o.a.coyote.http11.Http11NioProtocol - Initializing ProtocolHandler ["http-nio-8080"]
17:35:03.008 wuliu56114 [main] INFO  o.a.catalina.core.StandardService - Starting service [Tomcat]
17:35:03.009 wuliu56114 [main] INFO  o.a.catalina.core.StandardEngine - Starting Servlet engine: [Apache Tomcat/9.0.16]
17:35:03.019 wuliu56114 [main] INFO  o.a.c.core.AprLifecycleListener - The APR based Apache Tomcat Native library which allows optimal performance in production environments was not found on the java.library.path: [D:\开发工具\tts9\tts9\jdk1.8.0_45\bin;C:\Windows\Sun\Java\bin;C:\Windows\system32;C:\Windows;D:/开发工具/tts9/tts9/jdk1.8.0_45/bin/../jre/bin/client;D:/开发工具/tts9/tts9/jdk1.8.0_45/bin/../jre/bin;D:/开发工具/tts9/tts9/jdk1.8.0_45/bin/../jre/lib/i386;D:\开发工具\tts9\tts9\jdk1.8.0_45\bin;C:\Windows\system32;C:\Windows;C:\Windows\System32\Wbem;C:\Windows\System32\WindowsPowerShell\v1.0\;C:\Windows\System32\OpenSSH\;D:\jdk1.6\bin;D:\jdk1.6\jre\bin;C:\Users\Admin\AppData\Local\Microsoft\WindowsApps;;D:\开发工具\tts9\tts9;;.]
17:35:03.168 wuliu56114 [main] INFO  o.a.c.c.C.[Tomcat].[localhost].[/] - Initializing Spring embedded WebApplicationContext
17:35:03.168 wuliu56114 [main] INFO  o.s.web.context.ContextLoader - Root WebApplicationContext: initialization completed in 3128 ms
17:35:03.664 wuliu56114 [main] INFO  o.s.s.c.ThreadPoolTaskScheduler - Initializing ExecutorService 'taskScheduler'
17:35:03.964 wuliu56114 [main] INFO  o.s.s.c.ThreadPoolTaskExecutor - Initializing ExecutorService 'applicationTaskExecutor'
17:35:04.112 wuliu56114 [main] INFO  com.select.wuliu.shiro.WebAppConfig - imagesPath=file:/D:/img/
17:35:04.203 wuliu56114 [main] INFO  o.s.b.a.w.s.WelcomePageHandlerMapping - Adding welcome page template: index
17:35:04.546 wuliu56114 [main] INFO  o.a.coyote.http11.Http11NioProtocol - Starting ProtocolHandler ["http-nio-8080"]
17:35:04.601 wuliu56114 [main] INFO  o.s.b.w.e.tomcat.TomcatWebServer - Tomcat started on port(s): 8080 (http) with context path ''
17:35:04.603 wuliu56114 [main] INFO  com.select.wuliu.WuliuApplication - Started WuliuApplication in 5.275 seconds (JVM running for 5.793)
17:35:11.518 wuliu56114 [http-nio-8080-exec-1] INFO  o.a.tomcat.util.http.parser.Cookie - A cookie header was received [1557708080,1557967592; Huiskin=blue; user=82a5b072-6a0e-475b-b5df-95cbcc253659; rememberMe=WxIkG4rswvAult5gKnO1z5KENbqvHETuDszPFyGNmJt/ecrsihp+GJ4nxlEEonPhTGI16FVB4DsYis8Y61lgxDxRaoEeyhrk0NEcxyOMonVNYpknvCjYBa4iGrtP7nzvxSwWhk0auGUHl2dfb8rn6RFN3G5dZY3f3UrhYFBD/2ParOa9XksWX6ICDxgte1b7MYX0c5s8TrlqcrlAZZuWKiM6fEXBhLdpxNYtWLyU7BtlsBzCLfg6vck/j/qzsAwpgZmnqpsw5mk7ewquigzLBS7IDsbpeodPU7aJNNMwXBZS0XKciy3TD8cBCiPp9xp1xYjUkWaZeQ7QL8RcHmSfTxCb07Gzbd0QU7TpjITyhqNi7cfQVoWCRD6qeyVBX7R81H4/RP75+nJMX5IHVcrnJSWmOJMSuQzxhpZFJJOyiZA4nElOmGyyJ87ZfK8KdPom4Gj8g8+1F96eHjaAM+qQrhIwAtQyDWaZbLg05HD86cAu5m4M28wmS/wdeSJSNk3c8zpYmp6LEXJ0v9Kj7hKEkeOsxBzl8Xuj+iKXcW0GDRQ=; JSESSIONID=4EBB6E7BA45B917A81957E6A47E5180D; Hm_lpvt_080836300300be57b7f34f4b3e97d911=1558948728] that contained an invalid cookie. That cookie will be ignored.
 Note: further occurrences of this error will be logged at DEBUG level.
17:35:11.538 wuliu56114 [http-nio-8080-exec-1] INFO  o.a.c.c.C.[Tomcat].[localhost].[/] - Initializing Spring DispatcherServlet 'dispatcherServlet'
17:35:11.538 wuliu56114 [http-nio-8080-exec-1] INFO  o.s.web.servlet.DispatcherServlet - Initializing Servlet 'dispatcherServlet'
17:35:11.552 wuliu56114 [http-nio-8080-exec-1] INFO  o.s.web.servlet.DispatcherServlet - Completed initialization in 14 ms
17:35:11.668 wuliu56114 [http-nio-8080-exec-1] INFO  com.zaxxer.hikari.HikariDataSource - 本地 - Starting...
17:35:11.898 wuliu56114 [http-nio-8080-exec-1] INFO  com.zaxxer.hikari.HikariDataSource - 本地 - Start completed.
17:35:12.142 wuliu56114 [http-nio-8080-exec-1] INFO  io.lettuce.core.EpollProvider - Starting without optional epoll library
17:35:12.143 wuliu56114 [http-nio-8080-exec-1] INFO  io.lettuce.core.KqueueProvider - Starting without optional kqueue library
18:27:02.569 wuliu56114 [main] INFO  com.select.wuliu.WuliuApplication - Starting WuliuApplication on PS-02 with PID 18792 (started by Admin in D:\开发工具\tts9\tts9\workspace\wuliu)
18:27:02.571 wuliu56114 [main] INFO  com.select.wuliu.WuliuApplication - No active profile set, falling back to default profiles: default
18:27:03.597 wuliu56114 [main] INFO  o.s.d.r.c.RepositoryConfigurationDelegate - Multiple Spring Data modules found, entering strict repository configuration mode!
18:27:03.599 wuliu56114 [main] INFO  o.s.d.r.c.RepositoryConfigurationDelegate - Bootstrapping Spring Data repositories in DEFAULT mode.
18:27:03.644 wuliu56114 [main] INFO  o.s.d.r.c.RepositoryConfigurationDelegate - Finished Spring Data repository scanning in 32ms. Found 0 repository interfaces.
18:27:03.994 wuliu56114 [main] INFO  o.s.c.s.PostProcessorRegistrationDelegate$BeanPostProcessorChecker - Bean 'shiroConfiguration' of type [com.select.wuliu.shiro.ShiroConfiguration$$EnhancerBySpringCGLIB$$c267343a] is not eligible for getting processed by all BeanPostProcessors (for example: not eligible for auto-proxying)
18:27:04.001 wuliu56114 [main] INFO  o.s.c.s.PostProcessorRegistrationDelegate$BeanPostProcessorChecker - Bean 'redisConfig' of type [com.select.wuliu.redis.RedisConfig$$EnhancerBySpringCGLIB$$9869d3f0] is not eligible for getting processed by all BeanPostProcessors (for example: not eligible for auto-proxying)
18:27:04.014 wuliu56114 [main] INFO  o.s.c.s.PostProcessorRegistrationDelegate$BeanPostProcessorChecker - Bean 'org.springframework.transaction.annotation.ProxyTransactionManagementConfiguration' of type [org.springframework.transaction.annotation.ProxyTransactionManagementConfiguration$$EnhancerBySpringCGLIB$$dadddba] is not eligible for getting processed by all BeanPostProcessors (for example: not eligible for auto-proxying)
18:27:04.491 wuliu56114 [main] INFO  o.s.c.s.PostProcessorRegistrationDelegate$BeanPostProcessorChecker - Bean 'mybatis-org.mybatis.spring.boot.autoconfigure.MybatisProperties' of type [org.mybatis.spring.boot.autoconfigure.MybatisProperties] is not eligible for getting processed by all BeanPostProcessors (for example: not eligible for auto-proxying)
18:27:04.497 wuliu56114 [main] INFO  o.s.c.s.PostProcessorRegistrationDelegate$BeanPostProcessorChecker - Bean 'org.mybatis.spring.boot.autoconfigure.MybatisAutoConfiguration' of type [org.mybatis.spring.boot.autoconfigure.MybatisAutoConfiguration$$EnhancerBySpringCGLIB$$40822eea] is not eligible for getting processed by all BeanPostProcessors (for example: not eligible for auto-proxying)
18:27:04.500 wuliu56114 [main] INFO  o.s.c.s.PostProcessorRegistrationDelegate$BeanPostProcessorChecker - Bean 'org.springframework.boot.autoconfigure.jdbc.DataSourceConfiguration$Hikari' of type [org.springframework.boot.autoconfigure.jdbc.DataSourceConfiguration$Hikari] is not eligible for getting processed by all BeanPostProcessors (for example: not eligible for auto-proxying)
18:27:04.506 wuliu56114 [main] INFO  o.s.c.s.PostProcessorRegistrationDelegate$BeanPostProcessorChecker - Bean 'spring.datasource-org.springframework.boot.autoconfigure.jdbc.DataSourceProperties' of type [org.springframework.boot.autoconfigure.jdbc.DataSourceProperties] is not eligible for getting processed by all BeanPostProcessors (for example: not eligible for auto-proxying)
18:27:04.541 wuliu56114 [main] INFO  o.s.c.s.PostProcessorRegistrationDelegate$BeanPostProcessorChecker - Bean 'dataSource' of type [com.zaxxer.hikari.HikariDataSource] is not eligible for getting processed by all BeanPostProcessors (for example: not eligible for auto-proxying)
18:27:04.551 wuliu56114 [main] INFO  o.s.c.s.PostProcessorRegistrationDelegate$BeanPostProcessorChecker - Bean 'org.springframework.boot.autoconfigure.jdbc.DataSourceInitializerInvoker' of type [org.springframework.boot.autoconfigure.jdbc.DataSourceInitializerInvoker] is not eligible for getting processed by all BeanPostProcessors (for example: not eligible for auto-proxying)
18:27:04.859 wuliu56114 [main] INFO  o.s.c.s.PostProcessorRegistrationDelegate$BeanPostProcessorChecker - Bean 'sqlSessionFactory' of type [org.apache.ibatis.session.defaults.DefaultSqlSessionFactory] is not eligible for getting processed by all BeanPostProcessors (for example: not eligible for auto-proxying)
18:27:04.866 wuliu56114 [main] INFO  o.s.c.s.PostProcessorRegistrationDelegate$BeanPostProcessorChecker - Bean 'sqlSessionTemplate' of type [org.mybatis.spring.SqlSessionTemplate] is not eligible for getting processed by all BeanPostProcessors (for example: not eligible for auto-proxying)
18:27:04.868 wuliu56114 [main] INFO  o.s.c.s.PostProcessorRegistrationDelegate$BeanPostProcessorChecker - Bean 'userMapper' of type [org.mybatis.spring.mapper.MapperFactoryBean] is not eligible for getting processed by all BeanPostProcessors (for example: not eligible for auto-proxying)
18:27:04.871 wuliu56114 [main] INFO  o.s.c.s.PostProcessorRegistrationDelegate$BeanPostProcessorChecker - Bean 'userMapper' of type [com.sun.proxy.$Proxy55] is not eligible for getting processed by all BeanPostProcessors (for example: not eligible for auto-proxying)
18:27:04.874 wuliu56114 [main] INFO  o.s.c.s.PostProcessorRegistrationDelegate$BeanPostProcessorChecker - Bean 'userServiceImp' of type [com.select.wuliu.service.impl.UserServiceImp] is not eligible for getting processed by all BeanPostProcessors (for example: not eligible for auto-proxying)
18:27:04.878 wuliu56114 [main] INFO  o.s.c.s.PostProcessorRegistrationDelegate$BeanPostProcessorChecker - Bean 'roleMapper' of type [org.mybatis.spring.mapper.MapperFactoryBean] is not eligible for getting processed by all BeanPostProcessors (for example: not eligible for auto-proxying)
18:27:04.879 wuliu56114 [main] INFO  o.s.c.s.PostProcessorRegistrationDelegate$BeanPostProcessorChecker - Bean 'roleMapper' of type [com.sun.proxy.$Proxy58] is not eligible for getting processed by all BeanPostProcessors (for example: not eligible for auto-proxying)
18:27:04.879 wuliu56114 [main] INFO  o.s.c.s.PostProcessorRegistrationDelegate$BeanPostProcessorChecker - Bean 'roleServiceImp' of type [com.select.wuliu.service.impl.RoleServiceImp] is not eligible for getting processed by all BeanPostProcessors (for example: not eligible for auto-proxying)
18:27:04.880 wuliu56114 [main] INFO  o.s.c.s.PostProcessorRegistrationDelegate$BeanPostProcessorChecker - Bean 'myShiroRealm' of type [com.select.wuliu.shiro.MyShiroRealm] is not eligible for getting processed by all BeanPostProcessors (for example: not eligible for auto-proxying)
18:27:04.886 wuliu56114 [main] INFO  o.s.c.s.PostProcessorRegistrationDelegate$BeanPostProcessorChecker - Bean 'rememberMeCookie' of type [org.apache.shiro.web.servlet.SimpleCookie] is not eligible for getting processed by all BeanPostProcessors (for example: not eligible for auto-proxying)
18:27:04.890 wuliu56114 [main] INFO  o.s.c.s.PostProcessorRegistrationDelegate$BeanPostProcessorChecker - Bean 'rememberMeManager' of type [org.apache.shiro.web.mgt.CookieRememberMeManager] is not eligible for getting processed by all BeanPostProcessors (for example: not eligible for auto-proxying)
18:27:04.893 wuliu56114 [main] INFO  o.s.c.s.PostProcessorRegistrationDelegate$BeanPostProcessorChecker - Bean 'securityManager' of type [org.apache.shiro.web.mgt.DefaultWebSecurityManager] is not eligible for getting processed by all BeanPostProcessors (for example: not eligible for auto-proxying)
18:27:04.899 wuliu56114 [main] INFO  c.s.wuliu.shiro.ShiroConfiguration - ---Shiro拦截器工厂类注入成功---
18:27:05.248 wuliu56114 [main] INFO  o.s.b.w.e.tomcat.TomcatWebServer - Tomcat initialized with port(s): 8080 (http)
18:27:05.261 wuliu56114 [main] INFO  o.a.coyote.http11.Http11NioProtocol - Initializing ProtocolHandler ["http-nio-8080"]
18:27:05.271 wuliu56114 [main] INFO  o.a.catalina.core.StandardService - Starting service [Tomcat]
18:27:05.271 wuliu56114 [main] INFO  o.a.catalina.core.StandardEngine - Starting Servlet engine: [Apache Tomcat/9.0.16]
18:27:05.280 wuliu56114 [main] INFO  o.a.c.core.AprLifecycleListener - The APR based Apache Tomcat Native library which allows optimal performance in production environments was not found on the java.library.path: [D:\开发工具\tts9\tts9\jdk1.8.0_45\bin;C:\Windows\Sun\Java\bin;C:\Windows\system32;C:\Windows;D:/开发工具/tts9/tts9/jdk1.8.0_45/bin/../jre/bin/client;D:/开发工具/tts9/tts9/jdk1.8.0_45/bin/../jre/bin;D:/开发工具/tts9/tts9/jdk1.8.0_45/bin/../jre/lib/i386;D:\开发工具\tts9\tts9\jdk1.8.0_45\bin;C:\Windows\system32;C:\Windows;C:\Windows\System32\Wbem;C:\Windows\System32\WindowsPowerShell\v1.0\;C:\Windows\System32\OpenSSH\;D:\jdk1.6\bin;D:\jdk1.6\jre\bin;C:\Users\Admin\AppData\Local\Microsoft\WindowsApps;;D:\开发工具\tts9\tts9;;.]
18:27:05.417 wuliu56114 [main] INFO  o.a.c.c.C.[Tomcat].[localhost].[/] - Initializing Spring embedded WebApplicationContext
18:27:05.417 wuliu56114 [main] INFO  o.s.web.context.ContextLoader - Root WebApplicationContext: initialization completed in 2769 ms
18:27:05.886 wuliu56114 [main] INFO  o.s.s.c.ThreadPoolTaskScheduler - Initializing ExecutorService 'taskScheduler'
18:27:06.174 wuliu56114 [main] INFO  o.s.s.c.ThreadPoolTaskExecutor - Initializing ExecutorService 'applicationTaskExecutor'
18:27:06.396 wuliu56114 [main] INFO  com.select.wuliu.shiro.WebAppConfig - imagesPath=file:/D:/img/
18:27:06.476 wuliu56114 [main] INFO  o.s.b.a.w.s.WelcomePageHandlerMapping - Adding welcome page template: index
18:27:06.804 wuliu56114 [main] INFO  o.a.coyote.http11.Http11NioProtocol - Starting ProtocolHandler ["http-nio-8080"]
18:27:06.846 wuliu56114 [main] INFO  o.s.b.w.e.tomcat.TomcatWebServer - Tomcat started on port(s): 8080 (http) with context path ''
18:27:06.849 wuliu56114 [main] INFO  com.select.wuliu.WuliuApplication - Started WuliuApplication in 4.816 seconds (JVM running for 5.295)
18:27:14.860 wuliu56114 [http-nio-8080-exec-1] INFO  o.a.tomcat.util.http.parser.Cookie - A cookie header was received [1557708080,1557967592; Huiskin=blue; user=82a5b072-6a0e-475b-b5df-95cbcc253659; rememberMe=WxIkG4rswvAult5gKnO1z5KENbqvHETuDszPFyGNmJt/ecrsihp+GJ4nxlEEonPhTGI16FVB4DsYis8Y61lgxDxRaoEeyhrk0NEcxyOMonVNYpknvCjYBa4iGrtP7nzvxSwWhk0auGUHl2dfb8rn6RFN3G5dZY3f3UrhYFBD/2ParOa9XksWX6ICDxgte1b7MYX0c5s8TrlqcrlAZZuWKiM6fEXBhLdpxNYtWLyU7BtlsBzCLfg6vck/j/qzsAwpgZmnqpsw5mk7ewquigzLBS7IDsbpeodPU7aJNNMwXBZS0XKciy3TD8cBCiPp9xp1xYjUkWaZeQ7QL8RcHmSfTxCb07Gzbd0QU7TpjITyhqNi7cfQVoWCRD6qeyVBX7R81H4/RP75+nJMX5IHVcrnJSWmOJMSuQzxhpZFJJOyiZA4nElOmGyyJ87ZfK8KdPom4Gj8g8+1F96eHjaAM+qQrhIwAtQyDWaZbLg05HD86cAu5m4M28wmS/wdeSJSNk3c8zpYmp6LEXJ0v9Kj7hKEkeOsxBzl8Xuj+iKXcW0GDRQ=; JSESSIONID=44CF8A3218AA0FF9C0AF5D2B8698D97B; Hm_lpvt_080836300300be57b7f34f4b3e97d911=1558952116] that contained an invalid cookie. That cookie will be ignored.
 Note: further occurrences of this error will be logged at DEBUG level.
18:27:14.874 wuliu56114 [http-nio-8080-exec-1] INFO  o.a.c.c.C.[Tomcat].[localhost].[/] - Initializing Spring DispatcherServlet 'dispatcherServlet'
18:27:14.874 wuliu56114 [http-nio-8080-exec-1] INFO  o.s.web.servlet.DispatcherServlet - Initializing Servlet 'dispatcherServlet'
18:27:14.896 wuliu56114 [http-nio-8080-exec-1] INFO  o.s.web.servlet.DispatcherServlet - Completed initialization in 22 ms
18:27:15.794 wuliu56114 [http-nio-8080-exec-2] INFO  io.lettuce.core.EpollProvider - Starting without optional epoll library
18:27:15.796 wuliu56114 [http-nio-8080-exec-2] INFO  io.lettuce.core.KqueueProvider - Starting without optional kqueue library
18:27:16.442 wuliu56114 [http-nio-8080-exec-2] INFO  com.zaxxer.hikari.HikariDataSource - 本地 - Starting...
18:27:16.629 wuliu56114 [http-nio-8080-exec-2] INFO  com.zaxxer.hikari.HikariDataSource - 本地 - Start completed.
18:48:51.808 wuliu56114 [main] INFO  com.select.wuliu.WuliuApplication - Starting WuliuApplication on PS-02 with PID 13032 (started by Admin in D:\开发工具\tts9\tts9\workspace\wuliu)
18:48:51.811 wuliu56114 [main] INFO  com.select.wuliu.WuliuApplication - No active profile set, falling back to default profiles: default
18:48:52.884 wuliu56114 [main] INFO  o.s.d.r.c.RepositoryConfigurationDelegate - Multiple Spring Data modules found, entering strict repository configuration mode!
18:48:52.888 wuliu56114 [main] INFO  o.s.d.r.c.RepositoryConfigurationDelegate - Bootstrapping Spring Data repositories in DEFAULT mode.
18:48:52.940 wuliu56114 [main] INFO  o.s.d.r.c.RepositoryConfigurationDelegate - Finished Spring Data repository scanning in 34ms. Found 0 repository interfaces.
18:48:53.372 wuliu56114 [main] INFO  o.s.c.s.PostProcessorRegistrationDelegate$BeanPostProcessorChecker - Bean 'shiroConfiguration' of type [com.select.wuliu.shiro.ShiroConfiguration$$EnhancerBySpringCGLIB$$c9ee3629] is not eligible for getting processed by all BeanPostProcessors (for example: not eligible for auto-proxying)
18:48:53.382 wuliu56114 [main] INFO  o.s.c.s.PostProcessorRegistrationDelegate$BeanPostProcessorChecker - Bean 'redisConfig' of type [com.select.wuliu.redis.RedisConfig$$EnhancerBySpringCGLIB$$9ff0d5df] is not eligible for getting processed by all BeanPostProcessors (for example: not eligible for auto-proxying)
18:48:53.390 wuliu56114 [main] INFO  o.s.c.s.PostProcessorRegistrationDelegate$BeanPostProcessorChecker - Bean 'org.springframework.transaction.annotation.ProxyTransactionManagementConfiguration' of type [org.springframework.transaction.annotation.ProxyTransactionManagementConfiguration$$EnhancerBySpringCGLIB$$1534dfa9] is not eligible for getting processed by all BeanPostProcessors (for example: not eligible for auto-proxying)
18:48:53.955 wuliu56114 [main] INFO  o.s.c.s.PostProcessorRegistrationDelegate$BeanPostProcessorChecker - Bean 'mybatis-org.mybatis.spring.boot.autoconfigure.MybatisProperties' of type [org.mybatis.spring.boot.autoconfigure.MybatisProperties] is not eligible for getting processed by all BeanPostProcessors (for example: not eligible for auto-proxying)
18:48:53.964 wuliu56114 [main] INFO  o.s.c.s.PostProcessorRegistrationDelegate$BeanPostProcessorChecker - Bean 'org.mybatis.spring.boot.autoconfigure.MybatisAutoConfiguration' of type [org.mybatis.spring.boot.autoconfigure.MybatisAutoConfiguration$$EnhancerBySpringCGLIB$$480930d9] is not eligible for getting processed by all BeanPostProcessors (for example: not eligible for auto-proxying)
18:48:53.968 wuliu56114 [main] INFO  o.s.c.s.PostProcessorRegistrationDelegate$BeanPostProcessorChecker - Bean 'org.springframework.boot.autoconfigure.jdbc.DataSourceConfiguration$Hikari' of type [org.springframework.boot.autoconfigure.jdbc.DataSourceConfiguration$Hikari] is not eligible for getting processed by all BeanPostProcessors (for example: not eligible for auto-proxying)
18:48:53.978 wuliu56114 [main] INFO  o.s.c.s.PostProcessorRegistrationDelegate$BeanPostProcessorChecker - Bean 'spring.datasource-org.springframework.boot.autoconfigure.jdbc.DataSourceProperties' of type [org.springframework.boot.autoconfigure.jdbc.DataSourceProperties] is not eligible for getting processed by all BeanPostProcessors (for example: not eligible for auto-proxying)
18:48:54.028 wuliu56114 [main] INFO  o.s.c.s.PostProcessorRegistrationDelegate$BeanPostProcessorChecker - Bean 'dataSource' of type [com.zaxxer.hikari.HikariDataSource] is not eligible for getting processed by all BeanPostProcessors (for example: not eligible for auto-proxying)
18:48:54.039 wuliu56114 [main] INFO  o.s.c.s.PostProcessorRegistrationDelegate$BeanPostProcessorChecker - Bean 'org.springframework.boot.autoconfigure.jdbc.DataSourceInitializerInvoker' of type [org.springframework.boot.autoconfigure.jdbc.DataSourceInitializerInvoker] is not eligible for getting processed by all BeanPostProcessors (for example: not eligible for auto-proxying)
18:48:54.409 wuliu56114 [main] INFO  o.s.c.s.PostProcessorRegistrationDelegate$BeanPostProcessorChecker - Bean 'sqlSessionFactory' of type [org.apache.ibatis.session.defaults.DefaultSqlSessionFactory] is not eligible for getting processed by all BeanPostProcessors (for example: not eligible for auto-proxying)
18:48:54.417 wuliu56114 [main] INFO  o.s.c.s.PostProcessorRegistrationDelegate$BeanPostProcessorChecker - Bean 'sqlSessionTemplate' of type [org.mybatis.spring.SqlSessionTemplate] is not eligible for getting processed by all BeanPostProcessors (for example: not eligible for auto-proxying)
18:48:54.421 wuliu56114 [main] INFO  o.s.c.s.PostProcessorRegistrationDelegate$BeanPostProcessorChecker - Bean 'userMapper' of type [org.mybatis.spring.mapper.MapperFactoryBean] is not eligible for getting processed by all BeanPostProcessors (for example: not eligible for auto-proxying)
18:48:54.425 wuliu56114 [main] INFO  o.s.c.s.PostProcessorRegistrationDelegate$BeanPostProcessorChecker - Bean 'userMapper' of type [com.sun.proxy.$Proxy55] is not eligible for getting processed by all BeanPostProcessors (for example: not eligible for auto-proxying)
18:48:54.427 wuliu56114 [main] INFO  o.s.c.s.PostProcessorRegistrationDelegate$BeanPostProcessorChecker - Bean 'userServiceImp' of type [com.select.wuliu.service.impl.UserServiceImp] is not eligible for getting processed by all BeanPostProcessors (for example: not eligible for auto-proxying)
18:48:54.432 wuliu56114 [main] INFO  o.s.c.s.PostProcessorRegistrationDelegate$BeanPostProcessorChecker - Bean 'roleMapper' of type [org.mybatis.spring.mapper.MapperFactoryBean] is not eligible for getting processed by all BeanPostProcessors (for example: not eligible for auto-proxying)
18:48:54.433 wuliu56114 [main] INFO  o.s.c.s.PostProcessorRegistrationDelegate$BeanPostProcessorChecker - Bean 'roleMapper' of type [com.sun.proxy.$Proxy58] is not eligible for getting processed by all BeanPostProcessors (for example: not eligible for auto-proxying)
18:48:54.434 wuliu56114 [main] INFO  o.s.c.s.PostProcessorRegistrationDelegate$BeanPostProcessorChecker - Bean 'roleServiceImp' of type [com.select.wuliu.service.impl.RoleServiceImp] is not eligible for getting processed by all BeanPostProcessors (for example: not eligible for auto-proxying)
18:48:54.435 wuliu56114 [main] INFO  o.s.c.s.PostProcessorRegistrationDelegate$BeanPostProcessorChecker - Bean 'myShiroRealm' of type [com.select.wuliu.shiro.MyShiroRealm] is not eligible for getting processed by all BeanPostProcessors (for example: not eligible for auto-proxying)
18:48:54.441 wuliu56114 [main] INFO  o.s.c.s.PostProcessorRegistrationDelegate$BeanPostProcessorChecker - Bean 'rememberMeCookie' of type [org.apache.shiro.web.servlet.SimpleCookie] is not eligible for getting processed by all BeanPostProcessors (for example: not eligible for auto-proxying)
18:48:54.444 wuliu56114 [main] INFO  o.s.c.s.PostProcessorRegistrationDelegate$BeanPostProcessorChecker - Bean 'rememberMeManager' of type [org.apache.shiro.web.mgt.CookieRememberMeManager] is not eligible for getting processed by all BeanPostProcessors (for example: not eligible for auto-proxying)
18:48:54.447 wuliu56114 [main] INFO  o.s.c.s.PostProcessorRegistrationDelegate$BeanPostProcessorChecker - Bean 'securityManager' of type [org.apache.shiro.web.mgt.DefaultWebSecurityManager] is not eligible for getting processed by all BeanPostProcessors (for example: not eligible for auto-proxying)
18:48:54.454 wuliu56114 [main] INFO  c.s.wuliu.shiro.ShiroConfiguration - ---Shiro拦截器工厂类注入成功---
18:48:54.878 wuliu56114 [main] INFO  o.s.b.w.e.tomcat.TomcatWebServer - Tomcat initialized with port(s): 8080 (http)
18:48:54.906 wuliu56114 [main] INFO  o.a.coyote.http11.Http11NioProtocol - Initializing ProtocolHandler ["http-nio-8080"]
18:48:54.925 wuliu56114 [main] INFO  o.a.catalina.core.StandardService - Starting service [Tomcat]
18:48:54.925 wuliu56114 [main] INFO  o.a.catalina.core.StandardEngine - Starting Servlet engine: [Apache Tomcat/9.0.16]
18:48:54.938 wuliu56114 [main] INFO  o.a.c.core.AprLifecycleListener - The APR based Apache Tomcat Native library which allows optimal performance in production environments was not found on the java.library.path: [D:\开发工具\tts9\tts9\jdk1.8.0_45\bin;C:\Windows\Sun\Java\bin;C:\Windows\system32;C:\Windows;D:/开发工具/tts9/tts9/jdk1.8.0_45/bin/../jre/bin/client;D:/开发工具/tts9/tts9/jdk1.8.0_45/bin/../jre/bin;D:/开发工具/tts9/tts9/jdk1.8.0_45/bin/../jre/lib/i386;D:\开发工具\tts9\tts9\jdk1.8.0_45\bin;C:\Windows\system32;C:\Windows;C:\Windows\System32\Wbem;C:\Windows\System32\WindowsPowerShell\v1.0\;C:\Windows\System32\OpenSSH\;D:\jdk1.6\bin;D:\jdk1.6\jre\bin;C:\Users\Admin\AppData\Local\Microsoft\WindowsApps;;D:\开发工具\tts9\tts9;;.]
18:48:55.160 wuliu56114 [main] INFO  o.a.c.c.C.[Tomcat].[localhost].[/] - Initializing Spring embedded WebApplicationContext
18:48:55.161 wuliu56114 [main] INFO  o.s.web.context.ContextLoader - Root WebApplicationContext: initialization completed in 3267 ms
18:48:55.730 wuliu56114 [main] INFO  o.s.s.c.ThreadPoolTaskScheduler - Initializing ExecutorService 'taskScheduler'
18:48:56.065 wuliu56114 [main] INFO  o.s.s.c.ThreadPoolTaskExecutor - Initializing ExecutorService 'applicationTaskExecutor'
18:48:56.228 wuliu56114 [main] INFO  com.select.wuliu.shiro.WebAppConfig - imagesPath=file:/D:/img/
18:48:56.325 wuliu56114 [main] INFO  o.s.b.a.w.s.WelcomePageHandlerMapping - Adding welcome page template: index
18:48:56.706 wuliu56114 [main] INFO  o.a.coyote.http11.Http11NioProtocol - Starting ProtocolHandler ["http-nio-8080"]
18:48:56.756 wuliu56114 [main] INFO  o.s.b.w.e.tomcat.TomcatWebServer - Tomcat started on port(s): 8080 (http) with context path ''
18:48:56.758 wuliu56114 [main] INFO  com.select.wuliu.WuliuApplication - Started WuliuApplication in 5.542 seconds (JVM running for 6.089)
18:49:01.329 wuliu56114 [http-nio-8080-exec-1] INFO  o.a.tomcat.util.http.parser.Cookie - A cookie header was received [1557708080,1557967592; Huiskin=blue; user=82a5b072-6a0e-475b-b5df-95cbcc253659; rememberMe=WxIkG4rswvAult5gKnO1z5KENbqvHETuDszPFyGNmJt/ecrsihp+GJ4nxlEEonPhTGI16FVB4DsYis8Y61lgxDxRaoEeyhrk0NEcxyOMonVNYpknvCjYBa4iGrtP7nzvxSwWhk0auGUHl2dfb8rn6RFN3G5dZY3f3UrhYFBD/2ParOa9XksWX6ICDxgte1b7MYX0c5s8TrlqcrlAZZuWKiM6fEXBhLdpxNYtWLyU7BtlsBzCLfg6vck/j/qzsAwpgZmnqpsw5mk7ewquigzLBS7IDsbpeodPU7aJNNMwXBZS0XKciy3TD8cBCiPp9xp1xYjUkWaZeQ7QL8RcHmSfTxCb07Gzbd0QU7TpjITyhqNi7cfQVoWCRD6qeyVBX7R81H4/RP75+nJMX5IHVcrnJSWmOJMSuQzxhpZFJJOyiZA4nElOmGyyJ87ZfK8KdPom4Gj8g8+1F96eHjaAM+qQrhIwAtQyDWaZbLg05HD86cAu5m4M28wmS/wdeSJSNk3c8zpYmp6LEXJ0v9Kj7hKEkeOsxBzl8Xuj+iKXcW0GDRQ=; Hm_lpvt_080836300300be57b7f34f4b3e97d911=1558952116; JSESSIONID=68C8D9F271673F2651A460074F080BA9] that contained an invalid cookie. That cookie will be ignored.
 Note: further occurrences of this error will be logged at DEBUG level.
18:49:01.349 wuliu56114 [http-nio-8080-exec-1] INFO  o.a.c.c.C.[Tomcat].[localhost].[/] - Initializing Spring DispatcherServlet 'dispatcherServlet'
18:49:01.350 wuliu56114 [http-nio-8080-exec-1] INFO  o.s.web.servlet.DispatcherServlet - Initializing Servlet 'dispatcherServlet'
18:49:01.360 wuliu56114 [http-nio-8080-exec-1] INFO  o.s.web.servlet.DispatcherServlet - Completed initialization in 10 ms
18:49:01.468 wuliu56114 [http-nio-8080-exec-1] INFO  com.zaxxer.hikari.HikariDataSource - 本地 - Starting...
18:49:01.749 wuliu56114 [http-nio-8080-exec-1] INFO  com.zaxxer.hikari.HikariDataSource - 本地 - Start completed.
18:49:01.981 wuliu56114 [http-nio-8080-exec-1] INFO  io.lettuce.core.EpollProvider - Starting without optional epoll library
18:49:01.983 wuliu56114 [http-nio-8080-exec-1] INFO  io.lettuce.core.KqueueProvider - Starting without optional kqueue library
