09:30:30.711 物流专线项目 [main] INFO  com.select.wuliu.WuliuApplication - Starting WuliuApplication on PS-02 with PID 2332 (started by Admin in D:\开发工具\tts9\tts9\workspace\wuliu)
09:30:30.726 物流专线项目 [main] INFO  com.select.wuliu.WuliuApplication - No active profile set, falling back to default profiles: default
09:30:32.662 物流专线项目 [main] INFO  o.s.d.r.c.RepositoryConfigurationDelegate - Multiple Spring Data modules found, entering strict repository configuration mode!
09:30:32.668 物流专线项目 [main] INFO  o.s.d.r.c.RepositoryConfigurationDelegate - Bootstrapping Spring Data repositories in DEFAULT mode.
09:30:32.766 物流专线项目 [main] INFO  o.s.d.r.c.RepositoryConfigurationDelegate - Finished Spring Data repository scanning in 65ms. Found 0 repository interfaces.
09:30:33.338 物流专线项目 [main] INFO  o.s.c.s.PostProcessorRegistrationDelegate$BeanPostProcessorChecker - Bean 'shiroConfiguration' of type [com.select.wuliu.shiro.ShiroConfiguration$$EnhancerBySpringCGLIB$$4e662db9] is not eligible for getting processed by all BeanPostProcessors (for example: not eligible for auto-proxying)
09:30:33.355 物流专线项目 [main] INFO  o.s.c.s.PostProcessorRegistrationDelegate$BeanPostProcessorChecker - Bean 'redisConfig' of type [com.select.wuliu.redis.RedisConfig$$EnhancerBySpringCGLIB$$2468cd6f] is not eligible for getting processed by all BeanPostProcessors (for example: not eligible for auto-proxying)
09:30:33.365 物流专线项目 [main] INFO  o.s.c.s.PostProcessorRegistrationDelegate$BeanPostProcessorChecker - Bean 'org.springframework.transaction.annotation.ProxyTransactionManagementConfiguration' of type [org.springframework.transaction.annotation.ProxyTransactionManagementConfiguration$$EnhancerBySpringCGLIB$$99acd739] is not eligible for getting processed by all BeanPostProcessors (for example: not eligible for auto-proxying)
09:30:34.493 物流专线项目 [main] INFO  o.s.c.s.PostProcessorRegistrationDelegate$BeanPostProcessorChecker - Bean 'mybatis-org.mybatis.spring.boot.autoconfigure.MybatisProperties' of type [org.mybatis.spring.boot.autoconfigure.MybatisProperties] is not eligible for getting processed by all BeanPostProcessors (for example: not eligible for auto-proxying)
09:30:34.501 物流专线项目 [main] INFO  o.s.c.s.PostProcessorRegistrationDelegate$BeanPostProcessorChecker - Bean 'org.mybatis.spring.boot.autoconfigure.MybatisAutoConfiguration' of type [org.mybatis.spring.boot.autoconfigure.MybatisAutoConfiguration$$EnhancerBySpringCGLIB$$cc812869] is not eligible for getting processed by all BeanPostProcessors (for example: not eligible for auto-proxying)
09:30:34.504 物流专线项目 [main] INFO  o.s.c.s.PostProcessorRegistrationDelegate$BeanPostProcessorChecker - Bean 'org.springframework.boot.autoconfigure.jdbc.DataSourceConfiguration$Hikari' of type [org.springframework.boot.autoconfigure.jdbc.DataSourceConfiguration$Hikari] is not eligible for getting processed by all BeanPostProcessors (for example: not eligible for auto-proxying)
09:30:34.517 物流专线项目 [main] INFO  o.s.c.s.PostProcessorRegistrationDelegate$BeanPostProcessorChecker - Bean 'spring.datasource-org.springframework.boot.autoconfigure.jdbc.DataSourceProperties' of type [org.springframework.boot.autoconfigure.jdbc.DataSourceProperties] is not eligible for getting processed by all BeanPostProcessors (for example: not eligible for auto-proxying)
09:30:34.587 物流专线项目 [main] INFO  o.s.c.s.PostProcessorRegistrationDelegate$BeanPostProcessorChecker - Bean 'dataSource' of type [com.zaxxer.hikari.HikariDataSource] is not eligible for getting processed by all BeanPostProcessors (for example: not eligible for auto-proxying)
09:30:34.610 物流专线项目 [main] INFO  o.s.c.s.PostProcessorRegistrationDelegate$BeanPostProcessorChecker - Bean 'org.springframework.boot.autoconfigure.jdbc.DataSourceInitializerInvoker' of type [org.springframework.boot.autoconfigure.jdbc.DataSourceInitializerInvoker] is not eligible for getting processed by all BeanPostProcessors (for example: not eligible for auto-proxying)
09:30:35.193 物流专线项目 [main] INFO  o.s.c.s.PostProcessorRegistrationDelegate$BeanPostProcessorChecker - Bean 'sqlSessionFactory' of type [org.apache.ibatis.session.defaults.DefaultSqlSessionFactory] is not eligible for getting processed by all BeanPostProcessors (for example: not eligible for auto-proxying)
09:30:35.202 物流专线项目 [main] INFO  o.s.c.s.PostProcessorRegistrationDelegate$BeanPostProcessorChecker - Bean 'sqlSessionTemplate' of type [org.mybatis.spring.SqlSessionTemplate] is not eligible for getting processed by all BeanPostProcessors (for example: not eligible for auto-proxying)
09:30:35.206 物流专线项目 [main] INFO  o.s.c.s.PostProcessorRegistrationDelegate$BeanPostProcessorChecker - Bean 'userMapper' of type [org.mybatis.spring.mapper.MapperFactoryBean] is not eligible for getting processed by all BeanPostProcessors (for example: not eligible for auto-proxying)
09:30:35.211 物流专线项目 [main] INFO  o.s.c.s.PostProcessorRegistrationDelegate$BeanPostProcessorChecker - Bean 'userMapper' of type [com.sun.proxy.$Proxy54] is not eligible for getting processed by all BeanPostProcessors (for example: not eligible for auto-proxying)
09:30:35.217 物流专线项目 [main] INFO  o.s.c.s.PostProcessorRegistrationDelegate$BeanPostProcessorChecker - Bean 'userServiceImp' of type [com.select.wuliu.service.impl.UserServiceImp] is not eligible for getting processed by all BeanPostProcessors (for example: not eligible for auto-proxying)
09:30:35.227 物流专线项目 [main] INFO  o.s.c.s.PostProcessorRegistrationDelegate$BeanPostProcessorChecker - Bean 'roleMapper' of type [org.mybatis.spring.mapper.MapperFactoryBean] is not eligible for getting processed by all BeanPostProcessors (for example: not eligible for auto-proxying)
09:30:35.231 物流专线项目 [main] INFO  o.s.c.s.PostProcessorRegistrationDelegate$BeanPostProcessorChecker - Bean 'roleMapper' of type [com.sun.proxy.$Proxy57] is not eligible for getting processed by all BeanPostProcessors (for example: not eligible for auto-proxying)
09:30:35.233 物流专线项目 [main] INFO  o.s.c.s.PostProcessorRegistrationDelegate$BeanPostProcessorChecker - Bean 'roleServiceImp' of type [com.select.wuliu.service.impl.RoleServiceImp] is not eligible for getting processed by all BeanPostProcessors (for example: not eligible for auto-proxying)
09:30:35.234 物流专线项目 [main] INFO  o.s.c.s.PostProcessorRegistrationDelegate$BeanPostProcessorChecker - Bean 'myShiroRealm' of type [com.select.wuliu.shiro.MyShiroRealm] is not eligible for getting processed by all BeanPostProcessors (for example: not eligible for auto-proxying)
09:30:35.245 物流专线项目 [main] INFO  o.s.c.s.PostProcessorRegistrationDelegate$BeanPostProcessorChecker - Bean 'rememberMeCookie' of type [org.apache.shiro.web.servlet.SimpleCookie] is not eligible for getting processed by all BeanPostProcessors (for example: not eligible for auto-proxying)
09:30:35.254 物流专线项目 [main] INFO  o.s.c.s.PostProcessorRegistrationDelegate$BeanPostProcessorChecker - Bean 'rememberMeManager' of type [org.apache.shiro.web.mgt.CookieRememberMeManager] is not eligible for getting processed by all BeanPostProcessors (for example: not eligible for auto-proxying)
09:30:35.258 物流专线项目 [main] INFO  o.s.c.s.PostProcessorRegistrationDelegate$BeanPostProcessorChecker - Bean 'securityManager' of type [org.apache.shiro.web.mgt.DefaultWebSecurityManager] is not eligible for getting processed by all BeanPostProcessors (for example: not eligible for auto-proxying)
09:30:35.266 物流专线项目 [main] INFO  c.s.wuliu.shiro.ShiroConfiguration - ---Shiro拦截器工厂类注入成功---
09:30:35.855 物流专线项目 [main] INFO  o.s.b.w.e.tomcat.TomcatWebServer - Tomcat initialized with port(s): 8080 (http)
09:30:35.882 物流专线项目 [main] INFO  o.a.coyote.http11.Http11NioProtocol - Initializing ProtocolHandler ["http-nio-8080"]
09:30:35.900 物流专线项目 [main] INFO  o.a.catalina.core.StandardService - Starting service [Tomcat]
09:30:35.901 物流专线项目 [main] INFO  o.a.catalina.core.StandardEngine - Starting Servlet engine: [Apache Tomcat/9.0.16]
09:30:35.916 物流专线项目 [main] INFO  o.a.c.core.AprLifecycleListener - An older version [1.2.14] of the APR based Apache Tomcat Native library is installed, while Tomcat recommends a minimum version of [1.2.21]
09:30:35.916 物流专线项目 [main] INFO  o.a.c.core.AprLifecycleListener - Loaded APR based Apache Tomcat Native library [1.2.14] using APR version [1.6.2].
09:30:35.917 物流专线项目 [main] INFO  o.a.c.core.AprLifecycleListener - APR capabilities: IPv6 [true], sendfile [true], accept filters [false], random [true].
09:30:35.917 物流专线项目 [main] INFO  o.a.c.core.AprLifecycleListener - APR/OpenSSL configuration: useAprConnector [false], useOpenSSL [true]
09:30:37.012 物流专线项目 [main] INFO  o.a.c.core.AprLifecycleListener - OpenSSL successfully initialized [OpenSSL 1.0.2l  25 May 2017]
09:30:37.232 物流专线项目 [main] INFO  o.a.c.c.C.[Tomcat].[localhost].[/] - Initializing Spring embedded WebApplicationContext
09:30:37.232 物流专线项目 [main] INFO  o.s.web.context.ContextLoader - Root WebApplicationContext: initialization completed in 6350 ms
09:30:38.325 物流专线项目 [main] INFO  o.s.s.c.ThreadPoolTaskScheduler - Initializing ExecutorService 'taskScheduler'
09:30:38.758 物流专线项目 [main] INFO  o.s.s.c.ThreadPoolTaskExecutor - Initializing ExecutorService 'applicationTaskExecutor'
09:30:38.963 物流专线项目 [main] INFO  com.select.wuliu.shiro.WebAppConfig - imagesPath=file:/D:/img/
09:30:39.104 物流专线项目 [main] INFO  o.s.b.a.w.s.WelcomePageHandlerMapping - Adding welcome page template: index
09:30:39.547 物流专线项目 [main] INFO  o.a.coyote.http11.Http11NioProtocol - Starting ProtocolHandler ["http-nio-8080"]
09:30:39.632 物流专线项目 [main] INFO  o.s.b.w.e.tomcat.TomcatWebServer - Tomcat started on port(s): 8080 (http) with context path ''
09:30:39.636 物流专线项目 [main] INFO  com.select.wuliu.WuliuApplication - Started WuliuApplication in 10.098 seconds (JVM running for 11.104)
09:30:53.694 物流专线项目 [http-nio-8080-exec-1] INFO  o.a.tomcat.util.http.parser.Cookie - A cookie header was received [1560754407,1560837104,1560908165; Hm_lpvt_080836300300be57b7f34f4b3e97d911=1560938748; JSESSIONID=A85D79E4D66610FC7180DE7FA3DFFBD7] that contained an invalid cookie. That cookie will be ignored.
 Note: further occurrences of this error will be logged at DEBUG level.
09:30:53.707 物流专线项目 [http-nio-8080-exec-1] INFO  o.a.c.c.C.[Tomcat].[localhost].[/] - Initializing Spring DispatcherServlet 'dispatcherServlet'
09:30:53.708 物流专线项目 [http-nio-8080-exec-1] INFO  o.s.web.servlet.DispatcherServlet - Initializing Servlet 'dispatcherServlet'
09:30:53.723 物流专线项目 [http-nio-8080-exec-1] INFO  o.s.web.servlet.DispatcherServlet - Completed initialization in 15 ms
09:30:53.933 物流专线项目 [http-nio-8080-exec-1] INFO  com.zaxxer.hikari.HikariDataSource - 本地 - Starting...
09:30:54.330 物流专线项目 [http-nio-8080-exec-1] INFO  com.zaxxer.hikari.HikariDataSource - 本地 - Start completed.
09:30:54.687 物流专线项目 [http-nio-8080-exec-1] INFO  io.lettuce.core.EpollProvider - Starting without optional epoll library
09:30:54.690 物流专线项目 [http-nio-8080-exec-1] INFO  io.lettuce.core.KqueueProvider - Starting without optional kqueue library
