08:33:19.090 物流专线项目 [main] INFO  com.select.wuliu.WuliuApplication - Starting WuliuApplication on PS-02 with PID 19236 (started by Admin in D:\开发工具\tts9\tts9\workspace\wuliu)
08:33:19.096 物流专线项目 [main] INFO  com.select.wuliu.WuliuApplication - No active profile set, falling back to default profiles: default
08:33:21.494 物流专线项目 [main] INFO  o.s.d.r.c.RepositoryConfigurationDelegate - Multiple Spring Data modules found, entering strict repository configuration mode!
08:33:21.498 物流专线项目 [main] INFO  o.s.d.r.c.RepositoryConfigurationDelegate - Bootstrapping Spring Data repositories in DEFAULT mode.
08:33:21.590 物流专线项目 [main] INFO  o.s.d.r.c.RepositoryConfigurationDelegate - Finished Spring Data repository scanning in 48ms. Found 0 repository interfaces.
08:33:22.179 物流专线项目 [main] INFO  o.s.c.s.PostProcessorRegistrationDelegate$BeanPostProcessorChecker - Bean 'shiroConfiguration' of type [com.select.wuliu.shiro.ShiroConfiguration$$EnhancerBySpringCGLIB$$6bd4d3c9] is not eligible for getting processed by all BeanPostProcessors (for example: not eligible for auto-proxying)
08:33:22.207 物流专线项目 [main] INFO  o.s.c.s.PostProcessorRegistrationDelegate$BeanPostProcessorChecker - Bean 'redisConfig' of type [com.select.wuliu.redis.RedisConfig$$EnhancerBySpringCGLIB$$41d7737f] is not eligible for getting processed by all BeanPostProcessors (for example: not eligible for auto-proxying)
08:33:22.229 物流专线项目 [main] INFO  o.s.c.s.PostProcessorRegistrationDelegate$BeanPostProcessorChecker - Bean 'org.springframework.transaction.annotation.ProxyTransactionManagementConfiguration' of type [org.springframework.transaction.annotation.ProxyTransactionManagementConfiguration$$EnhancerBySpringCGLIB$$b71b7d49] is not eligible for getting processed by all BeanPostProcessors (for example: not eligible for auto-proxying)
08:33:23.751 物流专线项目 [main] INFO  o.s.c.s.PostProcessorRegistrationDelegate$BeanPostProcessorChecker - Bean 'mybatis-org.mybatis.spring.boot.autoconfigure.MybatisProperties' of type [org.mybatis.spring.boot.autoconfigure.MybatisProperties] is not eligible for getting processed by all BeanPostProcessors (for example: not eligible for auto-proxying)
08:33:23.761 物流专线项目 [main] INFO  o.s.c.s.PostProcessorRegistrationDelegate$BeanPostProcessorChecker - Bean 'org.mybatis.spring.boot.autoconfigure.MybatisAutoConfiguration' of type [org.mybatis.spring.boot.autoconfigure.MybatisAutoConfiguration$$EnhancerBySpringCGLIB$$e9efce79] is not eligible for getting processed by all BeanPostProcessors (for example: not eligible for auto-proxying)
08:33:23.766 物流专线项目 [main] INFO  o.s.c.s.PostProcessorRegistrationDelegate$BeanPostProcessorChecker - Bean 'org.springframework.boot.autoconfigure.jdbc.DataSourceConfiguration$Hikari' of type [org.springframework.boot.autoconfigure.jdbc.DataSourceConfiguration$Hikari] is not eligible for getting processed by all BeanPostProcessors (for example: not eligible for auto-proxying)
08:33:23.783 物流专线项目 [main] INFO  o.s.c.s.PostProcessorRegistrationDelegate$BeanPostProcessorChecker - Bean 'spring.datasource-org.springframework.boot.autoconfigure.jdbc.DataSourceProperties' of type [org.springframework.boot.autoconfigure.jdbc.DataSourceProperties] is not eligible for getting processed by all BeanPostProcessors (for example: not eligible for auto-proxying)
08:33:23.851 物流专线项目 [main] INFO  o.s.c.s.PostProcessorRegistrationDelegate$BeanPostProcessorChecker - Bean 'dataSource' of type [com.zaxxer.hikari.HikariDataSource] is not eligible for getting processed by all BeanPostProcessors (for example: not eligible for auto-proxying)
08:33:23.871 物流专线项目 [main] INFO  o.s.c.s.PostProcessorRegistrationDelegate$BeanPostProcessorChecker - Bean 'org.springframework.boot.autoconfigure.jdbc.DataSourceInitializerInvoker' of type [org.springframework.boot.autoconfigure.jdbc.DataSourceInitializerInvoker] is not eligible for getting processed by all BeanPostProcessors (for example: not eligible for auto-proxying)
08:33:24.430 物流专线项目 [main] INFO  o.s.c.s.PostProcessorRegistrationDelegate$BeanPostProcessorChecker - Bean 'sqlSessionFactory' of type [org.apache.ibatis.session.defaults.DefaultSqlSessionFactory] is not eligible for getting processed by all BeanPostProcessors (for example: not eligible for auto-proxying)
08:33:24.445 物流专线项目 [main] INFO  o.s.c.s.PostProcessorRegistrationDelegate$BeanPostProcessorChecker - Bean 'sqlSessionTemplate' of type [org.mybatis.spring.SqlSessionTemplate] is not eligible for getting processed by all BeanPostProcessors (for example: not eligible for auto-proxying)
08:33:24.448 物流专线项目 [main] INFO  o.s.c.s.PostProcessorRegistrationDelegate$BeanPostProcessorChecker - Bean 'userMapper' of type [org.mybatis.spring.mapper.MapperFactoryBean] is not eligible for getting processed by all BeanPostProcessors (for example: not eligible for auto-proxying)
08:33:24.453 物流专线项目 [main] INFO  o.s.c.s.PostProcessorRegistrationDelegate$BeanPostProcessorChecker - Bean 'userMapper' of type [com.sun.proxy.$Proxy56] is not eligible for getting processed by all BeanPostProcessors (for example: not eligible for auto-proxying)
08:33:24.455 物流专线项目 [main] INFO  o.s.c.s.PostProcessorRegistrationDelegate$BeanPostProcessorChecker - Bean 'userServiceImp' of type [com.select.wuliu.service.impl.UserServiceImp] is not eligible for getting processed by all BeanPostProcessors (for example: not eligible for auto-proxying)
08:33:24.462 物流专线项目 [main] INFO  o.s.c.s.PostProcessorRegistrationDelegate$BeanPostProcessorChecker - Bean 'roleMapper' of type [org.mybatis.spring.mapper.MapperFactoryBean] is not eligible for getting processed by all BeanPostProcessors (for example: not eligible for auto-proxying)
08:33:24.463 物流专线项目 [main] INFO  o.s.c.s.PostProcessorRegistrationDelegate$BeanPostProcessorChecker - Bean 'roleMapper' of type [com.sun.proxy.$Proxy59] is not eligible for getting processed by all BeanPostProcessors (for example: not eligible for auto-proxying)
08:33:24.464 物流专线项目 [main] INFO  o.s.c.s.PostProcessorRegistrationDelegate$BeanPostProcessorChecker - Bean 'roleServiceImp' of type [com.select.wuliu.service.impl.RoleServiceImp] is not eligible for getting processed by all BeanPostProcessors (for example: not eligible for auto-proxying)
08:33:24.465 物流专线项目 [main] INFO  o.s.c.s.PostProcessorRegistrationDelegate$BeanPostProcessorChecker - Bean 'myShiroRealm' of type [com.select.wuliu.shiro.MyShiroRealm] is not eligible for getting processed by all BeanPostProcessors (for example: not eligible for auto-proxying)
08:33:24.474 物流专线项目 [main] INFO  o.s.c.s.PostProcessorRegistrationDelegate$BeanPostProcessorChecker - Bean 'rememberMeCookie' of type [org.apache.shiro.web.servlet.SimpleCookie] is not eligible for getting processed by all BeanPostProcessors (for example: not eligible for auto-proxying)
08:33:24.480 物流专线项目 [main] INFO  o.s.c.s.PostProcessorRegistrationDelegate$BeanPostProcessorChecker - Bean 'rememberMeManager' of type [org.apache.shiro.web.mgt.CookieRememberMeManager] is not eligible for getting processed by all BeanPostProcessors (for example: not eligible for auto-proxying)
08:33:24.483 物流专线项目 [main] INFO  o.s.c.s.PostProcessorRegistrationDelegate$BeanPostProcessorChecker - Bean 'securityManager' of type [org.apache.shiro.web.mgt.DefaultWebSecurityManager] is not eligible for getting processed by all BeanPostProcessors (for example: not eligible for auto-proxying)
08:33:24.494 物流专线项目 [main] INFO  c.s.wuliu.shiro.ShiroConfiguration - ---Shiro拦截器工厂类注入成功---
08:33:25.144 物流专线项目 [main] INFO  o.s.b.w.e.tomcat.TomcatWebServer - Tomcat initialized with port(s): 8080 (http)
08:33:25.179 物流专线项目 [main] INFO  o.a.coyote.http11.Http11NioProtocol - Initializing ProtocolHandler ["http-nio-8080"]
08:33:25.202 物流专线项目 [main] INFO  o.a.catalina.core.StandardService - Starting service [Tomcat]
08:33:25.203 物流专线项目 [main] INFO  o.a.catalina.core.StandardEngine - Starting Servlet engine: [Apache Tomcat/9.0.16]
08:33:25.225 物流专线项目 [main] INFO  o.a.c.core.AprLifecycleListener - An older version [1.2.14] of the APR based Apache Tomcat Native library is installed, while Tomcat recommends a minimum version of [1.2.21]
08:33:25.225 物流专线项目 [main] INFO  o.a.c.core.AprLifecycleListener - Loaded APR based Apache Tomcat Native library [1.2.14] using APR version [1.6.2].
08:33:25.225 物流专线项目 [main] INFO  o.a.c.core.AprLifecycleListener - APR capabilities: IPv6 [true], sendfile [true], accept filters [false], random [true].
08:33:25.226 物流专线项目 [main] INFO  o.a.c.core.AprLifecycleListener - APR/OpenSSL configuration: useAprConnector [false], useOpenSSL [true]
08:33:26.303 物流专线项目 [main] INFO  o.a.c.core.AprLifecycleListener - OpenSSL successfully initialized [OpenSSL 1.0.2l  25 May 2017]
08:33:26.595 物流专线项目 [main] INFO  o.a.c.c.C.[Tomcat].[localhost].[/] - Initializing Spring embedded WebApplicationContext
08:33:26.595 物流专线项目 [main] INFO  o.s.web.context.ContextLoader - Root WebApplicationContext: initialization completed in 7317 ms
08:33:27.792 物流专线项目 [main] INFO  o.s.s.c.ThreadPoolTaskScheduler - Initializing ExecutorService 'taskScheduler'
08:33:28.401 物流专线项目 [main] INFO  o.s.s.c.ThreadPoolTaskExecutor - Initializing ExecutorService 'applicationTaskExecutor'
08:33:28.696 物流专线项目 [main] INFO  com.select.wuliu.shiro.WebAppConfig - imagesPath=file:/D:/img/
08:33:28.850 物流专线项目 [main] INFO  o.s.b.a.w.s.WelcomePageHandlerMapping - Adding welcome page template: index
08:33:29.387 物流专线项目 [main] INFO  o.a.coyote.http11.Http11NioProtocol - Starting ProtocolHandler ["http-nio-8080"]
08:33:29.468 物流专线项目 [main] INFO  o.s.b.w.e.tomcat.TomcatWebServer - Tomcat started on port(s): 8080 (http) with context path ''
08:33:29.475 物流专线项目 [main] INFO  com.select.wuliu.WuliuApplication - Started WuliuApplication in 11.473 seconds (JVM running for 12.267)
08:34:24.878 物流专线项目 [http-nio-8080-exec-1] INFO  o.a.tomcat.util.http.parser.Cookie - A cookie header was received [1561166050,1562149877,1563415362; JSESSIONID.24a30319=node01oz1g79e28tk8w1cdzpr5phih4.node0; ACEGI_SECURITY_HASHED_REMEMBER_ME_COOKIE=d3lhbmd5YW5nOjE1NjQ5NzA5Njg2ODk6ZjUwYWFiNDEzOTBiMDY2OTM2ZDNkNzk4YWRjYjZiNTUwZDRlMDUxMDJlZTNmMTA4YjA3OTFiNWYyZGFiNmE5OQ==; JSESSIONID.dc6fa3ea=node01e5nkpn7q7kfh1ws2wrlr7v8ab1.node0; jenkins-timestamper-offset=-28800000; JSESSIONID.3d0a3cf1=node01hrh2pza3gvnz32xzlj7rikn31.node0; JSESSIONID.0c8a8153=node01bu9rmvodrm5v1sf9rbk2ozh3p3.node0; JSESSIONID=6da216d8-3365-4ba0-ba3c-fe198d91d59c; screenResolution=1920x1080; JSESSIONID.1a41391c=node0100vrgqxakxyo20cj6xk5m4ma0.node0; jenkins-timestamper=system; jenkins-timestamper-local=true] that contained an invalid cookie. That cookie will be ignored.
 Note: further occurrences of this error will be logged at DEBUG level.
08:34:24.891 物流专线项目 [http-nio-8080-exec-1] INFO  o.a.c.c.C.[Tomcat].[localhost].[/] - Initializing Spring DispatcherServlet 'dispatcherServlet'
08:34:24.891 物流专线项目 [http-nio-8080-exec-1] INFO  o.s.web.servlet.DispatcherServlet - Initializing Servlet 'dispatcherServlet'
08:34:24.911 物流专线项目 [http-nio-8080-exec-1] INFO  o.s.web.servlet.DispatcherServlet - Completed initialization in 20 ms
08:34:35.483 物流专线项目 [http-nio-8080-exec-6] INFO  com.zaxxer.hikari.HikariDataSource - 本地 - Starting...
08:34:57.680 物流专线项目 [http-nio-8080-exec-1] INFO  com.zaxxer.hikari.HikariDataSource - 本地 - Starting...
09:25:03.933 物流专线项目 [main] INFO  com.select.wuliu.WuliuApplication - Starting WuliuApplication on PS-02 with PID 7820 (started by Admin in D:\开发工具\tts9\tts9\workspace\wuliu)
09:25:03.937 物流专线项目 [main] INFO  com.select.wuliu.WuliuApplication - No active profile set, falling back to default profiles: default
09:25:06.112 物流专线项目 [main] INFO  o.s.d.r.c.RepositoryConfigurationDelegate - Multiple Spring Data modules found, entering strict repository configuration mode!
09:25:06.118 物流专线项目 [main] INFO  o.s.d.r.c.RepositoryConfigurationDelegate - Bootstrapping Spring Data repositories in DEFAULT mode.
09:25:06.262 物流专线项目 [main] INFO  o.s.d.r.c.RepositoryConfigurationDelegate - Finished Spring Data repository scanning in 97ms. Found 0 repository interfaces.
09:25:07.088 物流专线项目 [main] INFO  o.s.c.s.PostProcessorRegistrationDelegate$BeanPostProcessorChecker - Bean 'shiroConfiguration' of type [com.select.wuliu.shiro.ShiroConfiguration$$EnhancerBySpringCGLIB$$4826b6] is not eligible for getting processed by all BeanPostProcessors (for example: not eligible for auto-proxying)
09:25:07.107 物流专线项目 [main] INFO  o.s.c.s.PostProcessorRegistrationDelegate$BeanPostProcessorChecker - Bean 'redisConfig' of type [com.select.wuliu.redis.RedisConfig$$EnhancerBySpringCGLIB$$d64ac66c] is not eligible for getting processed by all BeanPostProcessors (for example: not eligible for auto-proxying)
09:25:07.144 物流专线项目 [main] INFO  o.s.c.s.PostProcessorRegistrationDelegate$BeanPostProcessorChecker - Bean 'org.springframework.transaction.annotation.ProxyTransactionManagementConfiguration' of type [org.springframework.transaction.annotation.ProxyTransactionManagementConfiguration$$EnhancerBySpringCGLIB$$4b8ed036] is not eligible for getting processed by all BeanPostProcessors (for example: not eligible for auto-proxying)
09:25:08.895 物流专线项目 [main] INFO  o.s.c.s.PostProcessorRegistrationDelegate$BeanPostProcessorChecker - Bean 'mybatis-org.mybatis.spring.boot.autoconfigure.MybatisProperties' of type [org.mybatis.spring.boot.autoconfigure.MybatisProperties] is not eligible for getting processed by all BeanPostProcessors (for example: not eligible for auto-proxying)
09:25:08.905 物流专线项目 [main] INFO  o.s.c.s.PostProcessorRegistrationDelegate$BeanPostProcessorChecker - Bean 'org.mybatis.spring.boot.autoconfigure.MybatisAutoConfiguration' of type [org.mybatis.spring.boot.autoconfigure.MybatisAutoConfiguration$$EnhancerBySpringCGLIB$$7e632166] is not eligible for getting processed by all BeanPostProcessors (for example: not eligible for auto-proxying)
09:25:08.913 物流专线项目 [main] INFO  o.s.c.s.PostProcessorRegistrationDelegate$BeanPostProcessorChecker - Bean 'org.springframework.boot.autoconfigure.jdbc.DataSourceConfiguration$Hikari' of type [org.springframework.boot.autoconfigure.jdbc.DataSourceConfiguration$Hikari] is not eligible for getting processed by all BeanPostProcessors (for example: not eligible for auto-proxying)
09:25:08.934 物流专线项目 [main] INFO  o.s.c.s.PostProcessorRegistrationDelegate$BeanPostProcessorChecker - Bean 'spring.datasource-org.springframework.boot.autoconfigure.jdbc.DataSourceProperties' of type [org.springframework.boot.autoconfigure.jdbc.DataSourceProperties] is not eligible for getting processed by all BeanPostProcessors (for example: not eligible for auto-proxying)
09:25:09.025 物流专线项目 [main] INFO  o.s.c.s.PostProcessorRegistrationDelegate$BeanPostProcessorChecker - Bean 'dataSource' of type [com.zaxxer.hikari.HikariDataSource] is not eligible for getting processed by all BeanPostProcessors (for example: not eligible for auto-proxying)
09:25:09.126 物流专线项目 [main] INFO  o.s.c.s.PostProcessorRegistrationDelegate$BeanPostProcessorChecker - Bean 'org.springframework.boot.autoconfigure.jdbc.DataSourceInitializerInvoker' of type [org.springframework.boot.autoconfigure.jdbc.DataSourceInitializerInvoker] is not eligible for getting processed by all BeanPostProcessors (for example: not eligible for auto-proxying)
09:25:09.739 物流专线项目 [main] INFO  o.s.c.s.PostProcessorRegistrationDelegate$BeanPostProcessorChecker - Bean 'sqlSessionFactory' of type [org.apache.ibatis.session.defaults.DefaultSqlSessionFactory] is not eligible for getting processed by all BeanPostProcessors (for example: not eligible for auto-proxying)
09:25:09.752 物流专线项目 [main] INFO  o.s.c.s.PostProcessorRegistrationDelegate$BeanPostProcessorChecker - Bean 'sqlSessionTemplate' of type [org.mybatis.spring.SqlSessionTemplate] is not eligible for getting processed by all BeanPostProcessors (for example: not eligible for auto-proxying)
09:25:09.756 物流专线项目 [main] INFO  o.s.c.s.PostProcessorRegistrationDelegate$BeanPostProcessorChecker - Bean 'userMapper' of type [org.mybatis.spring.mapper.MapperFactoryBean] is not eligible for getting processed by all BeanPostProcessors (for example: not eligible for auto-proxying)
09:25:09.759 物流专线项目 [main] INFO  o.s.c.s.PostProcessorRegistrationDelegate$BeanPostProcessorChecker - Bean 'userMapper' of type [com.sun.proxy.$Proxy56] is not eligible for getting processed by all BeanPostProcessors (for example: not eligible for auto-proxying)
09:25:09.763 物流专线项目 [main] INFO  o.s.c.s.PostProcessorRegistrationDelegate$BeanPostProcessorChecker - Bean 'userServiceImp' of type [com.select.wuliu.service.impl.UserServiceImp] is not eligible for getting processed by all BeanPostProcessors (for example: not eligible for auto-proxying)
09:25:09.774 物流专线项目 [main] INFO  o.s.c.s.PostProcessorRegistrationDelegate$BeanPostProcessorChecker - Bean 'roleMapper' of type [org.mybatis.spring.mapper.MapperFactoryBean] is not eligible for getting processed by all BeanPostProcessors (for example: not eligible for auto-proxying)
09:25:09.776 物流专线项目 [main] INFO  o.s.c.s.PostProcessorRegistrationDelegate$BeanPostProcessorChecker - Bean 'roleMapper' of type [com.sun.proxy.$Proxy59] is not eligible for getting processed by all BeanPostProcessors (for example: not eligible for auto-proxying)
09:25:09.777 物流专线项目 [main] INFO  o.s.c.s.PostProcessorRegistrationDelegate$BeanPostProcessorChecker - Bean 'roleServiceImp' of type [com.select.wuliu.service.impl.RoleServiceImp] is not eligible for getting processed by all BeanPostProcessors (for example: not eligible for auto-proxying)
09:25:09.779 物流专线项目 [main] INFO  o.s.c.s.PostProcessorRegistrationDelegate$BeanPostProcessorChecker - Bean 'myShiroRealm' of type [com.select.wuliu.shiro.MyShiroRealm] is not eligible for getting processed by all BeanPostProcessors (for example: not eligible for auto-proxying)
09:25:09.792 物流专线项目 [main] INFO  o.s.c.s.PostProcessorRegistrationDelegate$BeanPostProcessorChecker - Bean 'rememberMeCookie' of type [org.apache.shiro.web.servlet.SimpleCookie] is not eligible for getting processed by all BeanPostProcessors (for example: not eligible for auto-proxying)
09:25:09.800 物流专线项目 [main] INFO  o.s.c.s.PostProcessorRegistrationDelegate$BeanPostProcessorChecker - Bean 'rememberMeManager' of type [org.apache.shiro.web.mgt.CookieRememberMeManager] is not eligible for getting processed by all BeanPostProcessors (for example: not eligible for auto-proxying)
09:25:09.804 物流专线项目 [main] INFO  o.s.c.s.PostProcessorRegistrationDelegate$BeanPostProcessorChecker - Bean 'securityManager' of type [org.apache.shiro.web.mgt.DefaultWebSecurityManager] is not eligible for getting processed by all BeanPostProcessors (for example: not eligible for auto-proxying)
09:25:09.822 物流专线项目 [main] INFO  c.s.wuliu.shiro.ShiroConfiguration - ---Shiro拦截器工厂类注入成功---
09:25:10.731 物流专线项目 [main] INFO  o.s.b.w.e.tomcat.TomcatWebServer - Tomcat initialized with port(s): 8080 (http)
09:25:10.776 物流专线项目 [main] INFO  o.a.coyote.http11.Http11NioProtocol - Initializing ProtocolHandler ["http-nio-8080"]
09:25:10.817 物流专线项目 [main] INFO  o.a.catalina.core.StandardService - Starting service [Tomcat]
09:25:10.817 物流专线项目 [main] INFO  o.a.catalina.core.StandardEngine - Starting Servlet engine: [Apache Tomcat/9.0.16]
09:25:10.845 物流专线项目 [main] INFO  o.a.c.core.AprLifecycleListener - An older version [1.2.14] of the APR based Apache Tomcat Native library is installed, while Tomcat recommends a minimum version of [1.2.21]
09:25:10.846 物流专线项目 [main] INFO  o.a.c.core.AprLifecycleListener - Loaded APR based Apache Tomcat Native library [1.2.14] using APR version [1.6.2].
09:25:10.846 物流专线项目 [main] INFO  o.a.c.core.AprLifecycleListener - APR capabilities: IPv6 [true], sendfile [true], accept filters [false], random [true].
09:25:10.846 物流专线项目 [main] INFO  o.a.c.core.AprLifecycleListener - APR/OpenSSL configuration: useAprConnector [false], useOpenSSL [true]
09:25:11.945 物流专线项目 [main] INFO  o.a.c.core.AprLifecycleListener - OpenSSL successfully initialized [OpenSSL 1.0.2l  25 May 2017]
09:25:12.334 物流专线项目 [main] INFO  o.a.c.c.C.[Tomcat].[localhost].[/] - Initializing Spring embedded WebApplicationContext
09:25:12.335 物流专线项目 [main] INFO  o.s.web.context.ContextLoader - Root WebApplicationContext: initialization completed in 8216 ms
09:25:13.511 物流专线项目 [main] INFO  o.s.s.c.ThreadPoolTaskScheduler - Initializing ExecutorService 'taskScheduler'
09:25:14.038 物流专线项目 [main] INFO  o.s.s.c.ThreadPoolTaskExecutor - Initializing ExecutorService 'applicationTaskExecutor'
09:25:14.353 物流专线项目 [main] INFO  com.select.wuliu.shiro.WebAppConfig - imagesPath=file:/D:/img/
09:25:14.512 物流专线项目 [main] INFO  o.s.b.a.w.s.WelcomePageHandlerMapping - Adding welcome page template: index
09:25:15.166 物流专线项目 [main] INFO  o.a.coyote.http11.Http11NioProtocol - Starting ProtocolHandler ["http-nio-8080"]
09:25:15.260 物流专线项目 [main] INFO  o.s.b.w.e.tomcat.TomcatWebServer - Tomcat started on port(s): 8080 (http) with context path ''
09:25:15.265 物流专线项目 [main] INFO  com.select.wuliu.WuliuApplication - Started WuliuApplication in 12.349 seconds (JVM running for 13.098)
09:25:27.887 物流专线项目 [http-nio-8080-exec-1] INFO  o.a.tomcat.util.http.parser.Cookie - A cookie header was received [1563415362,1563928467; Hm_lpvt_080836300300be57b7f34f4b3e97d911=1563928467; JSESSIONID=C28E78364704C2512932C8C28EC6A49D] that contained an invalid cookie. That cookie will be ignored.
 Note: further occurrences of this error will be logged at DEBUG level.
09:25:27.900 物流专线项目 [http-nio-8080-exec-1] INFO  o.a.c.c.C.[Tomcat].[localhost].[/] - Initializing Spring DispatcherServlet 'dispatcherServlet'
09:25:27.901 物流专线项目 [http-nio-8080-exec-1] INFO  o.s.web.servlet.DispatcherServlet - Initializing Servlet 'dispatcherServlet'
09:25:27.924 物流专线项目 [http-nio-8080-exec-1] INFO  o.s.web.servlet.DispatcherServlet - Completed initialization in 23 ms
09:25:34.043 物流专线项目 [http-nio-8080-exec-9] INFO  com.zaxxer.hikari.HikariDataSource - 本地 - Starting...
09:25:34.338 物流专线项目 [http-nio-8080-exec-9] INFO  com.zaxxer.hikari.HikariDataSource - 本地 - Start completed.
09:25:34.589 物流专线项目 [http-nio-8080-exec-9] INFO  io.lettuce.core.EpollProvider - Starting without optional epoll library
09:25:34.592 物流专线项目 [http-nio-8080-exec-9] INFO  io.lettuce.core.KqueueProvider - Starting without optional kqueue library
09:25:35.556 物流专线项目 [http-nio-8080-exec-9] INFO  c.s.w.c.UserLogSelUpdController - ------subject---org.apache.shiro.web.subject.support.WebDelegatingSubject@61ee5f64
09:25:54.492 物流专线项目 [http-nio-8080-exec-9] INFO  AliPayService.class - {"out_trade_no":"19-7-24 上午9:25","total_amount":"200.0","subject":"56114会员充值","timeout_express":"10m","product_code":"FAST_INSTANT_TRADE_PAY"}
09:25:54.547 物流专线项目 [http-nio-8080-exec-9] INFO  AliPayService.class - <form name="punchout_form" method="post" action="https://openapi.alipaydev.com/gateway.do?charset=utf-8&method=alipay.trade.page.pay&sign=HKvDpjslY9R%2BYfTlDCYowI1aNwAlw9mktVmbVbyGmpNZzB2hbwjKw5ErKpaulxD4VzMyFm3DkuJXOoAuZ%2Bb4kbFzHvdQuKF1NNamKSwEWjbyiO47AAVJ1tM2H5Cg%2FDL2EUVAnPwNu%2BBCrHtKpVGfSm2zQyO0N8kzDM5eZ2uQeKoiTKuubCwwJjNTG6iBiI0TpwO9BeGwb8CtHb9UVDth7HJbIKyoNriBSPc06JDNJPQ0X91Aj2yH6jfVcej4LERG5%2Bthe9nT2OoDGj%2Fd4Zp7wKkBIhnIppFyRlBbjJ1dgeZTXr91YMihHpB7QGYswcCcKS4R9SmuhvIqYigtbPmwRA%3D%3D&return_url=http%3A%2F%2Fph2gpm.natappfree.cc%2Falipay%2Freturn_url&notify_url=http%3A%2F%2Fph2gpm.natappfree.cc%2Falipay%2Fnotify_url&version=1.0&app_id=2016101000656644&sign_type=RSA2&timestamp=2019-07-24+09%3A25%3A54&alipay_sdk=alipay-sdk-java-dynamicVersionNo&format=json">
<input type="hidden" name="biz_content" value="{&quot;out_trade_no&quot;:&quot;19-7-24 上午9:25&quot;,&quot;total_amount&quot;:&quot;200.0&quot;,&quot;subject&quot;:&quot;56114会员充值&quot;,&quot;timeout_express&quot;:&quot;10m&quot;,&quot;product_code&quot;:&quot;FAST_INSTANT_TRADE_PAY&quot;}">
<input type="submit" value="立即支付" style="display:none" >
</form>
<script>document.forms[0].submit();</script>
