11:25:40.790 物流专线项目 [main] INFO  com.select.wuliu.WuliuApplication - Starting WuliuApplication on PS-02 with PID 5156 (started by Admin in D:\开发工具\tts9\tts9\workspace\wuliu)
11:25:40.796 物流专线项目 [main] INFO  com.select.wuliu.WuliuApplication - No active profile set, falling back to default profiles: default
11:25:42.552 物流专线项目 [main] INFO  o.s.d.r.c.RepositoryConfigurationDelegate - Multiple Spring Data modules found, entering strict repository configuration mode!
11:25:42.557 物流专线项目 [main] INFO  o.s.d.r.c.RepositoryConfigurationDelegate - Bootstrapping Spring Data repositories in DEFAULT mode.
11:25:42.653 物流专线项目 [main] INFO  o.s.d.r.c.RepositoryConfigurationDelegate - Finished Spring Data repository scanning in 70ms. Found 0 repository interfaces.
11:25:43.211 物流专线项目 [main] INFO  o.s.c.s.PostProcessorRegistrationDelegate$BeanPostProcessorChecker - Bean 'shiroConfiguration' of type [com.select.wuliu.shiro.ShiroConfiguration$$EnhancerBySpringCGLIB$$9f22bb6c] is not eligible for getting processed by all BeanPostProcessors (for example: not eligible for auto-proxying)
11:25:43.234 物流专线项目 [main] INFO  o.s.c.s.PostProcessorRegistrationDelegate$BeanPostProcessorChecker - Bean 'redisConfig' of type [com.select.wuliu.redis.RedisConfig$$EnhancerBySpringCGLIB$$75255b22] is not eligible for getting processed by all BeanPostProcessors (for example: not eligible for auto-proxying)
11:25:43.252 物流专线项目 [main] INFO  o.s.c.s.PostProcessorRegistrationDelegate$BeanPostProcessorChecker - Bean 'org.springframework.transaction.annotation.ProxyTransactionManagementConfiguration' of type [org.springframework.transaction.annotation.ProxyTransactionManagementConfiguration$$EnhancerBySpringCGLIB$$ea6964ec] is not eligible for getting processed by all BeanPostProcessors (for example: not eligible for auto-proxying)
11:25:45.353 物流专线项目 [main] INFO  o.s.c.s.PostProcessorRegistrationDelegate$BeanPostProcessorChecker - Bean 'mybatis-org.mybatis.spring.boot.autoconfigure.MybatisProperties' of type [org.mybatis.spring.boot.autoconfigure.MybatisProperties] is not eligible for getting processed by all BeanPostProcessors (for example: not eligible for auto-proxying)
11:25:45.360 物流专线项目 [main] INFO  o.s.c.s.PostProcessorRegistrationDelegate$BeanPostProcessorChecker - Bean 'org.mybatis.spring.boot.autoconfigure.MybatisAutoConfiguration' of type [org.mybatis.spring.boot.autoconfigure.MybatisAutoConfiguration$$EnhancerBySpringCGLIB$$1d3db61c] is not eligible for getting processed by all BeanPostProcessors (for example: not eligible for auto-proxying)
11:25:45.364 物流专线项目 [main] INFO  o.s.c.s.PostProcessorRegistrationDelegate$BeanPostProcessorChecker - Bean 'org.springframework.boot.autoconfigure.jdbc.DataSourceConfiguration$Hikari' of type [org.springframework.boot.autoconfigure.jdbc.DataSourceConfiguration$Hikari] is not eligible for getting processed by all BeanPostProcessors (for example: not eligible for auto-proxying)
11:25:45.376 物流专线项目 [main] INFO  o.s.c.s.PostProcessorRegistrationDelegate$BeanPostProcessorChecker - Bean 'spring.datasource-org.springframework.boot.autoconfigure.jdbc.DataSourceProperties' of type [org.springframework.boot.autoconfigure.jdbc.DataSourceProperties] is not eligible for getting processed by all BeanPostProcessors (for example: not eligible for auto-proxying)
11:25:45.434 物流专线项目 [main] INFO  o.s.c.s.PostProcessorRegistrationDelegate$BeanPostProcessorChecker - Bean 'dataSource' of type [com.zaxxer.hikari.HikariDataSource] is not eligible for getting processed by all BeanPostProcessors (for example: not eligible for auto-proxying)
11:25:45.509 物流专线项目 [main] INFO  o.s.c.s.PostProcessorRegistrationDelegate$BeanPostProcessorChecker - Bean 'org.springframework.boot.autoconfigure.jdbc.DataSourceInitializerInvoker' of type [org.springframework.boot.autoconfigure.jdbc.DataSourceInitializerInvoker] is not eligible for getting processed by all BeanPostProcessors (for example: not eligible for auto-proxying)
11:25:46.016 物流专线项目 [main] INFO  o.s.c.s.PostProcessorRegistrationDelegate$BeanPostProcessorChecker - Bean 'sqlSessionFactory' of type [org.apache.ibatis.session.defaults.DefaultSqlSessionFactory] is not eligible for getting processed by all BeanPostProcessors (for example: not eligible for auto-proxying)
11:25:46.034 物流专线项目 [main] INFO  o.s.c.s.PostProcessorRegistrationDelegate$BeanPostProcessorChecker - Bean 'sqlSessionTemplate' of type [org.mybatis.spring.SqlSessionTemplate] is not eligible for getting processed by all BeanPostProcessors (for example: not eligible for auto-proxying)
11:25:46.040 物流专线项目 [main] INFO  o.s.c.s.PostProcessorRegistrationDelegate$BeanPostProcessorChecker - Bean 'userMapper' of type [org.mybatis.spring.mapper.MapperFactoryBean] is not eligible for getting processed by all BeanPostProcessors (for example: not eligible for auto-proxying)
11:25:46.044 物流专线项目 [main] INFO  o.s.c.s.PostProcessorRegistrationDelegate$BeanPostProcessorChecker - Bean 'userMapper' of type [com.sun.proxy.$Proxy56] is not eligible for getting processed by all BeanPostProcessors (for example: not eligible for auto-proxying)
11:25:46.047 物流专线项目 [main] INFO  o.s.c.s.PostProcessorRegistrationDelegate$BeanPostProcessorChecker - Bean 'userServiceImp' of type [com.select.wuliu.service.impl.UserServiceImp] is not eligible for getting processed by all BeanPostProcessors (for example: not eligible for auto-proxying)
11:25:46.054 物流专线项目 [main] INFO  o.s.c.s.PostProcessorRegistrationDelegate$BeanPostProcessorChecker - Bean 'roleMapper' of type [org.mybatis.spring.mapper.MapperFactoryBean] is not eligible for getting processed by all BeanPostProcessors (for example: not eligible for auto-proxying)
11:25:46.056 物流专线项目 [main] INFO  o.s.c.s.PostProcessorRegistrationDelegate$BeanPostProcessorChecker - Bean 'roleMapper' of type [com.sun.proxy.$Proxy59] is not eligible for getting processed by all BeanPostProcessors (for example: not eligible for auto-proxying)
11:25:46.057 物流专线项目 [main] INFO  o.s.c.s.PostProcessorRegistrationDelegate$BeanPostProcessorChecker - Bean 'roleServiceImp' of type [com.select.wuliu.service.impl.RoleServiceImp] is not eligible for getting processed by all BeanPostProcessors (for example: not eligible for auto-proxying)
11:25:46.058 物流专线项目 [main] INFO  o.s.c.s.PostProcessorRegistrationDelegate$BeanPostProcessorChecker - Bean 'myShiroRealm' of type [com.select.wuliu.shiro.MyShiroRealm] is not eligible for getting processed by all BeanPostProcessors (for example: not eligible for auto-proxying)
11:25:46.069 物流专线项目 [main] INFO  o.s.c.s.PostProcessorRegistrationDelegate$BeanPostProcessorChecker - Bean 'rememberMeCookie' of type [org.apache.shiro.web.servlet.SimpleCookie] is not eligible for getting processed by all BeanPostProcessors (for example: not eligible for auto-proxying)
11:25:46.078 物流专线项目 [main] INFO  o.s.c.s.PostProcessorRegistrationDelegate$BeanPostProcessorChecker - Bean 'rememberMeManager' of type [org.apache.shiro.web.mgt.CookieRememberMeManager] is not eligible for getting processed by all BeanPostProcessors (for example: not eligible for auto-proxying)
11:25:46.084 物流专线项目 [main] INFO  o.s.c.s.PostProcessorRegistrationDelegate$BeanPostProcessorChecker - Bean 'securityManager' of type [org.apache.shiro.web.mgt.DefaultWebSecurityManager] is not eligible for getting processed by all BeanPostProcessors (for example: not eligible for auto-proxying)
11:25:46.096 物流专线项目 [main] INFO  c.s.wuliu.shiro.ShiroConfiguration - ---Shiro拦截器工厂类注入成功---
11:25:46.841 物流专线项目 [main] INFO  o.s.b.w.e.tomcat.TomcatWebServer - Tomcat initialized with port(s): 8080 (http)
11:25:46.865 物流专线项目 [main] INFO  o.a.coyote.http11.Http11NioProtocol - Initializing ProtocolHandler ["http-nio-8080"]
11:25:46.883 物流专线项目 [main] INFO  o.a.catalina.core.StandardService - Starting service [Tomcat]
11:25:46.883 物流专线项目 [main] INFO  o.a.catalina.core.StandardEngine - Starting Servlet engine: [Apache Tomcat/9.0.16]
11:25:46.900 物流专线项目 [main] INFO  o.a.c.core.AprLifecycleListener - An older version [1.2.14] of the APR based Apache Tomcat Native library is installed, while Tomcat recommends a minimum version of [1.2.21]
11:25:46.900 物流专线项目 [main] INFO  o.a.c.core.AprLifecycleListener - Loaded APR based Apache Tomcat Native library [1.2.14] using APR version [1.6.2].
11:25:46.900 物流专线项目 [main] INFO  o.a.c.core.AprLifecycleListener - APR capabilities: IPv6 [true], sendfile [true], accept filters [false], random [true].
11:25:46.901 物流专线项目 [main] INFO  o.a.c.core.AprLifecycleListener - APR/OpenSSL configuration: useAprConnector [false], useOpenSSL [true]
11:25:47.984 物流专线项目 [main] INFO  o.a.c.core.AprLifecycleListener - OpenSSL successfully initialized [OpenSSL 1.0.2l  25 May 2017]
11:25:48.262 物流专线项目 [main] INFO  o.a.c.c.C.[Tomcat].[localhost].[/] - Initializing Spring embedded WebApplicationContext
11:25:48.263 物流专线项目 [main] INFO  o.s.web.context.ContextLoader - Root WebApplicationContext: initialization completed in 7305 ms
11:25:49.147 物流专线项目 [main] INFO  o.s.s.c.ThreadPoolTaskScheduler - Initializing ExecutorService 'taskScheduler'
11:25:49.559 物流专线项目 [main] INFO  o.s.s.c.ThreadPoolTaskExecutor - Initializing ExecutorService 'applicationTaskExecutor'
11:25:49.762 物流专线项目 [main] INFO  com.select.wuliu.shiro.WebAppConfig - imagesPath=file:/D:/img/
11:25:49.882 物流专线项目 [main] INFO  o.s.b.a.w.s.WelcomePageHandlerMapping - Adding welcome page template: index
11:25:50.365 物流专线项目 [main] INFO  o.a.coyote.http11.Http11NioProtocol - Starting ProtocolHandler ["http-nio-8080"]
11:25:50.445 物流专线项目 [main] INFO  o.s.b.w.e.tomcat.TomcatWebServer - Tomcat started on port(s): 8080 (http) with context path ''
11:25:50.452 物流专线项目 [main] INFO  com.select.wuliu.WuliuApplication - Started WuliuApplication in 10.576 seconds (JVM running for 11.285)
11:26:04.216 物流专线项目 [main] INFO  com.select.wuliu.DataSourceTestCase - Starting DataSourceTestCase on PS-02 with PID 7620 (started by Admin in D:\开发工具\tts9\tts9\workspace\wuliu)
11:26:04.217 物流专线项目 [main] INFO  com.select.wuliu.DataSourceTestCase - No active profile set, falling back to default profiles: default
11:26:05.712 物流专线项目 [main] INFO  o.s.d.r.c.RepositoryConfigurationDelegate - Multiple Spring Data modules found, entering strict repository configuration mode!
11:26:05.719 物流专线项目 [main] INFO  o.s.d.r.c.RepositoryConfigurationDelegate - Bootstrapping Spring Data repositories in DEFAULT mode.
11:26:05.808 物流专线项目 [main] INFO  o.s.d.r.c.RepositoryConfigurationDelegate - Finished Spring Data repository scanning in 66ms. Found 0 repository interfaces.
11:26:06.493 物流专线项目 [main] INFO  o.s.c.s.PostProcessorRegistrationDelegate$BeanPostProcessorChecker - Bean 'shiroConfiguration' of type [com.select.wuliu.shiro.ShiroConfiguration$$EnhancerBySpringCGLIB$$2223b6d2] is not eligible for getting processed by all BeanPostProcessors (for example: not eligible for auto-proxying)
11:26:06.509 物流专线项目 [main] INFO  o.s.c.s.PostProcessorRegistrationDelegate$BeanPostProcessorChecker - Bean 'redisConfig' of type [com.select.wuliu.redis.RedisConfig$$EnhancerBySpringCGLIB$$f8265688] is not eligible for getting processed by all BeanPostProcessors (for example: not eligible for auto-proxying)
11:26:06.525 物流专线项目 [main] INFO  o.s.c.s.PostProcessorRegistrationDelegate$BeanPostProcessorChecker - Bean 'org.springframework.transaction.annotation.ProxyTransactionManagementConfiguration' of type [org.springframework.transaction.annotation.ProxyTransactionManagementConfiguration$$EnhancerBySpringCGLIB$$6d6a6052] is not eligible for getting processed by all BeanPostProcessors (for example: not eligible for auto-proxying)
11:26:08.405 物流专线项目 [main] INFO  o.s.c.s.PostProcessorRegistrationDelegate$BeanPostProcessorChecker - Bean 'mybatis-org.mybatis.spring.boot.autoconfigure.MybatisProperties' of type [org.mybatis.spring.boot.autoconfigure.MybatisProperties] is not eligible for getting processed by all BeanPostProcessors (for example: not eligible for auto-proxying)
11:26:08.411 物流专线项目 [main] INFO  o.s.c.s.PostProcessorRegistrationDelegate$BeanPostProcessorChecker - Bean 'org.mybatis.spring.boot.autoconfigure.MybatisAutoConfiguration' of type [org.mybatis.spring.boot.autoconfigure.MybatisAutoConfiguration$$EnhancerBySpringCGLIB$$a03eb182] is not eligible for getting processed by all BeanPostProcessors (for example: not eligible for auto-proxying)
11:26:08.418 物流专线项目 [main] INFO  o.s.c.s.PostProcessorRegistrationDelegate$BeanPostProcessorChecker - Bean 'org.springframework.boot.autoconfigure.jdbc.DataSourceConfiguration$Hikari' of type [org.springframework.boot.autoconfigure.jdbc.DataSourceConfiguration$Hikari] is not eligible for getting processed by all BeanPostProcessors (for example: not eligible for auto-proxying)
11:26:08.435 物流专线项目 [main] INFO  o.s.c.s.PostProcessorRegistrationDelegate$BeanPostProcessorChecker - Bean 'spring.datasource-org.springframework.boot.autoconfigure.jdbc.DataSourceProperties' of type [org.springframework.boot.autoconfigure.jdbc.DataSourceProperties] is not eligible for getting processed by all BeanPostProcessors (for example: not eligible for auto-proxying)
11:26:08.491 物流专线项目 [main] INFO  o.s.c.s.PostProcessorRegistrationDelegate$BeanPostProcessorChecker - Bean 'dataSource' of type [com.zaxxer.hikari.HikariDataSource] is not eligible for getting processed by all BeanPostProcessors (for example: not eligible for auto-proxying)
11:26:08.518 物流专线项目 [main] INFO  o.s.c.s.PostProcessorRegistrationDelegate$BeanPostProcessorChecker - Bean 'org.springframework.boot.autoconfigure.jdbc.DataSourceInitializerInvoker' of type [org.springframework.boot.autoconfigure.jdbc.DataSourceInitializerInvoker] is not eligible for getting processed by all BeanPostProcessors (for example: not eligible for auto-proxying)
11:26:08.974 物流专线项目 [main] INFO  o.s.c.s.PostProcessorRegistrationDelegate$BeanPostProcessorChecker - Bean 'sqlSessionFactory' of type [org.apache.ibatis.session.defaults.DefaultSqlSessionFactory] is not eligible for getting processed by all BeanPostProcessors (for example: not eligible for auto-proxying)
11:26:08.985 物流专线项目 [main] INFO  o.s.c.s.PostProcessorRegistrationDelegate$BeanPostProcessorChecker - Bean 'sqlSessionTemplate' of type [org.mybatis.spring.SqlSessionTemplate] is not eligible for getting processed by all BeanPostProcessors (for example: not eligible for auto-proxying)
11:26:08.987 物流专线项目 [main] INFO  o.s.c.s.PostProcessorRegistrationDelegate$BeanPostProcessorChecker - Bean 'userMapper' of type [org.mybatis.spring.mapper.MapperFactoryBean] is not eligible for getting processed by all BeanPostProcessors (for example: not eligible for auto-proxying)
11:26:08.990 物流专线项目 [main] INFO  o.s.c.s.PostProcessorRegistrationDelegate$BeanPostProcessorChecker - Bean 'userMapper' of type [com.sun.proxy.$Proxy73] is not eligible for getting processed by all BeanPostProcessors (for example: not eligible for auto-proxying)
11:26:08.991 物流专线项目 [main] INFO  o.s.c.s.PostProcessorRegistrationDelegate$BeanPostProcessorChecker - Bean 'userServiceImp' of type [com.select.wuliu.service.impl.UserServiceImp] is not eligible for getting processed by all BeanPostProcessors (for example: not eligible for auto-proxying)
11:26:08.998 物流专线项目 [main] INFO  o.s.c.s.PostProcessorRegistrationDelegate$BeanPostProcessorChecker - Bean 'roleMapper' of type [org.mybatis.spring.mapper.MapperFactoryBean] is not eligible for getting processed by all BeanPostProcessors (for example: not eligible for auto-proxying)
11:26:08.999 物流专线项目 [main] INFO  o.s.c.s.PostProcessorRegistrationDelegate$BeanPostProcessorChecker - Bean 'roleMapper' of type [com.sun.proxy.$Proxy75] is not eligible for getting processed by all BeanPostProcessors (for example: not eligible for auto-proxying)
11:26:09.000 物流专线项目 [main] INFO  o.s.c.s.PostProcessorRegistrationDelegate$BeanPostProcessorChecker - Bean 'roleServiceImp' of type [com.select.wuliu.service.impl.RoleServiceImp] is not eligible for getting processed by all BeanPostProcessors (for example: not eligible for auto-proxying)
11:26:09.001 物流专线项目 [main] INFO  o.s.c.s.PostProcessorRegistrationDelegate$BeanPostProcessorChecker - Bean 'myShiroRealm' of type [com.select.wuliu.shiro.MyShiroRealm] is not eligible for getting processed by all BeanPostProcessors (for example: not eligible for auto-proxying)
11:26:09.009 物流专线项目 [main] INFO  o.s.c.s.PostProcessorRegistrationDelegate$BeanPostProcessorChecker - Bean 'rememberMeCookie' of type [org.apache.shiro.web.servlet.SimpleCookie] is not eligible for getting processed by all BeanPostProcessors (for example: not eligible for auto-proxying)
11:26:09.017 物流专线项目 [main] INFO  o.s.c.s.PostProcessorRegistrationDelegate$BeanPostProcessorChecker - Bean 'rememberMeManager' of type [org.apache.shiro.web.mgt.CookieRememberMeManager] is not eligible for getting processed by all BeanPostProcessors (for example: not eligible for auto-proxying)
11:26:09.043 物流专线项目 [main] INFO  o.s.c.s.PostProcessorRegistrationDelegate$BeanPostProcessorChecker - Bean 'securityManager' of type [org.apache.shiro.web.mgt.DefaultWebSecurityManager] is not eligible for getting processed by all BeanPostProcessors (for example: not eligible for auto-proxying)
11:26:09.055 物流专线项目 [main] INFO  c.s.wuliu.shiro.ShiroConfiguration - ---Shiro拦截器工厂类注入成功---
11:26:10.249 物流专线项目 [main] INFO  o.s.s.c.ThreadPoolTaskScheduler - Initializing ExecutorService 'taskScheduler'
11:26:11.648 物流专线项目 [main] INFO  o.s.s.c.ThreadPoolTaskExecutor - Initializing ExecutorService 'applicationTaskExecutor'
11:26:11.880 物流专线项目 [main] INFO  com.select.wuliu.shiro.WebAppConfig - imagesPath=file:/D:/img/
11:26:12.082 物流专线项目 [main] INFO  o.s.b.a.w.s.WelcomePageHandlerMapping - Adding welcome page template: index
11:26:12.785 物流专线项目 [main] INFO  com.select.wuliu.DataSourceTestCase - Started DataSourceTestCase in 9.14 seconds (JVM running for 10.52)
11:26:13.256 物流专线项目 [main] INFO  com.zaxxer.hikari.HikariDataSource - m_56114_com - Starting...
11:26:30.322 物流专线项目 [main] INFO  com.zaxxer.hikari.HikariDataSource - m_56114_com - Start completed.
11:26:30.347 物流专线项目 [Thread-2] INFO  o.s.s.c.ThreadPoolTaskExecutor - Shutting down ExecutorService 'applicationTaskExecutor'
11:26:30.350 物流专线项目 [Thread-2] INFO  o.s.s.c.ThreadPoolTaskScheduler - Shutting down ExecutorService 'taskScheduler'
11:26:30.386 物流专线项目 [Thread-2] INFO  com.zaxxer.hikari.HikariDataSource - m_56114_com - Shutdown initiated...
11:26:30.391 物流专线项目 [Thread-2] INFO  com.zaxxer.hikari.HikariDataSource - m_56114_com - Shutdown completed.
11:27:21.987 物流专线项目 [http-nio-8080-exec-1] INFO  o.a.tomcat.util.http.parser.Cookie - A cookie header was received [1563756049,1565591883; user=d23e10a4-ecfb-4675-a666-22924e3f5bc4; rememberMe=CPBCKAu0C0sX/fMJFXj4nldEBESdcMwq6b/Z4tFKXm2TwceyFGpW0AUpWLXVwsfzGBXrfTHiDSHLnLkSEHDSQPYnBDU4WrzZc96MZbS9UlWVtfp8tvuuo/nOJ0njWzwC7HO9/VRABZTu0v49w7rAWRjJlNdDekfAvcr742RSM6XzQ4QNdHZC1o0hIt2uSTyxBRx6FyH+9OLY8dVFZC6i5Gf3E1aSYtHwFt6Y3I6pxn3eNXJs/43diBDVmVbkcBqf7vgI3h6Ejb6JshzBwbcTtSnKNiajXJhEd/gQ6NtmfWVeYSpYOm/tsvQlhSTu9dk0leA3EIQVUyEE3gI9N/+v72cLlI+Mzt3+2B5Wv1uNU8oAUAGU8/A1NIq6gjMMPaHzEoSV2DPOpz7hLxWhDMYXJzlVfVhKzjmWolRr/rZI2QSdfO9ujrPkT+NclfUvVk1ehBF+I5l1cIxcvJp46hxSLNdHzoqFH5OTK26CqwfgH7RPPE8BU6gQdN6L4WXqLargpSJ/7nZVibkIslt4ApCqH9aPIuHJu/ygnl7mgRVRQho=; JSESSIONID=21913CEAAB662A547028704D6C2DB20F; Hm_lpvt_080836300300be57b7f34f4b3e97d911=1565742368] that contained an invalid cookie. That cookie will be ignored.
 Note: further occurrences of this error will be logged at DEBUG level.
11:27:22.004 物流专线项目 [http-nio-8080-exec-1] INFO  o.a.c.c.C.[Tomcat].[localhost].[/] - Initializing Spring DispatcherServlet 'dispatcherServlet'
11:27:22.004 物流专线项目 [http-nio-8080-exec-1] INFO  o.s.web.servlet.DispatcherServlet - Initializing Servlet 'dispatcherServlet'
11:27:22.025 物流专线项目 [http-nio-8080-exec-1] INFO  o.s.web.servlet.DispatcherServlet - Completed initialization in 21 ms
11:27:22.247 物流专线项目 [http-nio-8080-exec-1] INFO  com.zaxxer.hikari.HikariDataSource - m_56114_com - Starting...
11:27:39.342 物流专线项目 [http-nio-8080-exec-1] INFO  com.zaxxer.hikari.HikariDataSource - m_56114_com - Start completed.
11:27:39.784 物流专线项目 [http-nio-8080-exec-1] INFO  io.lettuce.core.EpollProvider - Starting without optional epoll library
11:27:39.786 物流专线项目 [http-nio-8080-exec-1] INFO  io.lettuce.core.KqueueProvider - Starting without optional kqueue library
14:37:45.458 物流专线项目 [main] INFO  com.select.wuliu.WuliuApplication - Starting WuliuApplication on PS-02 with PID 17476 (started by Admin in D:\开发工具\tts9\tts9\workspace\wuliu)
14:37:45.464 物流专线项目 [main] INFO  com.select.wuliu.WuliuApplication - No active profile set, falling back to default profiles: default
14:37:47.379 物流专线项目 [main] INFO  o.s.d.r.c.RepositoryConfigurationDelegate - Multiple Spring Data modules found, entering strict repository configuration mode!
14:37:47.384 物流专线项目 [main] INFO  o.s.d.r.c.RepositoryConfigurationDelegate - Bootstrapping Spring Data repositories in DEFAULT mode.
14:37:47.500 物流专线项目 [main] INFO  o.s.d.r.c.RepositoryConfigurationDelegate - Finished Spring Data repository scanning in 88ms. Found 0 repository interfaces.
14:37:48.181 物流专线项目 [main] INFO  o.s.c.s.PostProcessorRegistrationDelegate$BeanPostProcessorChecker - Bean 'shiroConfiguration' of type [com.select.wuliu.shiro.ShiroConfiguration$$EnhancerBySpringCGLIB$$7941620b] is not eligible for getting processed by all BeanPostProcessors (for example: not eligible for auto-proxying)
14:37:48.199 物流专线项目 [main] INFO  o.s.c.s.PostProcessorRegistrationDelegate$BeanPostProcessorChecker - Bean 'redisConfig' of type [com.select.wuliu.redis.RedisConfig$$EnhancerBySpringCGLIB$$4f4401c1] is not eligible for getting processed by all BeanPostProcessors (for example: not eligible for auto-proxying)
14:37:48.221 物流专线项目 [main] INFO  o.s.c.s.PostProcessorRegistrationDelegate$BeanPostProcessorChecker - Bean 'org.springframework.transaction.annotation.ProxyTransactionManagementConfiguration' of type [org.springframework.transaction.annotation.ProxyTransactionManagementConfiguration$$EnhancerBySpringCGLIB$$c4880b8b] is not eligible for getting processed by all BeanPostProcessors (for example: not eligible for auto-proxying)
14:37:50.380 物流专线项目 [main] INFO  o.s.c.s.PostProcessorRegistrationDelegate$BeanPostProcessorChecker - Bean 'mybatis-org.mybatis.spring.boot.autoconfigure.MybatisProperties' of type [org.mybatis.spring.boot.autoconfigure.MybatisProperties] is not eligible for getting processed by all BeanPostProcessors (for example: not eligible for auto-proxying)
14:37:50.387 物流专线项目 [main] INFO  o.s.c.s.PostProcessorRegistrationDelegate$BeanPostProcessorChecker - Bean 'org.mybatis.spring.boot.autoconfigure.MybatisAutoConfiguration' of type [org.mybatis.spring.boot.autoconfigure.MybatisAutoConfiguration$$EnhancerBySpringCGLIB$$f75c5cbb] is not eligible for getting processed by all BeanPostProcessors (for example: not eligible for auto-proxying)
14:37:50.392 物流专线项目 [main] INFO  o.s.c.s.PostProcessorRegistrationDelegate$BeanPostProcessorChecker - Bean 'org.springframework.boot.autoconfigure.jdbc.DataSourceConfiguration$Hikari' of type [org.springframework.boot.autoconfigure.jdbc.DataSourceConfiguration$Hikari] is not eligible for getting processed by all BeanPostProcessors (for example: not eligible for auto-proxying)
14:37:50.411 物流专线项目 [main] INFO  o.s.c.s.PostProcessorRegistrationDelegate$BeanPostProcessorChecker - Bean 'spring.datasource-org.springframework.boot.autoconfigure.jdbc.DataSourceProperties' of type [org.springframework.boot.autoconfigure.jdbc.DataSourceProperties] is not eligible for getting processed by all BeanPostProcessors (for example: not eligible for auto-proxying)
14:37:50.503 物流专线项目 [main] INFO  o.s.c.s.PostProcessorRegistrationDelegate$BeanPostProcessorChecker - Bean 'dataSource' of type [com.zaxxer.hikari.HikariDataSource] is not eligible for getting processed by all BeanPostProcessors (for example: not eligible for auto-proxying)
14:37:50.598 物流专线项目 [main] INFO  o.s.c.s.PostProcessorRegistrationDelegate$BeanPostProcessorChecker - Bean 'org.springframework.boot.autoconfigure.jdbc.DataSourceInitializerInvoker' of type [org.springframework.boot.autoconfigure.jdbc.DataSourceInitializerInvoker] is not eligible for getting processed by all BeanPostProcessors (for example: not eligible for auto-proxying)
14:37:51.114 物流专线项目 [main] INFO  o.s.c.s.PostProcessorRegistrationDelegate$BeanPostProcessorChecker - Bean 'sqlSessionFactory' of type [org.apache.ibatis.session.defaults.DefaultSqlSessionFactory] is not eligible for getting processed by all BeanPostProcessors (for example: not eligible for auto-proxying)
14:37:51.125 物流专线项目 [main] INFO  o.s.c.s.PostProcessorRegistrationDelegate$BeanPostProcessorChecker - Bean 'sqlSessionTemplate' of type [org.mybatis.spring.SqlSessionTemplate] is not eligible for getting processed by all BeanPostProcessors (for example: not eligible for auto-proxying)
14:37:51.128 物流专线项目 [main] INFO  o.s.c.s.PostProcessorRegistrationDelegate$BeanPostProcessorChecker - Bean 'userMapper' of type [org.mybatis.spring.mapper.MapperFactoryBean] is not eligible for getting processed by all BeanPostProcessors (for example: not eligible for auto-proxying)
14:37:51.131 物流专线项目 [main] INFO  o.s.c.s.PostProcessorRegistrationDelegate$BeanPostProcessorChecker - Bean 'userMapper' of type [com.sun.proxy.$Proxy56] is not eligible for getting processed by all BeanPostProcessors (for example: not eligible for auto-proxying)
14:37:51.133 物流专线项目 [main] INFO  o.s.c.s.PostProcessorRegistrationDelegate$BeanPostProcessorChecker - Bean 'userServiceImp' of type [com.select.wuliu.service.impl.UserServiceImp] is not eligible for getting processed by all BeanPostProcessors (for example: not eligible for auto-proxying)
14:37:51.139 物流专线项目 [main] INFO  o.s.c.s.PostProcessorRegistrationDelegate$BeanPostProcessorChecker - Bean 'roleMapper' of type [org.mybatis.spring.mapper.MapperFactoryBean] is not eligible for getting processed by all BeanPostProcessors (for example: not eligible for auto-proxying)
14:37:51.140 物流专线项目 [main] INFO  o.s.c.s.PostProcessorRegistrationDelegate$BeanPostProcessorChecker - Bean 'roleMapper' of type [com.sun.proxy.$Proxy59] is not eligible for getting processed by all BeanPostProcessors (for example: not eligible for auto-proxying)
14:37:51.141 物流专线项目 [main] INFO  o.s.c.s.PostProcessorRegistrationDelegate$BeanPostProcessorChecker - Bean 'roleServiceImp' of type [com.select.wuliu.service.impl.RoleServiceImp] is not eligible for getting processed by all BeanPostProcessors (for example: not eligible for auto-proxying)
14:37:51.142 物流专线项目 [main] INFO  o.s.c.s.PostProcessorRegistrationDelegate$BeanPostProcessorChecker - Bean 'myShiroRealm' of type [com.select.wuliu.shiro.MyShiroRealm] is not eligible for getting processed by all BeanPostProcessors (for example: not eligible for auto-proxying)
14:37:51.152 物流专线项目 [main] INFO  o.s.c.s.PostProcessorRegistrationDelegate$BeanPostProcessorChecker - Bean 'rememberMeCookie' of type [org.apache.shiro.web.servlet.SimpleCookie] is not eligible for getting processed by all BeanPostProcessors (for example: not eligible for auto-proxying)
14:37:51.158 物流专线项目 [main] INFO  o.s.c.s.PostProcessorRegistrationDelegate$BeanPostProcessorChecker - Bean 'rememberMeManager' of type [org.apache.shiro.web.mgt.CookieRememberMeManager] is not eligible for getting processed by all BeanPostProcessors (for example: not eligible for auto-proxying)
14:37:51.161 物流专线项目 [main] INFO  o.s.c.s.PostProcessorRegistrationDelegate$BeanPostProcessorChecker - Bean 'securityManager' of type [org.apache.shiro.web.mgt.DefaultWebSecurityManager] is not eligible for getting processed by all BeanPostProcessors (for example: not eligible for auto-proxying)
14:37:51.169 物流专线项目 [main] INFO  c.s.wuliu.shiro.ShiroConfiguration - ---Shiro拦截器工厂类注入成功---
14:37:51.803 物流专线项目 [main] INFO  o.s.b.w.e.tomcat.TomcatWebServer - Tomcat initialized with port(s): 8080 (http)
14:37:51.826 物流专线项目 [main] INFO  o.a.coyote.http11.Http11NioProtocol - Initializing ProtocolHandler ["http-nio-8080"]
14:37:51.845 物流专线项目 [main] INFO  o.a.catalina.core.StandardService - Starting service [Tomcat]
14:37:51.845 物流专线项目 [main] INFO  o.a.catalina.core.StandardEngine - Starting Servlet engine: [Apache Tomcat/9.0.16]
14:37:51.860 物流专线项目 [main] INFO  o.a.c.core.AprLifecycleListener - An older version [1.2.14] of the APR based Apache Tomcat Native library is installed, while Tomcat recommends a minimum version of [1.2.21]
14:37:51.860 物流专线项目 [main] INFO  o.a.c.core.AprLifecycleListener - Loaded APR based Apache Tomcat Native library [1.2.14] using APR version [1.6.2].
14:37:51.860 物流专线项目 [main] INFO  o.a.c.core.AprLifecycleListener - APR capabilities: IPv6 [true], sendfile [true], accept filters [false], random [true].
14:37:51.861 物流专线项目 [main] INFO  o.a.c.core.AprLifecycleListener - APR/OpenSSL configuration: useAprConnector [false], useOpenSSL [true]
14:37:52.933 物流专线项目 [main] INFO  o.a.c.core.AprLifecycleListener - OpenSSL successfully initialized [OpenSSL 1.0.2l  25 May 2017]
14:37:53.208 物流专线项目 [main] INFO  o.a.c.c.C.[Tomcat].[localhost].[/] - Initializing Spring embedded WebApplicationContext
14:37:53.208 物流专线项目 [main] INFO  o.s.web.context.ContextLoader - Root WebApplicationContext: initialization completed in 7541 ms
14:37:54.179 物流专线项目 [main] INFO  o.s.s.c.ThreadPoolTaskScheduler - Initializing ExecutorService 'taskScheduler'
14:37:54.654 物流专线项目 [main] INFO  o.s.s.c.ThreadPoolTaskExecutor - Initializing ExecutorService 'applicationTaskExecutor'
14:37:54.909 物流专线项目 [main] INFO  com.select.wuliu.shiro.WebAppConfig - imagesPath=file:/D:/img/
14:37:55.054 物流专线项目 [main] INFO  o.s.b.a.w.s.WelcomePageHandlerMapping - Adding welcome page template: index
14:37:55.590 物流专线项目 [main] INFO  o.a.coyote.http11.Http11NioProtocol - Starting ProtocolHandler ["http-nio-8080"]
14:37:55.682 物流专线项目 [main] INFO  o.s.b.w.e.tomcat.TomcatWebServer - Tomcat started on port(s): 8080 (http) with context path ''
14:37:55.688 物流专线项目 [main] INFO  com.select.wuliu.WuliuApplication - Started WuliuApplication in 11.136 seconds (JVM running for 11.878)
14:38:06.996 物流专线项目 [http-nio-8080-exec-1] INFO  o.a.tomcat.util.http.parser.Cookie - A cookie header was received [1563756049,1565591883; user=d23e10a4-ecfb-4675-a666-22924e3f5bc4; rememberMe=CPBCKAu0C0sX/fMJFXj4nldEBESdcMwq6b/Z4tFKXm2TwceyFGpW0AUpWLXVwsfzGBXrfTHiDSHLnLkSEHDSQPYnBDU4WrzZc96MZbS9UlWVtfp8tvuuo/nOJ0njWzwC7HO9/VRABZTu0v49w7rAWRjJlNdDekfAvcr742RSM6XzQ4QNdHZC1o0hIt2uSTyxBRx6FyH+9OLY8dVFZC6i5Gf3E1aSYtHwFt6Y3I6pxn3eNXJs/43diBDVmVbkcBqf7vgI3h6Ejb6JshzBwbcTtSnKNiajXJhEd/gQ6NtmfWVeYSpYOm/tsvQlhSTu9dk0leA3EIQVUyEE3gI9N/+v72cLlI+Mzt3+2B5Wv1uNU8oAUAGU8/A1NIq6gjMMPaHzEoSV2DPOpz7hLxWhDMYXJzlVfVhKzjmWolRr/rZI2QSdfO9ujrPkT+NclfUvVk1ehBF+I5l1cIxcvJp46hxSLNdHzoqFH5OTK26CqwfgH7RPPE8BU6gQdN6L4WXqLargpSJ/7nZVibkIslt4ApCqH9aPIuHJu/ygnl7mgRVRQho=; JSESSIONID=0BD3BB762E3802AABDCCD39A98F7833F; Hm_lpvt_080836300300be57b7f34f4b3e97d911=1565763047] that contained an invalid cookie. That cookie will be ignored.
 Note: further occurrences of this error will be logged at DEBUG level.
14:38:07.013 物流专线项目 [http-nio-8080-exec-1] INFO  o.a.c.c.C.[Tomcat].[localhost].[/] - Initializing Spring DispatcherServlet 'dispatcherServlet'
14:38:07.013 物流专线项目 [http-nio-8080-exec-1] INFO  o.s.web.servlet.DispatcherServlet - Initializing Servlet 'dispatcherServlet'
14:38:07.035 物流专线项目 [http-nio-8080-exec-1] INFO  o.s.web.servlet.DispatcherServlet - Completed initialization in 21 ms
14:38:07.207 物流专线项目 [http-nio-8080-exec-1] INFO  com.zaxxer.hikari.HikariDataSource - m_56114_com - Starting...
14:38:08.185 物流专线项目 [http-nio-8080-exec-1] INFO  com.zaxxer.hikari.HikariDataSource - m_56114_com - Start completed.
14:38:08.622 物流专线项目 [http-nio-8080-exec-1] INFO  io.lettuce.core.EpollProvider - Starting without optional epoll library
14:38:08.624 物流专线项目 [http-nio-8080-exec-1] INFO  io.lettuce.core.KqueueProvider - Starting without optional kqueue library
