11:26:04.195 物流专线项目 [main] WARN  o.s.b.t.j.DuplicateJsonObjectContextCustomizerFactory$DuplicateJsonObjectContextCustomizer - 

Found multiple occurrences of org.json.JSONObject on the class path:

	jar:file:/D:/tts9/repository/org/json/json/20140107/json-20140107.jar!/org/json/JSONObject.class
	jar:file:/D:/tts9/repository/com/vaadin/external/google/android-json/0.0.20131108.vaadin1/android-json-0.0.20131108.vaadin1.jar!/org/json/JSONObject.class

You may wish to exclude one of them to ensure predictable runtime behavior

14:01:11.793 物流专线项目 [http-nio-8080-exec-6] WARN  com.zaxxer.hikari.pool.PoolBase - m_56114_com - Failed to validate connection com.mysql.cj.jdbc.ConnectionImpl@68605928 (No operations allowed after connection closed.). Possibly consider using a shorter maxLifetime value.
14:01:16.800 物流专线项目 [http-nio-8080-exec-6] WARN  com.zaxxer.hikari.pool.PoolBase - m_56114_com - Failed to validate connection com.mysql.cj.jdbc.ConnectionImpl@5fae34fe (No operations allowed after connection closed.). Possibly consider using a shorter maxLifetime value.
14:01:21.801 物流专线项目 [http-nio-8080-exec-6] WARN  com.zaxxer.hikari.pool.PoolBase - m_56114_com - Failed to validate connection com.mysql.cj.jdbc.ConnectionImpl@b6346d6 (No operations allowed after connection closed.). Possibly consider using a shorter maxLifetime value.
14:01:24.278 物流专线项目 [http-nio-8080-exec-8] WARN  com.zaxxer.hikari.pool.PoolBase - m_56114_com - Failed to validate connection com.mysql.cj.jdbc.ConnectionImpl@37ca032b (No operations allowed after connection closed.). Possibly consider using a shorter maxLifetime value.
14:01:26.805 物流专线项目 [http-nio-8080-exec-6] WARN  com.zaxxer.hikari.pool.PoolBase - m_56114_com - Failed to validate connection com.mysql.cj.jdbc.ConnectionImpl@22c11778 (No operations allowed after connection closed.). Possibly consider using a shorter maxLifetime value.
14:01:28.329 物流专线项目 [http-nio-8080-exec-3] WARN  com.zaxxer.hikari.pool.PoolBase - m_56114_com - Failed to validate connection com.mysql.cj.jdbc.ConnectionImpl@48b9422a (No operations allowed after connection closed.). Possibly consider using a shorter maxLifetime value.
14:01:29.279 物流专线项目 [http-nio-8080-exec-8] WARN  com.zaxxer.hikari.pool.PoolBase - m_56114_com - Failed to validate connection com.mysql.cj.jdbc.ConnectionImpl@781ee6c4 (No operations allowed after connection closed.). Possibly consider using a shorter maxLifetime value.
14:01:30.978 物流专线项目 [http-nio-8080-exec-1] WARN  com.zaxxer.hikari.pool.PoolBase - m_56114_com - Failed to validate connection com.mysql.cj.jdbc.ConnectionImpl@56454019 (No operations allowed after connection closed.). Possibly consider using a shorter maxLifetime value.
14:01:31.807 物流专线项目 [http-nio-8080-exec-6] WARN  com.zaxxer.hikari.pool.PoolBase - m_56114_com - Failed to validate connection com.mysql.cj.jdbc.ConnectionImpl@c66de1a (No operations allowed after connection closed.). Possibly consider using a shorter maxLifetime value.
14:01:33.332 物流专线项目 [http-nio-8080-exec-3] WARN  com.zaxxer.hikari.pool.PoolBase - m_56114_com - Failed to validate connection com.mysql.cj.jdbc.ConnectionImpl@4feafd61 (No operations allowed after connection closed.). Possibly consider using a shorter maxLifetime value.
14:09:51.309 物流专线项目 [http-nio-8080-exec-7] WARN  com.zaxxer.hikari.pool.PoolBase - m_56114_com - Failed to validate connection com.mysql.cj.jdbc.ConnectionImpl@56ccb0e1 (No operations allowed after connection closed.). Possibly consider using a shorter maxLifetime value.
14:09:56.314 物流专线项目 [http-nio-8080-exec-7] WARN  com.zaxxer.hikari.pool.PoolBase - m_56114_com - Failed to validate connection com.mysql.cj.jdbc.ConnectionImpl@1892885d (No operations allowed after connection closed.). Possibly consider using a shorter maxLifetime value.
14:10:01.317 物流专线项目 [http-nio-8080-exec-7] WARN  com.zaxxer.hikari.pool.PoolBase - m_56114_com - Failed to validate connection com.mysql.cj.jdbc.ConnectionImpl@598e1028 (No operations allowed after connection closed.). Possibly consider using a shorter maxLifetime value.
14:10:06.320 物流专线项目 [http-nio-8080-exec-7] WARN  com.zaxxer.hikari.pool.PoolBase - m_56114_com - Failed to validate connection com.mysql.cj.jdbc.ConnectionImpl@6fd32be4 (No operations allowed after connection closed.). Possibly consider using a shorter maxLifetime value.
14:10:11.321 物流专线项目 [http-nio-8080-exec-7] WARN  com.zaxxer.hikari.pool.PoolBase - m_56114_com - Failed to validate connection com.mysql.cj.jdbc.ConnectionImpl@1b2ffe9e (No operations allowed after connection closed.). Possibly consider using a shorter maxLifetime value.
14:10:16.326 物流专线项目 [http-nio-8080-exec-7] WARN  com.zaxxer.hikari.pool.PoolBase - m_56114_com - Failed to validate connection com.mysql.cj.jdbc.ConnectionImpl@db33a8c (No operations allowed after connection closed.). Possibly consider using a shorter maxLifetime value.
14:10:18.887 物流专线项目 [http-nio-8080-exec-8] WARN  com.zaxxer.hikari.pool.PoolBase - m_56114_com - Failed to validate connection com.mysql.cj.jdbc.ConnectionImpl@45a0721d (No operations allowed after connection closed.). Possibly consider using a shorter maxLifetime value.
14:10:19.862 物流专线项目 [http-nio-8080-exec-6] WARN  com.zaxxer.hikari.pool.PoolBase - m_56114_com - Failed to validate connection com.mysql.cj.jdbc.ConnectionImpl@4ce65eb1 (No operations allowed after connection closed.). Possibly consider using a shorter maxLifetime value.
14:10:22.429 物流专线项目 [http-nio-8080-exec-1] WARN  com.zaxxer.hikari.pool.PoolBase - m_56114_com - Failed to validate connection com.mysql.cj.jdbc.ConnectionImpl@31e09d9c (No operations allowed after connection closed.). Possibly consider using a shorter maxLifetime value.
14:10:23.889 物流专线项目 [http-nio-8080-exec-8] WARN  com.zaxxer.hikari.pool.PoolBase - m_56114_com - Failed to validate connection com.mysql.cj.jdbc.ConnectionImpl@58c0cd55 (No operations allowed after connection closed.). Possibly consider using a shorter maxLifetime value.
14:27:26.686 物流专线项目 [http-nio-8080-exec-8] WARN  com.zaxxer.hikari.pool.PoolBase - m_56114_com - Failed to validate connection com.mysql.cj.jdbc.ConnectionImpl@50b32d90 (No operations allowed after connection closed.). Possibly consider using a shorter maxLifetime value.
14:27:31.690 物流专线项目 [http-nio-8080-exec-8] WARN  com.zaxxer.hikari.pool.PoolBase - m_56114_com - Failed to validate connection com.mysql.cj.jdbc.ConnectionImpl@548c5ff1 (No operations allowed after connection closed.). Possibly consider using a shorter maxLifetime value.
14:27:36.695 物流专线项目 [http-nio-8080-exec-8] WARN  com.zaxxer.hikari.pool.PoolBase - m_56114_com - Failed to validate connection com.mysql.cj.jdbc.ConnectionImpl@1e6eda1b (No operations allowed after connection closed.). Possibly consider using a shorter maxLifetime value.
14:27:41.700 物流专线项目 [http-nio-8080-exec-8] WARN  com.zaxxer.hikari.pool.PoolBase - m_56114_com - Failed to validate connection com.mysql.cj.jdbc.ConnectionImpl@664bb851 (No operations allowed after connection closed.). Possibly consider using a shorter maxLifetime value.
14:27:46.704 物流专线项目 [http-nio-8080-exec-8] WARN  com.zaxxer.hikari.pool.PoolBase - m_56114_com - Failed to validate connection com.mysql.cj.jdbc.ConnectionImpl@1c611224 (No operations allowed after connection closed.). Possibly consider using a shorter maxLifetime value.
14:27:51.708 物流专线项目 [http-nio-8080-exec-8] WARN  com.zaxxer.hikari.pool.PoolBase - m_56114_com - Failed to validate connection com.mysql.cj.jdbc.ConnectionImpl@7ce3496 (No operations allowed after connection closed.). Possibly consider using a shorter maxLifetime value.
14:27:55.581 物流专线项目 [http-nio-8080-exec-7] WARN  com.zaxxer.hikari.pool.PoolBase - m_56114_com - Failed to validate connection com.mysql.cj.jdbc.ConnectionImpl@7ce2ca3c (No operations allowed after connection closed.). Possibly consider using a shorter maxLifetime value.
14:28:00.584 物流专线项目 [http-nio-8080-exec-7] WARN  com.zaxxer.hikari.pool.PoolBase - m_56114_com - Failed to validate connection com.mysql.cj.jdbc.ConnectionImpl@5b16db01 (No operations allowed after connection closed.). Possibly consider using a shorter maxLifetime value.
14:28:05.587 物流专线项目 [http-nio-8080-exec-7] WARN  com.zaxxer.hikari.pool.PoolBase - m_56114_com - Failed to validate connection com.mysql.cj.jdbc.ConnectionImpl@627f9bdc (No operations allowed after connection closed.). Possibly consider using a shorter maxLifetime value.
14:28:10.591 物流专线项目 [http-nio-8080-exec-7] WARN  com.zaxxer.hikari.pool.PoolBase - m_56114_com - Failed to validate connection com.mysql.cj.jdbc.ConnectionImpl@65050253 (No operations allowed after connection closed.). Possibly consider using a shorter maxLifetime value.
14:51:55.628 物流专线项目 [http-nio-8080-exec-9] WARN  com.zaxxer.hikari.pool.PoolBase - m_56114_com - Failed to validate connection com.mysql.cj.jdbc.ConnectionImpl@adffd44 (No operations allowed after connection closed.). Possibly consider using a shorter maxLifetime value.
14:52:00.631 物流专线项目 [http-nio-8080-exec-9] WARN  com.zaxxer.hikari.pool.PoolBase - m_56114_com - Failed to validate connection com.mysql.cj.jdbc.ConnectionImpl@3594649a (No operations allowed after connection closed.). Possibly consider using a shorter maxLifetime value.
14:52:05.635 物流专线项目 [http-nio-8080-exec-9] WARN  com.zaxxer.hikari.pool.PoolBase - m_56114_com - Failed to validate connection com.mysql.cj.jdbc.ConnectionImpl@40549ab1 (No operations allowed after connection closed.). Possibly consider using a shorter maxLifetime value.
14:52:07.577 物流专线项目 [http-nio-8080-exec-5] WARN  com.zaxxer.hikari.pool.PoolBase - m_56114_com - Failed to validate connection com.mysql.cj.jdbc.ConnectionImpl@403eacdd (No operations allowed after connection closed.). Possibly consider using a shorter maxLifetime value.
14:52:10.217 物流专线项目 [http-nio-8080-exec-7] WARN  com.zaxxer.hikari.pool.PoolBase - m_56114_com - Failed to validate connection com.mysql.cj.jdbc.ConnectionImpl@4e9719c3 (No operations allowed after connection closed.). Possibly consider using a shorter maxLifetime value.
14:52:10.639 物流专线项目 [http-nio-8080-exec-9] WARN  com.zaxxer.hikari.pool.PoolBase - m_56114_com - Failed to validate connection com.mysql.cj.jdbc.ConnectionImpl@761963bc (No operations allowed after connection closed.). Possibly consider using a shorter maxLifetime value.
14:52:12.579 物流专线项目 [http-nio-8080-exec-5] WARN  com.zaxxer.hikari.pool.PoolBase - m_56114_com - Failed to validate connection com.mysql.cj.jdbc.ConnectionImpl@3150f4a2 (No operations allowed after connection closed.). Possibly consider using a shorter maxLifetime value.
14:52:15.219 物流专线项目 [http-nio-8080-exec-7] WARN  com.zaxxer.hikari.pool.PoolBase - m_56114_com - Failed to validate connection com.mysql.cj.jdbc.ConnectionImpl@5f3c5da2 (No operations allowed after connection closed.). Possibly consider using a shorter maxLifetime value.
14:52:15.642 物流专线项目 [http-nio-8080-exec-9] WARN  com.zaxxer.hikari.pool.PoolBase - m_56114_com - Failed to validate connection com.mysql.cj.jdbc.ConnectionImpl@60bf7951 (No operations allowed after connection closed.). Possibly consider using a shorter maxLifetime value.
14:52:17.581 物流专线项目 [http-nio-8080-exec-5] WARN  com.zaxxer.hikari.pool.PoolBase - m_56114_com - Failed to validate connection com.mysql.cj.jdbc.ConnectionImpl@135bba82 (No operations allowed after connection closed.). Possibly consider using a shorter maxLifetime value.
15:03:57.799 物流专线项目 [http-nio-8080-exec-1] WARN  com.zaxxer.hikari.pool.PoolBase - m_56114_com - Failed to validate connection com.mysql.cj.jdbc.ConnectionImpl@438a5e18 (No operations allowed after connection closed.). Possibly consider using a shorter maxLifetime value.
15:03:59.481 物流专线项目 [http-nio-8080-exec-8] WARN  com.zaxxer.hikari.pool.PoolBase - m_56114_com - Failed to validate connection com.mysql.cj.jdbc.ConnectionImpl@62ae0598 (No operations allowed after connection closed.). Possibly consider using a shorter maxLifetime value.
15:04:00.880 物流专线项目 [http-nio-8080-exec-7] WARN  com.zaxxer.hikari.pool.PoolBase - m_56114_com - Failed to validate connection com.mysql.cj.jdbc.ConnectionImpl@17209d13 (No operations allowed after connection closed.). Possibly consider using a shorter maxLifetime value.
15:04:01.143 物流专线项目 [http-nio-8080-exec-9] WARN  com.zaxxer.hikari.pool.PoolBase - m_56114_com - Failed to validate connection com.mysql.cj.jdbc.ConnectionImpl@c30d111 (No operations allowed after connection closed.). Possibly consider using a shorter maxLifetime value.
15:04:01.345 物流专线项目 [http-nio-8080-exec-2] WARN  com.zaxxer.hikari.pool.PoolBase - m_56114_com - Failed to validate connection com.mysql.cj.jdbc.ConnectionImpl@104b3c1e (No operations allowed after connection closed.). Possibly consider using a shorter maxLifetime value.
15:04:02.804 物流专线项目 [http-nio-8080-exec-1] WARN  com.zaxxer.hikari.pool.PoolBase - m_56114_com - Failed to validate connection com.mysql.cj.jdbc.ConnectionImpl@4008b5d (No operations allowed after connection closed.). Possibly consider using a shorter maxLifetime value.
15:04:04.483 物流专线项目 [http-nio-8080-exec-8] WARN  com.zaxxer.hikari.pool.PoolBase - m_56114_com - Failed to validate connection com.mysql.cj.jdbc.ConnectionImpl@12174974 (No operations allowed after connection closed.). Possibly consider using a shorter maxLifetime value.
15:04:05.884 物流专线项目 [http-nio-8080-exec-7] WARN  com.zaxxer.hikari.pool.PoolBase - m_56114_com - Failed to validate connection com.mysql.cj.jdbc.ConnectionImpl@aafdcf8 (No operations allowed after connection closed.). Possibly consider using a shorter maxLifetime value.
15:04:06.145 物流专线项目 [http-nio-8080-exec-9] WARN  com.zaxxer.hikari.pool.PoolBase - m_56114_com - Failed to validate connection com.mysql.cj.jdbc.ConnectionImpl@2f1c155f (No operations allowed after connection closed.). Possibly consider using a shorter maxLifetime value.
15:04:06.350 物流专线项目 [http-nio-8080-exec-2] WARN  com.zaxxer.hikari.pool.PoolBase - m_56114_com - Failed to validate connection com.mysql.cj.jdbc.ConnectionImpl@72578525 (No operations allowed after connection closed.). Possibly consider using a shorter maxLifetime value.
